2023-04-30 15:54:25,857 [INFO] NvicIntPanel:101 - NVIC parent = com.st.microxplorer.plugins.ip.nvic.MultiNvicIntPanel[,0,0,452x168,layout=javax.swing.BoxLayout,alignmentX=0.0,alignmentY=0.0,border=,flags=9,maximumSize=,minimumSize=,preferredSize=]
2023-04-30 15:54:27,446 [INFO] NvicIntPanel:101 - NVIC parent = com.st.microxplorer.plugins.ip.nvic.MultiNvicIntPanel[,0,0,0x0,invalid,layout=javax.swing.BoxLayout,alignmentX=0.0,alignmentY=0.0,border=,flags=9,maximumSize=,minimumSize=,preferredSize=]
2023-04-30 15:54:29,864 [INFO] UtilMem:75 - End SaveConfig() Used Memory: 261553984 Bytes (765460480)
2023-04-30 15:54:31,429 [INFO] UtilMem:75 - End SaveConfig() Used Memory: 360053448 Bytes (765460480)
2023-04-30 15:54:32,548 [INFO] BlockDiagram:2759 - set Specific Code input for plugin: FREERTOS
2023-04-30 15:54:32,548 [INFO] BlockDiagram:2759 - set Specific Code input for plugin: SYS
2023-04-30 15:54:32,548 [INFO] BlockDiagram:2759 - set Specific Code input for plugin: RCC
2023-04-30 15:54:32,548 [INFO] BlockDiagram:2759 - set Specific Code input for plugin: NVIC
2023-04-30 15:54:32,549 [INFO] BlockDiagram:2759 - set Specific Code input for plugin: USART
2023-04-30 15:54:32,549 [INFO] BlockDiagram:2759 - set Specific Code input for plugin: GPIO
2023-04-30 15:54:32,551 [INFO] CodeGenerator:793 - code generatio: config db path: C:\ST\STM32CubeIDE_1.12.0\STM32CubeIDE\plugins\com.st.stm32cube.common.mx_6.8.1.202304191431\\db\
2023-04-30 15:54:33,693 [INFO] CodeEngine:255 - oldGeneratedFile, C:\Users\mehmet.sahin\Desktop\Video_Lectures\Embedded_Systems\FreeRTOS\FreeRTOS_Turkish_Lectures\ST_Workspace\017_FreeRTOS_BINARY_SEMAPHORE\MXTmpFiles\license.tmp_save
2023-04-30 15:54:34,932 [INFO] CodeEngine:279 - Generated code: C:\Users\mehmet.sahin\Desktop\Video_Lectures\Embedded_Systems\FreeRTOS\FreeRTOS_Turkish_Lectures\ST_Workspace\017_FreeRTOS_BINARY_SEMAPHORE\MXTmpFiles\license.tmp
2023-04-30 15:54:35,037 [INFO] CodeEngine:255 - oldGeneratedFile, C:\Users\mehmet.sahin\Desktop\Video_Lectures\Embedded_Systems\FreeRTOS\FreeRTOS_Turkish_Lectures\ST_Workspace\017_FreeRTOS_BINARY_SEMAPHORE\MXTmpFiles\gpio.tmp_save
2023-04-30 15:54:35,390 [INFO] CodeEngine:279 - Generated code: C:\Users\mehmet.sahin\Desktop\Video_Lectures\Embedded_Systems\FreeRTOS\FreeRTOS_Turkish_Lectures\ST_Workspace\017_FreeRTOS_BINARY_SEMAPHORE\MXTmpFiles\gpio.tmp
2023-04-30 15:54:35,566 [INFO] Middleware:1439 - No code input for Bsp Dependency
2023-04-30 15:54:35,614 [INFO] CodeEngine:255 - oldGeneratedFile, C:\Users\mehmet.sahin\Desktop\Video_Lectures\Embedded_Systems\FreeRTOS\FreeRTOS_Turkish_Lectures\ST_Workspace\017_FreeRTOS_BINARY_SEMAPHORE\MXTmpFiles\rtos_inc.tmp_save
2023-04-30 15:54:35,738 [INFO] CodeEngine:279 - Generated code: C:\Users\mehmet.sahin\Desktop\Video_Lectures\Embedded_Systems\FreeRTOS\FreeRTOS_Turkish_Lectures\ST_Workspace\017_FreeRTOS_BINARY_SEMAPHORE\MXTmpFiles\rtos_inc.tmp
2023-04-30 15:54:35,749 [INFO] CodeEngine:255 - oldGeneratedFile, C:\Users\mehmet.sahin\Desktop\Video_Lectures\Embedded_Systems\FreeRTOS\FreeRTOS_Turkish_Lectures\ST_Workspace\017_FreeRTOS_BINARY_SEMAPHORE\MXTmpFiles\rtos_kernelInit.tmp_save
2023-04-30 15:54:35,829 [INFO] CodeEngine:279 - Generated code: C:\Users\mehmet.sahin\Desktop\Video_Lectures\Embedded_Systems\FreeRTOS\FreeRTOS_Turkish_Lectures\ST_Workspace\017_FreeRTOS_BINARY_SEMAPHORE\MXTmpFiles\rtos_kernelInit.tmp
2023-04-30 15:54:35,842 [INFO] CodeEngine:255 - oldGeneratedFile, C:\Users\mehmet.sahin\Desktop\Video_Lectures\Embedded_Systems\FreeRTOS\FreeRTOS_Turkish_Lectures\ST_Workspace\017_FreeRTOS_BINARY_SEMAPHORE\MXTmpFiles\rtos_kernelStart.tmp_save
2023-04-30 15:54:35,924 [INFO] CodeEngine:279 - Generated code: C:\Users\mehmet.sahin\Desktop\Video_Lectures\Embedded_Systems\FreeRTOS\FreeRTOS_Turkish_Lectures\ST_Workspace\017_FreeRTOS_BINARY_SEMAPHORE\MXTmpFiles\rtos_kernelStart.tmp
2023-04-30 15:54:35,939 [INFO] CodeEngine:255 - oldGeneratedFile, C:\Users\mehmet.sahin\Desktop\Video_Lectures\Embedded_Systems\FreeRTOS\FreeRTOS_Turkish_Lectures\ST_Workspace\017_FreeRTOS_BINARY_SEMAPHORE\MXTmpFiles\rtos_typedefs.tmp_save
2023-04-30 15:54:36,013 [INFO] CodeEngine:279 - Generated code: C:\Users\mehmet.sahin\Desktop\Video_Lectures\Embedded_Systems\FreeRTOS\FreeRTOS_Turkish_Lectures\ST_Workspace\017_FreeRTOS_BINARY_SEMAPHORE\MXTmpFiles\rtos_typedefs.tmp
2023-04-30 15:54:36,028 [INFO] CodeEngine:255 - oldGeneratedFile, C:\Users\mehmet.sahin\Desktop\Video_Lectures\Embedded_Systems\FreeRTOS\FreeRTOS_Turkish_Lectures\ST_Workspace\017_FreeRTOS_BINARY_SEMAPHORE\MXTmpFiles\rtos_vars.tmp_save
2023-04-30 15:54:36,122 [INFO] CodeEngine:279 - Generated code: C:\Users\mehmet.sahin\Desktop\Video_Lectures\Embedded_Systems\FreeRTOS\FreeRTOS_Turkish_Lectures\ST_Workspace\017_FreeRTOS_BINARY_SEMAPHORE\MXTmpFiles\rtos_vars.tmp
2023-04-30 15:54:36,136 [INFO] CodeEngine:255 - oldGeneratedFile, C:\Users\mehmet.sahin\Desktop\Video_Lectures\Embedded_Systems\FreeRTOS\FreeRTOS_Turkish_Lectures\ST_Workspace\017_FreeRTOS_BINARY_SEMAPHORE\MXTmpFiles\rtos_pfp.tmp_save
2023-04-30 15:54:36,226 [INFO] CodeEngine:279 - Generated code: C:\Users\mehmet.sahin\Desktop\Video_Lectures\Embedded_Systems\FreeRTOS\FreeRTOS_Turkish_Lectures\ST_Workspace\017_FreeRTOS_BINARY_SEMAPHORE\MXTmpFiles\rtos_pfp.tmp
2023-04-30 15:54:36,241 [INFO] CodeEngine:255 - oldGeneratedFile, C:\Users\mehmet.sahin\Desktop\Video_Lectures\Embedded_Systems\FreeRTOS\FreeRTOS_Turkish_Lectures\ST_Workspace\017_FreeRTOS_BINARY_SEMAPHORE\MXTmpFiles\rtos_obj_creat.tmp_save
2023-04-30 15:54:36,346 [INFO] CodeEngine:279 - Generated code: C:\Users\mehmet.sahin\Desktop\Video_Lectures\Embedded_Systems\FreeRTOS\FreeRTOS_Turkish_Lectures\ST_Workspace\017_FreeRTOS_BINARY_SEMAPHORE\MXTmpFiles\rtos_obj_creat.tmp
2023-04-30 15:54:36,362 [INFO] CodeEngine:255 - oldGeneratedFile, C:\Users\mehmet.sahin\Desktop\Video_Lectures\Embedded_Systems\FreeRTOS\FreeRTOS_Turkish_Lectures\ST_Workspace\017_FreeRTOS_BINARY_SEMAPHORE\MXTmpFiles\rtos_default_thread.tmp_save
2023-04-30 15:54:36,446 [INFO] CodeEngine:279 - Generated code: C:\Users\mehmet.sahin\Desktop\Video_Lectures\Embedded_Systems\FreeRTOS\FreeRTOS_Turkish_Lectures\ST_Workspace\017_FreeRTOS_BINARY_SEMAPHORE\MXTmpFiles\rtos_default_thread.tmp
2023-04-30 15:54:36,462 [INFO] CodeEngine:255 - oldGeneratedFile, C:\Users\mehmet.sahin\Desktop\Video_Lectures\Embedded_Systems\FreeRTOS\FreeRTOS_Turkish_Lectures\ST_Workspace\017_FreeRTOS_BINARY_SEMAPHORE\MXTmpFiles\rtos_threads.tmp_save
2023-04-30 15:54:36,533 [INFO] CodeEngine:279 - Generated code: C:\Users\mehmet.sahin\Desktop\Video_Lectures\Embedded_Systems\FreeRTOS\FreeRTOS_Turkish_Lectures\ST_Workspace\017_FreeRTOS_BINARY_SEMAPHORE\MXTmpFiles\rtos_threads.tmp
2023-04-30 15:54:36,545 [INFO] Middleware:1439 - No code input for Bsp Dependency
2023-04-30 15:54:36,559 [INFO] CodeEngine:255 - oldGeneratedFile, C:\Users\mehmet.sahin\Desktop\Video_Lectures\Embedded_Systems\FreeRTOS\FreeRTOS_Turkish_Lectures\ST_Workspace\017_FreeRTOS_BINARY_SEMAPHORE\MXTmpFiles\rtos_inc.tmp_save
2023-04-30 15:54:36,680 [INFO] CodeEngine:279 - Generated code: C:\Users\mehmet.sahin\Desktop\Video_Lectures\Embedded_Systems\FreeRTOS\FreeRTOS_Turkish_Lectures\ST_Workspace\017_FreeRTOS_BINARY_SEMAPHORE\MXTmpFiles\rtos_inc.tmp
2023-04-30 15:54:36,688 [INFO] CodeEngine:255 - oldGeneratedFile, C:\Users\mehmet.sahin\Desktop\Video_Lectures\Embedded_Systems\FreeRTOS\FreeRTOS_Turkish_Lectures\ST_Workspace\017_FreeRTOS_BINARY_SEMAPHORE\MXTmpFiles\rtos_kernelInit.tmp_save
2023-04-30 15:54:36,769 [INFO] CodeEngine:279 - Generated code: C:\Users\mehmet.sahin\Desktop\Video_Lectures\Embedded_Systems\FreeRTOS\FreeRTOS_Turkish_Lectures\ST_Workspace\017_FreeRTOS_BINARY_SEMAPHORE\MXTmpFiles\rtos_kernelInit.tmp
2023-04-30 15:54:36,776 [INFO] CodeEngine:255 - oldGeneratedFile, C:\Users\mehmet.sahin\Desktop\Video_Lectures\Embedded_Systems\FreeRTOS\FreeRTOS_Turkish_Lectures\ST_Workspace\017_FreeRTOS_BINARY_SEMAPHORE\MXTmpFiles\rtos_kernelStart.tmp_save
2023-04-30 15:54:36,852 [INFO] CodeEngine:279 - Generated code: C:\Users\mehmet.sahin\Desktop\Video_Lectures\Embedded_Systems\FreeRTOS\FreeRTOS_Turkish_Lectures\ST_Workspace\017_FreeRTOS_BINARY_SEMAPHORE\MXTmpFiles\rtos_kernelStart.tmp
2023-04-30 15:54:36,861 [INFO] CodeEngine:255 - oldGeneratedFile, C:\Users\mehmet.sahin\Desktop\Video_Lectures\Embedded_Systems\FreeRTOS\FreeRTOS_Turkish_Lectures\ST_Workspace\017_FreeRTOS_BINARY_SEMAPHORE\MXTmpFiles\rtos_typedefs.tmp_save
2023-04-30 15:54:36,935 [INFO] CodeEngine:279 - Generated code: C:\Users\mehmet.sahin\Desktop\Video_Lectures\Embedded_Systems\FreeRTOS\FreeRTOS_Turkish_Lectures\ST_Workspace\017_FreeRTOS_BINARY_SEMAPHORE\MXTmpFiles\rtos_typedefs.tmp
2023-04-30 15:54:36,951 [INFO] CodeEngine:255 - oldGeneratedFile, C:\Users\mehmet.sahin\Desktop\Video_Lectures\Embedded_Systems\FreeRTOS\FreeRTOS_Turkish_Lectures\ST_Workspace\017_FreeRTOS_BINARY_SEMAPHORE\MXTmpFiles\rtos_vars.tmp_save
2023-04-30 15:54:37,041 [INFO] CodeEngine:279 - Generated code: C:\Users\mehmet.sahin\Desktop\Video_Lectures\Embedded_Systems\FreeRTOS\FreeRTOS_Turkish_Lectures\ST_Workspace\017_FreeRTOS_BINARY_SEMAPHORE\MXTmpFiles\rtos_vars.tmp
2023-04-30 15:54:37,050 [INFO] CodeEngine:255 - oldGeneratedFile, C:\Users\mehmet.sahin\Desktop\Video_Lectures\Embedded_Systems\FreeRTOS\FreeRTOS_Turkish_Lectures\ST_Workspace\017_FreeRTOS_BINARY_SEMAPHORE\MXTmpFiles\rtos_pfp.tmp_save
2023-04-30 15:54:37,132 [INFO] CodeEngine:279 - Generated code: C:\Users\mehmet.sahin\Desktop\Video_Lectures\Embedded_Systems\FreeRTOS\FreeRTOS_Turkish_Lectures\ST_Workspace\017_FreeRTOS_BINARY_SEMAPHORE\MXTmpFiles\rtos_pfp.tmp
2023-04-30 15:54:37,147 [INFO] CodeEngine:255 - oldGeneratedFile, C:\Users\mehmet.sahin\Desktop\Video_Lectures\Embedded_Systems\FreeRTOS\FreeRTOS_Turkish_Lectures\ST_Workspace\017_FreeRTOS_BINARY_SEMAPHORE\MXTmpFiles\rtos_obj_creat.tmp_save
2023-04-30 15:54:37,305 [INFO] CodeEngine:279 - Generated code: C:\Users\mehmet.sahin\Desktop\Video_Lectures\Embedded_Systems\FreeRTOS\FreeRTOS_Turkish_Lectures\ST_Workspace\017_FreeRTOS_BINARY_SEMAPHORE\MXTmpFiles\rtos_obj_creat.tmp
2023-04-30 15:54:37,315 [INFO] CodeEngine:255 - oldGeneratedFile, C:\Users\mehmet.sahin\Desktop\Video_Lectures\Embedded_Systems\FreeRTOS\FreeRTOS_Turkish_Lectures\ST_Workspace\017_FreeRTOS_BINARY_SEMAPHORE\MXTmpFiles\rtos_default_thread.tmp_save
2023-04-30 15:54:37,383 [INFO] CodeEngine:279 - Generated code: C:\Users\mehmet.sahin\Desktop\Video_Lectures\Embedded_Systems\FreeRTOS\FreeRTOS_Turkish_Lectures\ST_Workspace\017_FreeRTOS_BINARY_SEMAPHORE\MXTmpFiles\rtos_default_thread.tmp
2023-04-30 15:54:37,393 [INFO] CodeEngine:255 - oldGeneratedFile, C:\Users\mehmet.sahin\Desktop\Video_Lectures\Embedded_Systems\FreeRTOS\FreeRTOS_Turkish_Lectures\ST_Workspace\017_FreeRTOS_BINARY_SEMAPHORE\MXTmpFiles\rtos_threads.tmp_save
2023-04-30 15:54:37,467 [INFO] CodeEngine:279 - Generated code: C:\Users\mehmet.sahin\Desktop\Video_Lectures\Embedded_Systems\FreeRTOS\FreeRTOS_Turkish_Lectures\ST_Workspace\017_FreeRTOS_BINARY_SEMAPHORE\MXTmpFiles\rtos_threads.tmp
2023-04-30 15:54:37,495 [INFO] CodeEngine:255 - oldGeneratedFile, C:\Users\mehmet.sahin\Desktop\Video_Lectures\Embedded_Systems\FreeRTOS\FreeRTOS_Turkish_Lectures\ST_Workspace\017_FreeRTOS_BINARY_SEMAPHORE\Core\Inc\FreeRTOSConfig.h_save
2023-04-30 15:54:37,626 [INFO] CodeEngine:279 - Generated code: C:\Users\mehmet.sahin\Desktop\Video_Lectures\Embedded_Systems\FreeRTOS\FreeRTOS_Turkish_Lectures\ST_Workspace\017_FreeRTOS_BINARY_SEMAPHORE\Core\Inc\FreeRTOSConfig.h
2023-04-30 15:54:37,653 [INFO] CodeEngine:255 - oldGeneratedFile, C:\Users\mehmet.sahin\Desktop\Video_Lectures\Embedded_Systems\FreeRTOS\FreeRTOS_Turkish_Lectures\ST_Workspace\017_FreeRTOS_BINARY_SEMAPHORE\Core\Src\freertos.c_save
2023-04-30 15:54:37,770 [INFO] CodeEngine:279 - Generated code: C:\Users\mehmet.sahin\Desktop\Video_Lectures\Embedded_Systems\FreeRTOS\FreeRTOS_Turkish_Lectures\ST_Workspace\017_FreeRTOS_BINARY_SEMAPHORE\Core\Src\freertos.c
2023-04-30 15:54:37,863 [INFO] CodeEngine:255 - oldGeneratedFile, C:\Users\mehmet.sahin\Desktop\Video_Lectures\Embedded_Systems\FreeRTOS\FreeRTOS_Turkish_Lectures\ST_Workspace\017_FreeRTOS_BINARY_SEMAPHORE\Core\Src\stm32f4xx_it.c_save
2023-04-30 15:54:38,463 [INFO] CodeEngine:279 - Generated code: C:\Users\mehmet.sahin\Desktop\Video_Lectures\Embedded_Systems\FreeRTOS\FreeRTOS_Turkish_Lectures\ST_Workspace\017_FreeRTOS_BINARY_SEMAPHORE\Core\Src\stm32f4xx_it.c
2023-04-30 15:54:38,517 [INFO] CodeEngine:255 - oldGeneratedFile, C:\Users\mehmet.sahin\Desktop\Video_Lectures\Embedded_Systems\FreeRTOS\FreeRTOS_Turkish_Lectures\ST_Workspace\017_FreeRTOS_BINARY_SEMAPHORE\Core\Inc\stm32f4xx_it.h_save
2023-04-30 15:54:38,730 [INFO] CodeEngine:279 - Generated code: C:\Users\mehmet.sahin\Desktop\Video_Lectures\Embedded_Systems\FreeRTOS\FreeRTOS_Turkish_Lectures\ST_Workspace\017_FreeRTOS_BINARY_SEMAPHORE\Core\Inc\stm32f4xx_it.h
2023-04-30 15:54:38,827 [INFO] CodeEngine:255 - oldGeneratedFile, C:\Users\mehmet.sahin\Desktop\Video_Lectures\Embedded_Systems\FreeRTOS\FreeRTOS_Turkish_Lectures\ST_Workspace\017_FreeRTOS_BINARY_SEMAPHORE\Core\Src\stm32f4xx_hal_msp.c_save
2023-04-30 15:54:39,026 [INFO] CodeEngine:279 - Generated code: C:\Users\mehmet.sahin\Desktop\Video_Lectures\Embedded_Systems\FreeRTOS\FreeRTOS_Turkish_Lectures\ST_Workspace\017_FreeRTOS_BINARY_SEMAPHORE\Core\Src\stm32f4xx_hal_msp.c
2023-04-30 15:54:39,048 [INFO] CodeEngine:255 - oldGeneratedFile, C:\Users\mehmet.sahin\Desktop\Video_Lectures\Embedded_Systems\FreeRTOS\FreeRTOS_Turkish_Lectures\ST_Workspace\017_FreeRTOS_BINARY_SEMAPHORE\MXTmpFiles\system.tmp_save
2023-04-30 15:54:39,127 [INFO] CodeEngine:279 - Generated code: C:\Users\mehmet.sahin\Desktop\Video_Lectures\Embedded_Systems\FreeRTOS\FreeRTOS_Turkish_Lectures\ST_Workspace\017_FreeRTOS_BINARY_SEMAPHORE\MXTmpFiles\system.tmp
2023-04-30 15:54:39,151 [INFO] CodeEngine:255 - oldGeneratedFile, C:\Users\mehmet.sahin\Desktop\Video_Lectures\Embedded_Systems\FreeRTOS\FreeRTOS_Turkish_Lectures\ST_Workspace\017_FreeRTOS_BINARY_SEMAPHORE\Core\Src\stm32f4xx_hal_timebase_tim.c_save
2023-04-30 15:54:39,264 [INFO] CodeEngine:279 - Generated code: C:\Users\mehmet.sahin\Desktop\Video_Lectures\Embedded_Systems\FreeRTOS\FreeRTOS_Turkish_Lectures\ST_Workspace\017_FreeRTOS_BINARY_SEMAPHORE\Core\Src\stm32f4xx_hal_timebase_tim.c
2023-04-30 15:54:39,333 [INFO] CodeEngine:311 - oldGeneratedFile, C:\Users\mehmet.sahin\Desktop\Video_Lectures\Embedded_Systems\FreeRTOS\FreeRTOS_Turkish_Lectures\ST_Workspace\017_FreeRTOS_BINARY_SEMAPHORE\Core\Inc\stm32f4xx_hal_conf.h_save
2023-04-30 15:54:39,499 [INFO] CodeEngine:335 - Generated code: C:\Users\mehmet.sahin\Desktop\Video_Lectures\Embedded_Systems\FreeRTOS\FreeRTOS_Turkish_Lectures\ST_Workspace\017_FreeRTOS_BINARY_SEMAPHORE\Core\Inc\stm32f4xx_hal_conf.h
2023-04-30 15:54:39,610 [INFO] CodeEngine:255 - oldGeneratedFile, C:\Users\mehmet.sahin\Desktop\Video_Lectures\Embedded_Systems\FreeRTOS\FreeRTOS_Turkish_Lectures\ST_Workspace\017_FreeRTOS_BINARY_SEMAPHORE\Core\Inc\main.h_save
2023-04-30 15:54:39,736 [INFO] CodeEngine:279 - Generated code: C:\Users\mehmet.sahin\Desktop\Video_Lectures\Embedded_Systems\FreeRTOS\FreeRTOS_Turkish_Lectures\ST_Workspace\017_FreeRTOS_BINARY_SEMAPHORE\Core\Inc\main.h
2023-04-30 15:54:39,760 [INFO] CodeEngine:255 - oldGeneratedFile, C:\Users\mehmet.sahin\Desktop\Video_Lectures\Embedded_Systems\FreeRTOS\FreeRTOS_Turkish_Lectures\ST_Workspace\017_FreeRTOS_BINARY_SEMAPHORE\Core\Src\main.c_save
2023-04-30 15:54:40,078 [INFO] CodeEngine:279 - Generated code: C:\Users\mehmet.sahin\Desktop\Video_Lectures\Embedded_Systems\FreeRTOS\FreeRTOS_Turkish_Lectures\ST_Workspace\017_FreeRTOS_BINARY_SEMAPHORE\Core\Src\main.c
2023-04-30 15:54:41,391 [INFO] ProjectBuilder:2996 - Time for Copy HAL[1] : 584mS.
2023-04-30 15:54:41,400 [INFO] ProjectBuilder:4304 - Project Generator version: 3.19.2
2023-04-30 15:54:41,885 [INFO] ConfigFileManager:1483 - The Die is : DIE413
2023-04-30 15:54:45,414 [INFO] ProjectBuilder:4505 - Time for Generating toolchain IDE Files: 4014mS.
2023-04-30 15:54:45,416 [INFO] ProjectBuilder:2867 - Time for Copy CMSIS : 1mS.
2023-04-30 15:54:45,426 [INFO] ProjectBuilder:2867 - Time for Copy CMSIS : 1mS.
