2023-04-29 14:54:34,600 [INFO] Activator:176 - 


2023-04-29 14:54:34,612 [INFO] Activator:177 - !SESSION log4j initialized
2023-04-29 14:54:45,028 [INFO] LogOutputStream:77 - [STDOUT_REDIRECT] 
2023-04-29 14:54:48,436 [INFO] ApplicationProperties:184 - Using Application install path: C:\ST\STM32CubeIDE_1.12.0\STM32CubeIDE\plugins\com.st.stm32cube.common.mx_6.8.1.202304191431
2023-04-29 14:54:48,469 [INFO] DbMcusXml:78 - Set database path to: C:\ST\STM32CubeIDE_1.12.0\STM32CubeIDE\plugins\com.st.stm32cube.common.mx_6.8.1.202304191431\\db\/mcu/
2023-04-29 14:54:48,470 [INFO] ApiDb:274 - Set plugin database path to: C:\ST\STM32CubeIDE_1.12.0\STM32CubeIDE\plugins\com.st.stm32cube.common.mx_6.8.1.202304191431\\db\/plugins/boardmanager/
2023-04-29 14:54:48,473 [WARN] ApiDb:259 - Overriding images path with different value:  => C:\ST\STM32CubeIDE_1.12.0\STM32CubeIDE\plugins\com.st.stm32cube.common.mx_6.8.1.202304191431\\db\/plugins/mcufinder/images/
2023-04-29 14:54:48,508 [INFO] ApiDb:250 - Set database path to: C:\Users\mehmet.sahin\.stmcufinder\plugins\mcufinder//mcu/
2023-04-29 14:54:48,511 [INFO] DbMcusAds:125 - Set database path to: C:\Users\mehmet.sahin\.stmcufinder\plugins\mcufinder//mcu/
2023-04-29 14:54:48,516 [INFO] CrossReferenceDbSqlite:203 - Set database path to: C:\Users\mehmet.sahin\.stmcufinder\plugins\mcufinder//mcu/cs/
2023-04-29 14:54:48,710 [INFO] RulesReader:64 - Compatibility file has been processed (293 Rules)
2023-04-29 14:54:48,876 [INFO] DbMcusXml:78 - Set database path to: C:\ST\STM32CubeIDE_1.12.0\STM32CubeIDE\plugins\com.st.stm32cube.common.mx_6.8.1.202304191431\\db\/mcu/
2023-04-29 14:54:48,877 [INFO] ApiDb:274 - Set plugin database path to: C:\ST\STM32CubeIDE_1.12.0\STM32CubeIDE\plugins\com.st.stm32cube.common.mx_6.8.1.202304191431\\db\/plugins/boardmanager/
2023-04-29 14:54:48,877 [INFO] ApiDb:261 - Set plugin images path to: C:\ST\STM32CubeIDE_1.12.0\STM32CubeIDE\plugins\com.st.stm32cube.common.mx_6.8.1.202304191431\\db\/plugins/mcufinder/images/
2023-04-29 14:54:48,877 [WARN] DbFile:41 - Overriding database path with different value: C:\Users\mehmet.sahin\.stmcufinder\plugins\mcufinder/ => C:\Users\mehmet.sahin\.stmcufinder\plugins\mcufinder
2023-04-29 14:54:48,878 [INFO] ApiDb:250 - Set database path to: C:\Users\mehmet.sahin\.stmcufinder\plugins\mcufinder//mcu/
2023-04-29 14:54:48,878 [WARN] DbFile:41 - Overriding database path with different value: C:\Users\mehmet.sahin\.stmcufinder\plugins\mcufinder/ => C:\Users\mehmet.sahin\.stmcufinder\plugins\mcufinder
2023-04-29 14:54:48,878 [INFO] DbMcusAds:125 - Set database path to: C:\Users\mehmet.sahin\.stmcufinder\plugins\mcufinder//mcu/
2023-04-29 14:54:48,878 [WARN] DbFile:41 - Overriding database path with different value: C:\Users\mehmet.sahin\.stmcufinder\plugins\mcufinder/ => C:\Users\mehmet.sahin\.stmcufinder\plugins\mcufinder
2023-04-29 14:54:48,878 [WARN] DbFile:41 - Overriding database path with different value: C:\Users\mehmet.sahin\.stmcufinder\plugins\mcufinder/ => C:\Users\mehmet.sahin\.stmcufinder\plugins\mcufinder
2023-04-29 14:54:48,878 [INFO] CrossReferenceDbSqlite:203 - Set database path to: C:\Users\mehmet.sahin\.stmcufinder\plugins\mcufinder//mcu/cs/
2023-04-29 14:54:49,068 [INFO] MainPanel:253 - HeapMemory: 268435456
2023-04-29 14:54:49,271 [INFO] DbMcusXml:78 - Set database path to: C:\ST\STM32CubeIDE_1.12.0\STM32CubeIDE\plugins\com.st.stm32cube.common.mx_6.8.1.202304191431\\db\/mcu/
2023-04-29 14:54:49,271 [INFO] ApiDb:274 - Set plugin database path to: C:\ST\STM32CubeIDE_1.12.0\STM32CubeIDE\plugins\com.st.stm32cube.common.mx_6.8.1.202304191431\\db\/plugins/boardmanager/
2023-04-29 14:54:49,272 [INFO] ApiDb:261 - Set plugin images path to: C:\ST\STM32CubeIDE_1.12.0\STM32CubeIDE\plugins\com.st.stm32cube.common.mx_6.8.1.202304191431\\db\/plugins/mcufinder/images/
2023-04-29 14:54:49,273 [WARN] DbFile:41 - Overriding database path with different value: C:\Users\mehmet.sahin\.stmcufinder\plugins\mcufinder/ => C:\Users\mehmet.sahin\.stmcufinder\plugins\mcufinder
2023-04-29 14:54:49,273 [INFO] ApiDb:250 - Set database path to: C:\Users\mehmet.sahin\.stmcufinder\plugins\mcufinder//mcu/
2023-04-29 14:54:49,273 [WARN] DbFile:41 - Overriding database path with different value: C:\Users\mehmet.sahin\.stmcufinder\plugins\mcufinder/ => C:\Users\mehmet.sahin\.stmcufinder\plugins\mcufinder
2023-04-29 14:54:49,273 [INFO] DbMcusAds:125 - Set database path to: C:\Users\mehmet.sahin\.stmcufinder\plugins\mcufinder//mcu/
2023-04-29 14:54:49,273 [WARN] DbFile:41 - Overriding database path with different value: C:\Users\mehmet.sahin\.stmcufinder\plugins\mcufinder/ => C:\Users\mehmet.sahin\.stmcufinder\plugins\mcufinder
2023-04-29 14:54:49,274 [WARN] DbFile:41 - Overriding database path with different value: C:\Users\mehmet.sahin\.stmcufinder\plugins\mcufinder/ => C:\Users\mehmet.sahin\.stmcufinder\plugins\mcufinder
2023-04-29 14:54:49,274 [INFO] CrossReferenceDbSqlite:203 - Set database path to: C:\Users\mehmet.sahin\.stmcufinder\plugins\mcufinder//mcu/cs/
2023-04-29 14:54:49,314 [INFO] ApplicationProperties:184 - Using Application install path: C:\ST\STM32CubeIDE_1.12.0\STM32CubeIDE\plugins\com.st.stm32cube.common.mx_6.8.1.202304191431
2023-04-29 14:54:49,316 [INFO] PluginManage:196 - Search for loadable plugins [exclusion list=, ]
2023-04-29 14:54:49,319 [INFO] PluginManage:310 - Check plugin analytics
2023-04-29 14:54:54,138 [INFO] AnalyticsPlugin:253 - Accepted Software Licenses: STM32CubeMX.6.8.0
2023-04-29 14:54:54,138 [INFO] AnalyticsPlugin:255 - Accepted CMSIS Pack Licenses: emotas.I-CUBE-CANOPEN.1.1.3
2023-04-29 14:54:54,139 [INFO] AnalyticsPlugin:257 - Accepted Firmware Licenses: FW.F7.1.17.0,FW.F4.1.27.0
2023-04-29 14:54:54,158 [INFO] PluginManage:359 - Loaded plugin analytics (category:tool,tabindex:-1)
2023-04-29 14:54:54,158 [INFO] PluginManage:310 - Check plugin cadmodel
2023-04-29 14:54:54,314 [INFO] CADModel:105 - Init CAD model plugin
2023-04-29 14:54:54,314 [INFO] PluginManage:359 - Loaded plugin cadmodel (category:power,tabindex:5)
2023-04-29 14:54:54,314 [INFO] PluginManage:310 - Check plugin clock
2023-04-29 14:54:54,352 [INFO] PluginManage:359 - Loaded plugin clock (category:base,tabindex:2)
2023-04-29 14:54:54,352 [INFO] PluginManage:310 - Check plugin ddr
2023-04-29 14:54:54,357 [INFO] PluginManage:359 - Loaded plugin ddr (category:tool,tabindex:6)
2023-04-29 14:54:54,358 [INFO] PluginManage:310 - Check plugin filemanager
2023-04-29 14:54:54,627 [INFO] PluginManage:359 - Loaded plugin filemanager (category:base,tabindex:10)
2023-04-29 14:54:54,628 [INFO] PluginManage:310 - Check plugin ipmanager
2023-04-29 14:54:54,645 [INFO] PluginManage:359 - Loaded plugin ipmanager (category:base,tabindex:5)
2023-04-29 14:54:54,646 [INFO] PluginManage:310 - Check plugin lpbam
2023-04-29 14:54:54,677 [INFO] PluginManage:359 - Loaded plugin lpbam (category:base,tabindex:0)
2023-04-29 14:54:54,677 [INFO] PluginManage:310 - Check plugin pinoutandconfiguration
2023-04-29 14:54:54,711 [INFO] PluginManage:359 - Loaded plugin pinoutandconfiguration (category:base,tabindex:1)
2023-04-29 14:54:54,713 [INFO] PluginManage:310 - Check plugin pinoutconfig
2023-04-29 14:54:54,887 [WARN] SupportedApi:132 - Cannot load RTOS API schema: s4s-elt-must-match.1: The content of 'definitions' must match (annotation?, (simpleType | complexType)?, (unique | key | keyref)*)). A problem was found starting at: attribute.
2023-04-29 14:54:55,153 [INFO] PluginManage:359 - Loaded plugin pinoutconfig (category:base,tabindex:0)
2023-04-29 14:54:55,154 [INFO] PluginManage:310 - Check plugin power
2023-04-29 14:54:55,196 [INFO] PluginManage:359 - Loaded plugin power (category:power,tabindex:4)
2023-04-29 14:54:55,196 [INFO] PluginManage:310 - Check plugin projectmanager
2023-04-29 14:54:55,230 [INFO] PluginManage:359 - Loaded plugin projectmanager (category:projectmanager,tabindex:3)
2023-04-29 14:54:55,230 [INFO] PluginManage:310 - Check plugin thirdparty
2023-04-29 14:54:55,775 [INFO] PluginManage:359 - Loaded plugin thirdparty (category:base,tabindex:-1)
2023-04-29 14:54:55,774 [WARN] IntegrityCheckThread:84 - waiting for thirdparty lock release [integrity check]
2023-04-29 14:54:55,775 [INFO] IntegrityCheckThread:86 - entering critical section [integrity check]
2023-04-29 14:54:55,775 [INFO] PluginManage:310 - Check plugin tools
2023-04-29 14:54:55,782 [INFO] ThirdPartyUpdaterWithRetryManager:70 - Updater plugin not ready yet. [1/15]
2023-04-29 14:54:55,822 [INFO] PluginManage:359 - Loaded plugin tools (category:base,tabindex:7)
2023-04-29 14:54:55,822 [INFO] PluginManage:310 - Check plugin tutovideos
2023-04-29 14:54:56,174 [INFO] PluginManage:359 - Loaded plugin tutovideos (category:base,tabindex:-1)
2023-04-29 14:54:56,174 [INFO] PluginManage:310 - Check plugin updater
2023-04-29 14:54:56,198 [INFO] PluginManage:359 - Loaded plugin updater (category:base,tabindex:12)
2023-04-29 14:54:56,199 [INFO] PluginManage:283 - PluginManage : Loaded plugins [15]
2023-04-29 14:54:56,639 [INFO] PinOutPanel:1499 - setPackage(No Configuration,No Configuration)
2023-04-29 14:54:56,751 [INFO] CADModel:165 - CPN selected for project level
2023-04-29 14:54:56,752 [INFO] CADModel:114 - Register for checkConnection events
2023-04-29 14:54:56,796 [INFO] IPUIPlugin:80 - create IPUIPlugin
2023-04-29 14:54:56,796 [INFO] PluginManager:220 - loadIPPluginJar : add adc
2023-04-29 14:54:56,846 [INFO] IPUIPlugin:80 - create IPUIPlugin
2023-04-29 14:54:56,847 [INFO] PluginManager:220 - loadIPPluginJar : add aes
2023-04-29 14:54:56,895 [INFO] IPUIPlugin:80 - create IPUIPlugin
2023-04-29 14:54:56,895 [INFO] PluginManager:220 - loadIPPluginJar : add can
2023-04-29 14:54:56,922 [INFO] IPUIPlugin:80 - create IPUIPlugin
2023-04-29 14:54:56,922 [INFO] PluginManager:220 - loadIPPluginJar : add comp
2023-04-29 14:54:56,968 [INFO] IPUIPlugin:80 - create IPUIPlugin
2023-04-29 14:54:56,968 [INFO] PluginManager:220 - loadIPPluginJar : add cryp
2023-04-29 14:54:57,003 [INFO] IPUIPlugin:80 - create IPUIPlugin
2023-04-29 14:54:57,003 [INFO] PluginManager:220 - loadIPPluginJar : add dfsdm
2023-04-29 14:54:57,024 [INFO] IPUIPlugin:80 - create IPUIPlugin
2023-04-29 14:54:57,025 [INFO] PluginManager:220 - loadIPPluginJar : add dma
2023-04-29 14:54:57,073 [INFO] IPUIPlugin:80 - create IPUIPlugin
2023-04-29 14:54:57,073 [INFO] PluginManager:220 - loadIPPluginJar : add dma3
2023-04-29 14:54:57,097 [INFO] IPUIPlugin:80 - create IPUIPlugin
2023-04-29 14:54:57,097 [INFO] PluginManager:220 - loadIPPluginJar : add fatfs
2023-04-29 14:54:57,164 [INFO] IPUIPlugin:80 - create IPUIPlugin
2023-04-29 14:54:57,164 [INFO] PluginManager:220 - loadIPPluginJar : add fmc
2023-04-29 14:54:57,184 [INFO] IPUIPlugin:80 - create IPUIPlugin
2023-04-29 14:54:57,184 [INFO] PluginManager:220 - loadIPPluginJar : add freertos
2023-04-29 14:54:57,208 [INFO] IPUIPlugin:80 - create IPUIPlugin
2023-04-29 14:54:57,209 [INFO] PluginManager:220 - loadIPPluginJar : add genericplugin
2023-04-29 14:54:57,312 [INFO] IPUIPlugin:80 - create IPUIPlugin
2023-04-29 14:54:57,312 [INFO] PluginManager:220 - loadIPPluginJar : add gfxmmu
2023-04-29 14:54:57,463 [INFO] IPUIPlugin:80 - create IPUIPlugin
2023-04-29 14:54:57,463 [INFO] PluginManager:220 - loadIPPluginJar : add gic
2023-04-29 14:54:57,481 [INFO] IPUIPlugin:80 - create IPUIPlugin
2023-04-29 14:54:57,481 [INFO] PluginManager:220 - loadIPPluginJar : add gpio
2023-04-29 14:54:57,583 [INFO] IPUIPlugin:80 - create IPUIPlugin
2023-04-29 14:54:57,584 [INFO] PluginManager:220 - loadIPPluginJar : add gtzc
2023-04-29 14:54:57,624 [INFO] IPUIPlugin:80 - create IPUIPlugin
2023-04-29 14:54:57,624 [INFO] PluginManager:220 - loadIPPluginJar : add hash
2023-04-29 14:54:57,681 [INFO] IPUIPlugin:80 - create IPUIPlugin
2023-04-29 14:54:57,681 [INFO] PluginManager:220 - loadIPPluginJar : add i2c
2023-04-29 14:54:57,726 [INFO] IPUIPlugin:80 - create IPUIPlugin
2023-04-29 14:54:57,727 [INFO] PluginManager:220 - loadIPPluginJar : add i2s
2023-04-29 14:54:57,772 [INFO] IPUIPlugin:80 - create IPUIPlugin
2023-04-29 14:54:57,772 [INFO] PluginManager:220 - loadIPPluginJar : add i3c
2023-04-29 14:54:57,918 [INFO] IPUIPlugin:80 - create IPUIPlugin
2023-04-29 14:54:57,919 [INFO] PluginManager:220 - loadIPPluginJar : add ipddr
2023-04-29 14:54:58,035 [INFO] IPUIPlugin:80 - create IPUIPlugin
2023-04-29 14:54:58,035 [INFO] PluginManager:220 - loadIPPluginJar : add linkedlist
2023-04-29 14:54:58,074 [INFO] IPUIPlugin:80 - create IPUIPlugin
2023-04-29 14:54:58,074 [INFO] PluginManager:220 - loadIPPluginJar : add lorawan
2023-04-29 14:54:58,113 [INFO] IPUIPlugin:80 - create IPUIPlugin
2023-04-29 14:54:58,113 [INFO] PluginManager:220 - loadIPPluginJar : add ltdc
2023-04-29 14:54:58,133 [INFO] IPUIPlugin:80 - create IPUIPlugin
2023-04-29 14:54:58,133 [INFO] PluginManager:220 - loadIPPluginJar : add mdma
2023-04-29 14:54:58,151 [INFO] IPUIPlugin:80 - create IPUIPlugin
2023-04-29 14:54:58,152 [INFO] PluginManager:220 - loadIPPluginJar : add nvic
2023-04-29 14:54:58,195 [INFO] IPUIPlugin:80 - create IPUIPlugin
2023-04-29 14:54:58,195 [INFO] PluginManager:220 - loadIPPluginJar : add opamp
2023-04-29 14:54:58,276 [INFO] IPUIPlugin:80 - create IPUIPlugin
2023-04-29 14:54:58,276 [INFO] PluginManager:220 - loadIPPluginJar : add openamp
2023-04-29 14:54:58,327 [INFO] IPUIPlugin:80 - create IPUIPlugin
2023-04-29 14:54:58,327 [INFO] PluginManager:220 - loadIPPluginJar : add pdm2pcm
2023-04-29 14:54:58,348 [INFO] IPUIPlugin:80 - create IPUIPlugin
2023-04-29 14:54:58,352 [INFO] PluginManager:220 - loadIPPluginJar : add plateformsettings
2023-04-29 14:54:58,376 [INFO] IPUIPlugin:80 - create IPUIPlugin
2023-04-29 14:54:58,376 [INFO] PluginManager:220 - loadIPPluginJar : add quadspi
2023-04-29 14:54:58,392 [INFO] IPUIPlugin:80 - create IPUIPlugin
2023-04-29 14:54:58,392 [INFO] PluginManager:220 - loadIPPluginJar : add resmgrutility
2023-04-29 14:54:58,446 [INFO] IPUIPlugin:80 - create IPUIPlugin
2023-04-29 14:54:58,446 [INFO] PluginManager:220 - loadIPPluginJar : add sai
2023-04-29 14:54:58,486 [INFO] IPUIPlugin:80 - create IPUIPlugin
2023-04-29 14:54:58,487 [INFO] PluginManager:220 - loadIPPluginJar : add spi
2023-04-29 14:54:58,550 [INFO] IPUIPlugin:80 - create IPUIPlugin
2023-04-29 14:54:58,550 [INFO] PluginManager:220 - loadIPPluginJar : add stm32_wpan
2023-04-29 14:54:58,576 [INFO] IPUIPlugin:80 - create IPUIPlugin
2023-04-29 14:54:58,576 [INFO] PluginManager:220 - loadIPPluginJar : add tim
2023-04-29 14:54:58,636 [INFO] IPUIPlugin:80 - create IPUIPlugin
2023-04-29 14:54:58,636 [INFO] PluginManager:220 - loadIPPluginJar : add touchsensing
2023-04-29 14:54:58,662 [INFO] IPUIPlugin:80 - create IPUIPlugin
2023-04-29 14:54:58,662 [INFO] PluginManager:220 - loadIPPluginJar : add tracer_emb
2023-04-29 14:54:58,702 [INFO] IPUIPlugin:80 - create IPUIPlugin
2023-04-29 14:54:58,702 [INFO] PluginManager:220 - loadIPPluginJar : add ts
2023-04-29 14:54:58,738 [INFO] IPUIPlugin:80 - create IPUIPlugin
2023-04-29 14:54:58,738 [INFO] PluginManager:220 - loadIPPluginJar : add tsc
2023-04-29 14:54:58,768 [INFO] IPUIPlugin:80 - create IPUIPlugin
2023-04-29 14:54:58,768 [INFO] PluginManager:220 - loadIPPluginJar : add ucpd
2023-04-29 14:54:58,783 [INFO] ThirdPartyUpdaterWithRetryManager:70 - Updater plugin not ready yet. [2/15]
2023-04-29 14:54:58,820 [INFO] IPUIPlugin:80 - create IPUIPlugin
2023-04-29 14:54:58,820 [INFO] PluginManager:220 - loadIPPluginJar : add usart
2023-04-29 14:54:58,870 [INFO] IPUIPlugin:80 - create IPUIPlugin
2023-04-29 14:54:58,870 [INFO] PluginManager:220 - loadIPPluginJar : add usbx
2023-04-29 14:54:59,030 [INFO] CADModel:165 - CPN selected for project level
2023-04-29 14:54:59,030 [INFO] CADModel:114 - Register for checkConnection events
2023-04-29 14:54:59,031 [FATAL] Updater:308 - Updater called before beeing initialized
2023-04-29 14:54:59,031 [ERROR] CADModel:125 - Updater not yet initialized, retry later 
2023-04-29 14:54:59,321 [INFO] CADModel:165 - CPN selected for project level
2023-04-29 14:54:59,321 [INFO] CADModel:114 - Register for checkConnection events
2023-04-29 14:54:59,322 [FATAL] Updater:308 - Updater called before beeing initialized
2023-04-29 14:54:59,322 [ERROR] CADModel:125 - Updater not yet initialized, retry later 
2023-04-29 14:54:59,330 [FATAL] Updater:308 - Updater called before beeing initialized
2023-04-29 14:54:59,533 [FATAL] Updater:308 - Updater called before beeing initialized
2023-04-29 14:54:59,554 [INFO] DbMcusAds:53 - JSON generation date=Tue Mar 07 11:50:55 TRT 2023 (1678179055335)
2023-04-29 14:54:59,554 [FATAL] Updater:308 - Updater called before beeing initialized
2023-04-29 14:54:59,656 [WARN] DetailPanel:346 - Failed to get advertising image, set to default
2023-04-29 14:54:59,813 [FATAL] Updater:308 - Updater called before beeing initialized
2023-04-29 14:54:59,817 [FATAL] Updater:308 - Updater called before beeing initialized
2023-04-29 14:54:59,817 [FATAL] Updater:308 - Updater called before beeing initialized
2023-04-29 14:54:59,818 [WARN] DetailPanel:346 - Failed to get advertising image, set to default
2023-04-29 14:54:59,819 [FATAL] Updater:308 - Updater called before beeing initialized
2023-04-29 14:54:59,952 [ERROR] Updater:1120 - MainUpdater not yet initialized. External WinMGr cannot be set.
2023-04-29 14:54:59,971 [INFO] Updater:1056 - Updater Version found : 6.8.1
2023-04-29 14:55:00,004 [INFO] ApplicationProperties:184 - Using Application install path: C:\ST\STM32CubeIDE_1.12.0\STM32CubeIDE\plugins\com.st.stm32cube.common.mx_6.8.1.202304191431
2023-04-29 14:55:00,155 [INFO] MainUpdater:519 - Copy updater definitions from MX database
2023-04-29 14:55:00,714 [INFO] MainUpdater:2854 - connection check result : 10
2023-04-29 14:55:00,715 [INFO] MainUpdater:3548 - Updater definition file requires update
2023-04-29 14:55:00,717 [INFO] MainUpdater:283 - Updater Check For Update Now.
2023-04-29 14:55:00,717 [INFO] MicroXplorer:498 - Change Database Version : DB.6.0.81
2023-04-29 14:55:00,950 [INFO] ServerAccessManage:473 - Download File updaters.zip
2023-04-29 14:55:01,187 [INFO] FileExtend:240 - Unzip File : updaters.zip
2023-04-29 14:55:01,188 [INFO] FileExtend:255 - Standard Zip Deflate
2023-04-29 14:55:01,812 [WARN] MainUpdater:1187 - Updater busy. Cannot search thirdparties
2023-04-29 14:55:01,813 [INFO] ThirdPartyUpdaterWithRetryManager:96 - Updater plugin is busy. [1/15]
2023-04-29 14:55:01,976 [INFO] ServerAccessManage:473 - Download File PacksControlFlags.xml
2023-04-29 14:55:02,263 [INFO] ServerAccessManage:473 - Download File cubemx.pidx
2023-04-29 14:55:03,130 [INFO] LoadServerUpdatesThread:373 - End of LoadServerUpdate Thread
2023-04-29 14:55:03,325 [INFO] CheckServerUpdateThread:120 - End of CheckServer Thread
2023-04-29 14:55:03,384 [INFO] MainUpdater:2854 - connection check result : 10
2023-04-29 14:55:04,472 [INFO] ApiDb:581 - Connected to CubeFinder SQLite database (C:\Users\mehmet.sahin\.stmcufinder\plugins\mcufinder\mcu\cube-finder-db.db)
2023-04-29 14:55:04,731 [INFO] ApiDb:668 - CubeFinder database Data Model version=2.1
2023-04-29 14:55:04,731 [INFO] ApiDb:669 - CubeFinder database Configuration version=3.0.35
2023-04-29 14:55:04,732 [INFO] ApiDb:670 - CubeFinder database generation date=2023-04-03 (1680511692)
2023-04-29 14:55:04,732 [INFO] ApiDb:671 - CubeFinder database FW Pack versions=[FP-ATR-ASTRA1_V2.0.0, STM32Cube_FW_C0_V1.0.1, STM32Cube_FW_F0_V1.11.4, STM32Cube_FW_F3_V1.11.4, STM32Cube_FW_F4_V1.27.1, STM32Cube_FW_F7_V1.17.0, STM32Cube_FW_G0_V1.6.1, STM32Cube_FW_G4_V1.5.1, STM32Cube_FW_H5_V0.5.1, STM32Cube_FW_H5_V1.0.0, STM32Cube_FW_H7_V1.11.0, STM32Cube_FW_L0_V1.12.2, STM32Cube_FW_L5_V1.5.0, STM32Cube_FW_U5_V1.2.0, STM32Cube_FW_WBA_V1.0.0, STM32Cube_FW_WBA_V1.0.0RC1, STM32Cube_FW_WBA_V1.0.0RC3, STM32Cube_FW_WB_V1.15.0RC1, STM32Cube_FW_WB_V1.16.0, STM32Cube_FW_WB_V1.16.0RC2, STM32Cube_FW_WL_V1.3.0, X-CUBE-ALGOBUILD_V1.3.0, X-CUBE-ALS_V1.0.1, X-CUBE-AZRTOS-F4_V1.1.0, X-CUBE-AZRTOS-F7_V1.1.0, X-CUBE-AZRTOS-G0_V1.1.0, X-CUBE-AZRTOS-G4_V1.0.0, X-CUBE-AZRTOS-H7_V3.0.0, X-CUBE-AZRTOS-L4_V1.0.0, X-CUBE-AZRTOS-L5_V1.1.0, X-CUBE-AZRTOS-WB_V1.1.0, X-CUBE-AZRTOS-WL_V1.0.0, X-CUBE-BLE1_V6.2.4, X-CUBE-BLE2_V3.3.0, X-CUBE-BLEMGR_V1.3.0, X-CUBE-EEPRMA1_V4.1.0, X-CUBE-FREERTOS_V1.0.1, X-CUBE-GNSS1_V6.0.0, X-CUBE-MEMS1_V9.1.0, X-CUBE-MEMS1_V9.4.0, X-CUBE-MEMS1_V9.5.0, X-CUBE-NFC4_V3.0.0, X-CUBE-NFC7_V1.0.0, X-CUBE-SFXS2LP1_V4.0.0, X-CUBE-SUBG2_V5.0.0]
2023-04-29 14:55:05,154 [WARN] PackLoader:240 - Cannot read IP mode file for STMicroelectronics.X-CUBE-GNSS1.6.0.0
2023-04-29 14:55:05,155 [INFO] DbBoardsSqlite:226 - include board P-NUCLEO-WB55-NUCLEO as a kit item of type 'Nucleo-64'
2023-04-29 14:55:05,158 [INFO] DbBoardsSqlite:226 - include board P-NUCLEO-WB55-USBDONGLE as a kit item of type 'Nucleo USB Dongle'
2023-04-29 14:55:05,174 [INFO] DbBoardsSqlite:226 - include board STEVAL-IDP005V1 as a kit item of type 'Evaluation Board'
2023-04-29 14:55:05,176 [INFO] DbBoardsSqlite:226 - include board STEVAL-IDP005V2 as a kit item of type 'Evaluation Board'
2023-04-29 14:55:05,279 [WARN] PackLoader:240 - Cannot read IP mode file for STMicroelectronics.X-CUBE-AZRTOS-F4.1.1.0
2023-04-29 14:55:05,319 [WARN] PackLoader:240 - Cannot read IP mode file for STMicroelectronics.X-CUBE-SMBUS.2.1.0
2023-04-29 14:55:05,339 [WARN] PackLoader:240 - Cannot read IP mode file for wolfSSL.I-CUBE-wolfSSL.5.6.0
2023-04-29 14:55:05,423 [WARN] PackLoader:240 - Cannot read IP mode file for STMicroelectronics.X-CUBE-AZRTOS-F7.1.1.0
2023-04-29 14:55:05,613 [WARN] PackLoader:240 - Cannot read IP mode file for STMicroelectronics.X-CUBE-MEMS1.9.6.0
2023-04-29 14:55:06,032 [WARN] PackLoader:240 - Cannot read IP mode file for STMicroelectronics.X-CUBE-BLE1.6.2.4
2023-04-29 14:55:06,062 [WARN] PackLoader:240 - Cannot read IP mode file for emotas.I-CUBE-CANOPEN.1.1.3
2023-04-29 14:55:06,243 [WARN] PackLoader:240 - Cannot read IP mode file for STMicroelectronics.X-CUBE-BLEMGR.2.0.0
2023-04-29 14:55:06,290 [WARN] ConditionMgr:438 - getConditionDescription Invalid condition id : UX DEVICE CLASS RTOS Condition cause : null
2023-04-29 14:55:06,290 [WARN] ConditionMgr:438 - getConditionDescription Invalid condition id : UX DEVICE CLASS RTOS Condition cause : null
2023-04-29 14:55:06,296 [WARN] PackLoader:240 - Cannot read IP mode file for STMicroelectronics.X-CUBE-AZRTOS-H7.3.1.0
2023-04-29 14:55:06,297 [WARN] ConditionMgr:1039 - genDependencies : Invalid condition id : UX DEVICE CLASS RTOS Condition cause : null
2023-04-29 14:55:06,297 [WARN] ConditionMgr:1039 - genDependencies : Invalid condition id : UX DEVICE CLASS RTOS Condition cause : null
2023-04-29 14:55:06,298 [WARN] ConditionMgr:1039 - genDependencies : Invalid condition id : UX DEVICE CLASS RTOS Condition cause : null
2023-04-29 14:55:06,299 [WARN] ConditionMgr:1039 - genDependencies : Invalid condition id : UX DEVICE CLASS RTOS Condition cause : null
2023-04-29 14:55:06,299 [WARN] ConditionMgr:1039 - genDependencies : Invalid condition id : UX DEVICE CLASS RTOS Condition cause : null
2023-04-29 14:55:06,320 [WARN] PackLoader:240 - Cannot read IP mode file for STMicroelectronics.X-CUBE-DISPLAY.3.0.0
2023-04-29 14:55:06,349 [WARN] PackLoader:240 - Cannot read IP mode file for STMicroelectronics.X-CUBE-NFC7.1.0.0
2023-04-29 14:55:06,370 [WARN] PackLoader:240 - Cannot read IP mode file for STMicroelectronics.X-CUBE-EEPRMA1.4.1.0
2023-04-29 14:55:06,390 [WARN] PackLoader:240 - Cannot read IP mode file for WES.I-CUBE-Cesium.1.3.0
2023-04-29 14:55:06,414 [WARN] PackLoader:240 - Cannot read IP mode file for STMicroelectronics.X-CUBE-SFXS2LP1.4.0.0
2023-04-29 14:55:06,436 [WARN] PackLoader:240 - Cannot read IP mode file for STMicroelectronics.X-CUBE-BLE2.3.3.0
2023-04-29 14:55:06,454 [WARN] PackLoader:240 - Cannot read IP mode file for STMicroelectronics.X-CUBE-ISPU.1.1.0
2023-04-29 14:55:06,471 [WARN] PackLoader:240 - Cannot read IP mode file for STMicroelectronics.X-CUBE-AI.8.0.0
2023-04-29 14:55:06,490 [WARN] PackLoader:240 - Cannot read IP mode file for STMicroelectronics.X-CUBE-FREERTOS.1.0.1
2023-04-29 14:55:06,513 [WARN] PackLoader:240 - Cannot read IP mode file for STMicroelectronics.X-CUBE-TOUCHGFX.4.21.3
2023-04-29 14:55:06,533 [WARN] PackLoader:240 - Cannot read IP mode file for STMicroelectronics.X-CUBE-ALGOBUILD.1.3.0
2023-04-29 14:55:06,579 [WARN] PackLoader:240 - Cannot read IP mode file for STMicroelectronics.X-CUBE-AZRTOS-L5.1.1.0
2023-04-29 14:55:06,632 [WARN] PackLoader:240 - Cannot read IP mode file for STMicroelectronics.X-CUBE-AZRTOS-G0.1.1.0
2023-04-29 14:55:06,669 [WARN] PackLoader:240 - Cannot read IP mode file for STMicroelectronics.X-CUBE-SUBG2.5.0.0
2023-04-29 14:55:06,697 [WARN] PackLoader:240 - Cannot read IP mode file for STMicroelectronics.X-CUBE-NFC4.3.0.0
2023-04-29 14:55:06,750 [WARN] PackLoader:240 - Cannot read IP mode file for STMicroelectronics.X-CUBE-AZRTOS-G4.2.0.0
2023-04-29 14:55:06,786 [WARN] PackLoader:240 - Cannot read IP mode file for STMicroelectronics.X-CUBE-TOF1.3.3.0
2023-04-29 14:55:06,821 [WARN] PackLoader:240 - Cannot read IP mode file for STMicroelectronics.FP-ATR-ASTRA1.1.1.1
2023-04-29 14:55:06,867 [WARN] PackLoader:240 - Cannot read IP mode file for STMicroelectronics.X-CUBE-AZRTOS-G4.1.0.0
2023-04-29 14:55:06,888 [WARN] PackLoader:240 - Cannot read IP mode file for STMicroelectronics.FP-ATR-SIGFOX1.3.2.0
2023-04-29 14:55:06,943 [WARN] PackLoader:240 - Cannot read IP mode file for STMicroelectronics.X-CUBE-AZRTOS-L4.1.0.0
2023-04-29 14:55:06,986 [WARN] PackLoader:240 - Cannot read IP mode file for STMicroelectronics.X-CUBE-AZRTOS-WL.1.0.0
2023-04-29 14:55:07,011 [WARN] PackLoader:240 - Cannot read IP mode file for portGmbH.I-Cube-SoM-uGOAL.1.1.0
2023-04-29 14:55:07,029 [WARN] PackLoader:240 - Cannot read IP mode file for STMicroelectronics.X-CUBE-ALS.1.0.1
2023-04-29 14:55:07,130 [WARN] PackLoader:240 - Cannot read IP mode file for STMicroelectronics.X-CUBE-MEMS1.9.5.0
2023-04-29 14:55:07,389 [INFO] ApiDb:240 - Found 297 in-development CPN: [B-G473E-ZEST1S, B-WB1M-WPAN1, B-WL5M-SUBG1, NUCLEO-C031C6, NUCLEO-H503RB, NUCLEO-H563ZI, NUCLEO-U545RE-Q, NUCLEO-U5A5ZJ-Q, NUCLEO-WBA52CG, STEVAL-PROTEUS1, STEVAL-STWINBX1, STM320518-EVAL, STM32C0116-DK, STM32C011D6Y3TR, STM32C011D6Y6TR, STM32C011F4P3, STM32C011F4P6, STM32C011F4U3, STM32C011F4U6TR, STM32C011F6P3, STM32C011F6P6, STM32C011F6U3, STM32C011F6U6TR, STM32C011J4M3, STM32C011J4M6, STM32C011J6M3, STM32C011J6M6, STM32C0316-DK, STM32C031C4T3, STM32C031C4T6, STM32C031C4U3, STM32C031C4U6, STM32C031C6T3, STM32C031C6T6, STM32C031C6U3, STM32C031C6U6, STM32C031F4P3, STM32C031F4P6, STM32C031F6P3, STM32C031F6P6, STM32C031G4U3, STM32C031G4U6, STM32C031G6U3, STM32C031G6U6, STM32C031K4T3, STM32C031K4T6, STM32C031K4U3, STM32C031K4U6, STM32C031K6T3, STM32C031K6T6, STM32C031K6U3, STM32C031K6U6, STM32G071K8TXN, STM32G071K8UXN, STM32G081GBU6N, STM32G081KBT6N, STM32G081KBUXN, STM32G0B1CCT6N, STM32G0B1KCT6, STM32G0B1NEY6TR, STM32G0B1RCT6N, STM32G0C1CCT6, STM32G0C1CCT6N, STM32G0C1CCU6N, STM32G0C1CET6N, STM32G0C1CEU6N, STM32G0C1KCT6, STM32G0C1NEY6TR, STM32G0C1RCI6N, STM32G0C1RCT6N, STM32G0C1REI6N, STM32G0C1RET6N, STM32G0C1VCI6, STM32G0C1VEI6, STM32G471CCT6, STM32G471CCU6, STM32G471CET3, STM32G471CET6, STM32G471CEU3, STM32G471CEU6, STM32G471MCT6, STM32G471MET3, STM32G471MET6, STM32G471MEY6TR, STM32G471QCT6, STM32G471QET3, STM32G471RCT6, STM32G471RET3, STM32G471RET6, STM32G471VCH6, STM32G471VCI6, STM32G471VCT6, STM32G471VEH3, STM32G471VEH6, STM32G471VEI3, STM32G471VEI6, STM32G471VET3, STM32G471VET6, STM32G474CCT6, STM32H503CBT6, STM32H503CBU6, STM32H503EBY6TR, STM32H503KBU6, STM32H503RBT6, STM32H562AGI6, STM32H562AII6, STM32H562IGK6, STM32H562IGT6, STM32H562IIK6, STM32H562IIT6, STM32H562RGT6, STM32H562RGV6, STM32H562RIT6, STM32H562RIV6, STM32H562VGT6, STM32H562VIT6, STM32H562ZGT6, STM32H562ZIT6, STM32H563AGI6, STM32H563AII3Q, STM32H563AII6, STM32H563IGK6, STM32H563IGT6, STM32H563IIK3Q, STM32H563IIK6, STM32H563IIT3Q, STM32H563IIT6, STM32H563MIY3QTR, STM32H563RGT6, STM32H563RGV6, STM32H563RIT6, STM32H563RIV6, STM32H563VGT6, STM32H563VIT3Q, STM32H563VIT6, STM32H563ZGT6, STM32H563ZIT3Q, STM32H563ZIT6, STM32H573AII3Q, STM32H573AII6, STM32H573I-DK, STM32H573IIK3Q, STM32H573IIK6, STM32H573IIT3Q, STM32H573IIT6, STM32H573MIY3QTR, STM32H573RIT6, STM32H573RIV6, STM32H573VIT3Q, STM32H573VIT6, STM32H573ZIT3Q, STM32H573ZIT6, STM32L4R5QGI6STR, STM32MP131AAE3, STM32MP131AAF3, STM32MP131AAG3, STM32MP131CAE3, STM32MP131CAF3, STM32MP131CAG3, STM32MP131DAE7, STM32MP131DAF7, STM32MP131DAG7, STM32MP131FAE7, STM32MP131FAF7, STM32MP131FAG7, STM32MP133AAE3, STM32MP133AAF3, STM32MP133AAG3, STM32MP133CAE3, STM32MP133CAF3, STM32MP133CAG3, STM32MP133DAE7, STM32MP133DAF7, STM32MP133DAG7, STM32MP133FAE7, STM32MP133FAF7, STM32MP133FAG7, STM32MP135AAE3, STM32MP135AAF3, STM32MP135AAG3, STM32MP135CAE3, STM32MP135CAF3, STM32MP135CAG3, STM32MP135DAE7, STM32MP135DAF7, STM32MP135DAG7, STM32MP135F-DK, STM32MP135FAE7, STM32MP135FAF7, STM32MP135FAF7T, STM32MP135FAF7U, STM32MP135FAG7, STM32U535CBT6, STM32U535CBT6Q, STM32U535CBU6, STM32U535CBU6Q, STM32U535CCT6, STM32U535CCT6Q, STM32U535CCU6, STM32U535CCU6Q, STM32U535CET6, STM32U535CET6Q, STM32U535CEU6, STM32U535CEU6Q, STM32U535JEY6QTR, STM32U535NCY6QTR, STM32U535NEY6QTR, STM32U535RBI6, STM32U535RBI6Q, STM32U535RBT6, STM32U535RBT6Q, STM32U535RCI6, STM32U535RCI6Q, STM32U535RCT6, STM32U535RCT6Q, STM32U535REI6, STM32U535REI6Q, STM32U535RET6, STM32U535RET6Q, STM32U535VCI6, STM32U535VCI6Q, STM32U535VCT6, STM32U535VCT6Q, STM32U535VEI6, STM32U535VEI6Q, STM32U535VET6, STM32U535VET6Q, STM32U545CET6, STM32U545CET6Q, STM32U545CEU6, STM32U545CEU6Q, STM32U545JEY6QTR, STM32U545NEY6QTR, STM32U545REI6, STM32U545REI6Q, STM32U545RET6, STM32U545RET6Q, STM32U545VEI6, STM32U545VEI6Q, STM32U545VET6, STM32U545VET6Q, STM32U595AIH6, STM32U595AIH6Q, STM32U595AJH6, STM32U595AJH6Q, STM32U595QII6, STM32U595QII6Q, STM32U595QJI6, STM32U595QJI6Q, STM32U595RIT6, STM32U595RIT6Q, STM32U595RJT6, STM32U595RJT6Q, STM32U595VIT6, STM32U595VIT6Q, STM32U595VJT6, STM32U595VJT6Q, STM32U595ZIT6, STM32U595ZIT6Q, STM32U595ZIY6QTR, STM32U595ZJT6, STM32U595ZJT6Q, STM32U595ZJY6QTR, STM32U599BJY6QTR, STM32U599NIH6Q, STM32U599NJH6Q, STM32U599VIT6Q, STM32U599VJT6, STM32U599VJT6Q, STM32U599ZIT6Q, STM32U599ZIY6QTR, STM32U599ZJT6Q, STM32U599ZJY6QTR, STM32U5A5AJH6, STM32U5A5AJH6Q, STM32U5A5QJI6, STM32U5A5QJI6Q, STM32U5A5RJT6, STM32U5A5RJT6Q, STM32U5A5VJT6, STM32U5A5VJT6Q, STM32U5A5ZJT6, STM32U5A5ZJT6Q, STM32U5A5ZJY6QTR, STM32U5A9BJY6QTR, STM32U5A9J-DK, STM32U5A9NJH6Q, STM32U5A9VJT6Q, STM32U5A9ZJT6Q, STM32U5A9ZJY6QTR, STM32WB1MMCH6, STM32WBA52CEU6, STM32WBA52CEU6T, STM32WBA52CGU6, STM32WBA52CGU6T, STM32WL5MOCH6, STM32WL5MOCH6TR]
2023-04-29 14:55:07,427 [WARN] PackLoader:240 - Cannot read IP mode file for STMicroelectronics.X-CUBE-AZRTOS-WB.1.1.0
2023-04-29 14:55:07,499 [WARN] PackLoader:240 - Cannot read IP mode file for SEGGER.I-CUBE-embOS.1.3.1
2023-04-29 14:55:07,570 [WARN] PackLoader:240 - Cannot read IP mode file for STMicroelectronics.FP-ATR-ASTRA1.2.0.0
2023-04-29 14:55:07,572 [INFO] ThirdParty:978 - Integrity check success = true
2023-04-29 14:55:07,572 [INFO] IntegrityCheckThread:100 - exiting critical section [integrity check]
2023-04-29 14:55:07,572 [INFO] IntegrityCheckThread:103 - End integrity checks thread
2023-04-29 14:55:07,644 [INFO] BoardInfo:880 - No configuration file found for board P-NUCLEO-WB55
2023-04-29 14:55:07,644 [INFO] DbBoards:157 - Kit is not supported: P-NUCLEO-WB55
2023-04-29 14:55:07,655 [INFO] BoardInfo:880 - No configuration file found for board STEVAL-BFA001V1B
2023-04-29 14:55:07,655 [INFO] DbBoards:157 - Kit is not supported: STEVAL-BFA001V1B
2023-04-29 14:55:07,658 [INFO] BoardInfo:880 - No configuration file found for board STEVAL-BFA001V2B
2023-04-29 14:55:07,658 [INFO] DbBoards:157 - Kit is not supported: STEVAL-BFA001V2B
2023-04-29 14:55:07,930 [INFO] DbBoards:161 - Found 187 boards, 184 are supported
2023-04-29 14:55:07,935 [INFO] ApiDb:668 - CubeFinder database Data Model version=2.1
2023-04-29 14:55:07,935 [INFO] ApiDb:669 - CubeFinder database Configuration version=3.0.35
2023-04-29 14:55:07,935 [INFO] ApiDb:670 - CubeFinder database generation date=2023-04-03 (1680511692)
2023-04-29 14:55:07,936 [INFO] ApiDb:671 - CubeFinder database FW Pack versions=[FP-ATR-ASTRA1_V2.0.0, STM32Cube_FW_C0_V1.0.1, STM32Cube_FW_F0_V1.11.4, STM32Cube_FW_F3_V1.11.4, STM32Cube_FW_F4_V1.27.1, STM32Cube_FW_F7_V1.17.0, STM32Cube_FW_G0_V1.6.1, STM32Cube_FW_G4_V1.5.1, STM32Cube_FW_H5_V0.5.1, STM32Cube_FW_H5_V1.0.0, STM32Cube_FW_H7_V1.11.0, STM32Cube_FW_L0_V1.12.2, STM32Cube_FW_L5_V1.5.0, STM32Cube_FW_U5_V1.2.0, STM32Cube_FW_WBA_V1.0.0, STM32Cube_FW_WBA_V1.0.0RC1, STM32Cube_FW_WBA_V1.0.0RC3, STM32Cube_FW_WB_V1.15.0RC1, STM32Cube_FW_WB_V1.16.0, STM32Cube_FW_WB_V1.16.0RC2, STM32Cube_FW_WL_V1.3.0, X-CUBE-ALGOBUILD_V1.3.0, X-CUBE-ALS_V1.0.1, X-CUBE-AZRTOS-F4_V1.1.0, X-CUBE-AZRTOS-F7_V1.1.0, X-CUBE-AZRTOS-G0_V1.1.0, X-CUBE-AZRTOS-G4_V1.0.0, X-CUBE-AZRTOS-H7_V3.0.0, X-CUBE-AZRTOS-L4_V1.0.0, X-CUBE-AZRTOS-L5_V1.1.0, X-CUBE-AZRTOS-WB_V1.1.0, X-CUBE-AZRTOS-WL_V1.0.0, X-CUBE-BLE1_V6.2.4, X-CUBE-BLE2_V3.3.0, X-CUBE-BLEMGR_V1.3.0, X-CUBE-EEPRMA1_V4.1.0, X-CUBE-FREERTOS_V1.0.1, X-CUBE-GNSS1_V6.0.0, X-CUBE-MEMS1_V9.1.0, X-CUBE-MEMS1_V9.4.0, X-CUBE-MEMS1_V9.5.0, X-CUBE-NFC4_V3.0.0, X-CUBE-NFC7_V1.0.0, X-CUBE-SFXS2LP1_V4.0.0, X-CUBE-SUBG2_V5.0.0]
2023-04-29 14:55:11,156 [INFO] ApiDb:240 - Found 297 in-development CPN: [B-G473E-ZEST1S, B-WB1M-WPAN1, B-WL5M-SUBG1, NUCLEO-C031C6, NUCLEO-H503RB, NUCLEO-H563ZI, NUCLEO-U545RE-Q, NUCLEO-U5A5ZJ-Q, NUCLEO-WBA52CG, STEVAL-PROTEUS1, STEVAL-STWINBX1, STM320518-EVAL, STM32C0116-DK, STM32C011D6Y3TR, STM32C011D6Y6TR, STM32C011F4P3, STM32C011F4P6, STM32C011F4U3, STM32C011F4U6TR, STM32C011F6P3, STM32C011F6P6, STM32C011F6U3, STM32C011F6U6TR, STM32C011J4M3, STM32C011J4M6, STM32C011J6M3, STM32C011J6M6, STM32C0316-DK, STM32C031C4T3, STM32C031C4T6, STM32C031C4U3, STM32C031C4U6, STM32C031C6T3, STM32C031C6T6, STM32C031C6U3, STM32C031C6U6, STM32C031F4P3, STM32C031F4P6, STM32C031F6P3, STM32C031F6P6, STM32C031G4U3, STM32C031G4U6, STM32C031G6U3, STM32C031G6U6, STM32C031K4T3, STM32C031K4T6, STM32C031K4U3, STM32C031K4U6, STM32C031K6T3, STM32C031K6T6, STM32C031K6U3, STM32C031K6U6, STM32G071K8TXN, STM32G071K8UXN, STM32G081GBU6N, STM32G081KBT6N, STM32G081KBUXN, STM32G0B1CCT6N, STM32G0B1KCT6, STM32G0B1NEY6TR, STM32G0B1RCT6N, STM32G0C1CCT6, STM32G0C1CCT6N, STM32G0C1CCU6N, STM32G0C1CET6N, STM32G0C1CEU6N, STM32G0C1KCT6, STM32G0C1NEY6TR, STM32G0C1RCI6N, STM32G0C1RCT6N, STM32G0C1REI6N, STM32G0C1RET6N, STM32G0C1VCI6, STM32G0C1VEI6, STM32G471CCT6, STM32G471CCU6, STM32G471CET3, STM32G471CET6, STM32G471CEU3, STM32G471CEU6, STM32G471MCT6, STM32G471MET3, STM32G471MET6, STM32G471MEY6TR, STM32G471QCT6, STM32G471QET3, STM32G471RCT6, STM32G471RET3, STM32G471RET6, STM32G471VCH6, STM32G471VCI6, STM32G471VCT6, STM32G471VEH3, STM32G471VEH6, STM32G471VEI3, STM32G471VEI6, STM32G471VET3, STM32G471VET6, STM32G474CCT6, STM32H503CBT6, STM32H503CBU6, STM32H503EBY6TR, STM32H503KBU6, STM32H503RBT6, STM32H562AGI6, STM32H562AII6, STM32H562IGK6, STM32H562IGT6, STM32H562IIK6, STM32H562IIT6, STM32H562RGT6, STM32H562RGV6, STM32H562RIT6, STM32H562RIV6, STM32H562VGT6, STM32H562VIT6, STM32H562ZGT6, STM32H562ZIT6, STM32H563AGI6, STM32H563AII3Q, STM32H563AII6, STM32H563IGK6, STM32H563IGT6, STM32H563IIK3Q, STM32H563IIK6, STM32H563IIT3Q, STM32H563IIT6, STM32H563MIY3QTR, STM32H563RGT6, STM32H563RGV6, STM32H563RIT6, STM32H563RIV6, STM32H563VGT6, STM32H563VIT3Q, STM32H563VIT6, STM32H563ZGT6, STM32H563ZIT3Q, STM32H563ZIT6, STM32H573AII3Q, STM32H573AII6, STM32H573I-DK, STM32H573IIK3Q, STM32H573IIK6, STM32H573IIT3Q, STM32H573IIT6, STM32H573MIY3QTR, STM32H573RIT6, STM32H573RIV6, STM32H573VIT3Q, STM32H573VIT6, STM32H573ZIT3Q, STM32H573ZIT6, STM32L4R5QGI6STR, STM32MP131AAE3, STM32MP131AAF3, STM32MP131AAG3, STM32MP131CAE3, STM32MP131CAF3, STM32MP131CAG3, STM32MP131DAE7, STM32MP131DAF7, STM32MP131DAG7, STM32MP131FAE7, STM32MP131FAF7, STM32MP131FAG7, STM32MP133AAE3, STM32MP133AAF3, STM32MP133AAG3, STM32MP133CAE3, STM32MP133CAF3, STM32MP133CAG3, STM32MP133DAE7, STM32MP133DAF7, STM32MP133DAG7, STM32MP133FAE7, STM32MP133FAF7, STM32MP133FAG7, STM32MP135AAE3, STM32MP135AAF3, STM32MP135AAG3, STM32MP135CAE3, STM32MP135CAF3, STM32MP135CAG3, STM32MP135DAE7, STM32MP135DAF7, STM32MP135DAG7, STM32MP135F-DK, STM32MP135FAE7, STM32MP135FAF7, STM32MP135FAF7T, STM32MP135FAF7U, STM32MP135FAG7, STM32U535CBT6, STM32U535CBT6Q, STM32U535CBU6, STM32U535CBU6Q, STM32U535CCT6, STM32U535CCT6Q, STM32U535CCU6, STM32U535CCU6Q, STM32U535CET6, STM32U535CET6Q, STM32U535CEU6, STM32U535CEU6Q, STM32U535JEY6QTR, STM32U535NCY6QTR, STM32U535NEY6QTR, STM32U535RBI6, STM32U535RBI6Q, STM32U535RBT6, STM32U535RBT6Q, STM32U535RCI6, STM32U535RCI6Q, STM32U535RCT6, STM32U535RCT6Q, STM32U535REI6, STM32U535REI6Q, STM32U535RET6, STM32U535RET6Q, STM32U535VCI6, STM32U535VCI6Q, STM32U535VCT6, STM32U535VCT6Q, STM32U535VEI6, STM32U535VEI6Q, STM32U535VET6, STM32U535VET6Q, STM32U545CET6, STM32U545CET6Q, STM32U545CEU6, STM32U545CEU6Q, STM32U545JEY6QTR, STM32U545NEY6QTR, STM32U545REI6, STM32U545REI6Q, STM32U545RET6, STM32U545RET6Q, STM32U545VEI6, STM32U545VEI6Q, STM32U545VET6, STM32U545VET6Q, STM32U595AIH6, STM32U595AIH6Q, STM32U595AJH6, STM32U595AJH6Q, STM32U595QII6, STM32U595QII6Q, STM32U595QJI6, STM32U595QJI6Q, STM32U595RIT6, STM32U595RIT6Q, STM32U595RJT6, STM32U595RJT6Q, STM32U595VIT6, STM32U595VIT6Q, STM32U595VJT6, STM32U595VJT6Q, STM32U595ZIT6, STM32U595ZIT6Q, STM32U595ZIY6QTR, STM32U595ZJT6, STM32U595ZJT6Q, STM32U595ZJY6QTR, STM32U599BJY6QTR, STM32U599NIH6Q, STM32U599NJH6Q, STM32U599VIT6Q, STM32U599VJT6, STM32U599VJT6Q, STM32U599ZIT6Q, STM32U599ZIY6QTR, STM32U599ZJT6Q, STM32U599ZJY6QTR, STM32U5A5AJH6, STM32U5A5AJH6Q, STM32U5A5QJI6, STM32U5A5QJI6Q, STM32U5A5RJT6, STM32U5A5RJT6Q, STM32U5A5VJT6, STM32U5A5VJT6Q, STM32U5A5ZJT6, STM32U5A5ZJT6Q, STM32U5A5ZJY6QTR, STM32U5A9BJY6QTR, STM32U5A9J-DK, STM32U5A9NJH6Q, STM32U5A9VJT6Q, STM32U5A9ZJT6Q, STM32U5A9ZJY6QTR, STM32WB1MMCH6, STM32WBA52CEU6, STM32WBA52CEU6T, STM32WBA52CGU6, STM32WBA52CGU6T, STM32WL5MOCH6, STM32WL5MOCH6TR]
2023-04-29 14:55:11,161 [INFO] DbMcus:216 - Found 3775 MCUs, 3775 are supported
2023-04-29 14:55:11,164 [INFO] ApiDb:423 - Load user favorites file C:\Users\mehmet.sahin/.stm32cubeide/favorites.mcus.txt: 0 item(s)
2023-04-29 14:55:11,164 [INFO] ApiDb:427 - User favorites MCUs=[]
2023-04-29 14:55:11,164 [INFO] DbMcus:222 - Set 0 / 0 favorites MCUs
2023-04-29 14:55:11,562 [INFO] ApiDb:423 - Load user favorites file C:\Users\mehmet.sahin/.stm32cubeide/favorites.boards.txt: 1 item(s)
2023-04-29 14:55:11,562 [INFO] ApiDb:427 - User favorites Boards=[STM32F407G-DISC1]
2023-04-29 14:55:11,562 [INFO] DbBoards:190 - Set 1 / 1 favorites Boards
2023-04-29 14:55:11,563 [INFO] McuFinderGlobals:66 - Set McuFinderConnectedMode to true
2023-04-29 14:55:11,575 [INFO] MultiScanPanel:200 - Auto-refresh data requested => check proxy status ongoing
2023-04-29 14:55:11,580 [INFO] FinderPluginLoader:95 - Searching for filters in installed packs
2023-04-29 14:55:15,058 [INFO] LoadUrlFilesThread:185 - End of LoadServerUrlFiles without Thread
2023-04-29 14:55:15,064 [ERROR] LogOutputStream:75 - [STDERR_REDIRECT] SLF4J: Failed to load class "org.slf4j.impl.StaticLoggerBinder".
2023-04-29 14:55:15,065 [ERROR] LogOutputStream:75 - [STDERR_REDIRECT] SLF4J: Defaulting to no-operation (NOP) logger implementation
2023-04-29 14:55:15,068 [ERROR] LogOutputStream:75 - [STDERR_REDIRECT] SLF4J: See http://www.slf4j.org/codes.html#StaticLoggerBinder for further details.
2023-04-29 14:55:15,115 [INFO] DetailPanel:341 - Set advertising image to C:/Users/mehmet.sahin/STM32Cube/Repository/\en.prom-stm32h5-mcu-finder.jpg
2023-04-29 14:55:49,955 [INFO] MainUpdater:2854 - connection check result : 10
2023-04-29 14:55:49,955 [INFO] MainUpdater:2854 - connection check result : 10
2023-04-29 14:55:50,094 [INFO] MicroXplorer:468 - Change Database Path : 
2023-04-29 14:55:50,094 [INFO] MicroXplorer:498 - Change Database Version : DB.6.0.81
2023-04-29 14:55:50,095 [WARN] ThirdParty:871 - waiting for thirdparty lock release [close project]
2023-04-29 14:55:50,095 [INFO] ThirdParty:873 - entering critical section [close project]
2023-04-29 14:55:50,097 [INFO] ThirdParty:883 - exiting critical section [close project]
2023-04-29 14:55:50,102 [INFO] PinOutPanel:1499 - setPackage(No Configuration,No Configuration)
2023-04-29 14:55:50,111 [INFO] UtilMem:75 - Begin LoadConfig() Used Memory: 349365976 Bytes (448790528)
2023-04-29 14:56:01,536 [INFO] MicroXplorer:468 - Change Database Path : 
2023-04-29 14:56:01,536 [INFO] MicroXplorer:498 - Change Database Version : DB.6.0.81
2023-04-29 14:56:01,537 [INFO] OpenFileManager:308 - Change cursor
2023-04-29 14:56:01,807 [INFO] Mcu:1937 - Initializing MCU STM32F407V(E-G)Tx STM32F407VGTx STM32F407VGT6
2023-04-29 14:56:06,945 [INFO] Context:659 - Trying to add GPIOservice into a context  which must be forbidden
2023-04-29 14:56:09,460 [INFO] RtosManager:555 - Registered RTOS mode: class=CMSIS, group=RTOS, mode=CMSIS_V1, owner=FREERTOS
2023-04-29 14:56:09,460 [INFO] RtosManager:555 - Registered RTOS mode: class=CMSIS, group=RTOS2, mode=CMSIS_V2, owner=FREERTOS
2023-04-29 14:56:09,461 [INFO] RtosManager:555 - Registered RTOS mode: class=RTOS, group=Core, mode=CMSIS_V1, owner=FREERTOS
2023-04-29 14:56:09,461 [INFO] RtosManager:555 - Registered RTOS mode: class=RTOS, group=Core, mode=CMSIS_V2, owner=FREERTOS
2023-04-29 14:56:09,461 [WARN] ModelIntegratedComponent:184 - Missing modes for component STMicroelectronics:FreeRTOS:0.0.1:STMicroelectronics:RTOS:FreeRTOS:Core:::10.2.0:
2023-04-29 14:56:09,553 [WARN] ModelIntegratedComponent:63 - No mode defined for component null
2023-04-29 14:56:09,558 [WARN] ModelIntegratedComponent:63 - No mode defined for component null
2023-04-29 14:56:09,558 [WARN] ModelIntegratedComponent:63 - No mode defined for component null
2023-04-29 14:56:09,558 [WARN] ModelIntegratedComponent:63 - No mode defined for component null
2023-04-29 14:56:09,559 [WARN] ModelIntegratedComponent:63 - No mode defined for component null
2023-04-29 14:56:09,559 [WARN] ModelIntegratedComponent:63 - No mode defined for component null
2023-04-29 14:56:09,559 [WARN] ModelIntegratedComponent:63 - No mode defined for component null
2023-04-29 14:56:09,560 [WARN] ModelIntegratedComponent:63 - No mode defined for component null
2023-04-29 14:56:09,560 [WARN] ModelIntegratedComponent:63 - No mode defined for component null
2023-04-29 14:56:09,560 [WARN] ModelIntegratedComponent:63 - No mode defined for component null
2023-04-29 14:56:09,560 [WARN] ModelIntegratedComponent:63 - No mode defined for component null
2023-04-29 14:56:09,560 [WARN] ModelIntegratedComponent:63 - No mode defined for component null
2023-04-29 14:56:09,560 [WARN] ModelIntegratedComponent:63 - No mode defined for component null
2023-04-29 14:56:09,560 [WARN] ModelIntegratedComponent:63 - No mode defined for component null
2023-04-29 14:56:09,561 [WARN] ModelIntegratedComponent:63 - No mode defined for component null
2023-04-29 14:56:09,561 [WARN] ModelIntegratedComponent:63 - No mode defined for component null
2023-04-29 14:56:09,561 [WARN] ModelIntegratedComponent:63 - No mode defined for component null
2023-04-29 14:56:09,561 [WARN] ModelIntegratedComponent:63 - No mode defined for component null
2023-04-29 14:56:09,561 [WARN] ModelIntegratedComponent:63 - No mode defined for component null
2023-04-29 14:56:09,561 [WARN] ModelIntegratedComponent:63 - No mode defined for component null
2023-04-29 14:56:09,561 [WARN] ModelIntegratedComponent:63 - No mode defined for component null
2023-04-29 14:56:09,562 [WARN] ModelIntegratedComponent:63 - No mode defined for component null
2023-04-29 14:56:09,562 [WARN] ModelIntegratedComponent:63 - No mode defined for component null
2023-04-29 14:56:09,562 [WARN] ModelIntegratedComponent:63 - No mode defined for component null
2023-04-29 14:56:09,562 [WARN] ModelIntegratedComponent:63 - No mode defined for component null
2023-04-29 14:56:09,562 [WARN] ModelIntegratedComponent:63 - No mode defined for component null
2023-04-29 14:56:09,562 [WARN] ModelIntegratedComponent:63 - No mode defined for component null
2023-04-29 14:56:09,562 [WARN] ModelIntegratedComponent:63 - No mode defined for component null
2023-04-29 14:56:09,562 [WARN] ModelIntegratedComponent:63 - No mode defined for component null
2023-04-29 14:56:09,562 [WARN] ModelIntegratedComponent:63 - No mode defined for component null
2023-04-29 14:56:09,563 [WARN] ModelIntegratedComponent:63 - No mode defined for component null
2023-04-29 14:56:09,563 [WARN] ModelIntegratedComponent:63 - No mode defined for component null
2023-04-29 14:56:09,563 [WARN] ModelIntegratedComponent:63 - No mode defined for component null
2023-04-29 14:56:09,845 [INFO] ThirdPartyModel:298 - Start build external matchings
2023-04-29 14:56:11,018 [INFO] ThirdPartyModel:316 - End build external matchings
2023-04-29 14:56:11,053 [INFO] RtosManager:919 - Current active RTOS is FREERTOS [Cortex-M4NS]
2023-04-29 14:56:11,082 [INFO] ImportTextPane:194 - (OptionalMessage_ERROR) IP (RCC) : Parameter (RTCHSEDivFreq_Value) has invalid value (4000000)
2023-04-29 14:56:11,873 [INFO] UtilMem:75 - End LoadConfig() Used Memory: 493653272 Bytes (615514112)
2023-04-29 14:56:12,280 [WARN] ThirdParty:833 - waiting for thirdparty lock release [change project]
2023-04-29 14:56:12,281 [INFO] ThirdParty:835 - entering critical section [change project]
2023-04-29 14:56:12,281 [INFO] ThirdParty:1030 - CMSIS Pack Vendor :STMicroelectronics X-CUBE-ISPU 1.1.0
2023-04-29 14:56:12,281 [INFO] ThirdParty:1030 - CMSIS Pack Vendor :STMicroelectronics X-CUBE-GNSS1 6.0.0
2023-04-29 14:56:12,281 [INFO] ThirdParty:1030 - CMSIS Pack Vendor :STMicroelectronics USB_HOST 2.0.0
2023-04-29 14:56:12,281 [INFO] ThirdParty:1030 - CMSIS Pack Vendor :STMicroelectronics X-CUBE-AZRTOS-F4 1.1.0
2023-04-29 14:56:12,281 [INFO] ThirdParty:1030 - CMSIS Pack Vendor :STMicroelectronics LIBJPEG 8.0.0
2023-04-29 14:56:12,281 [INFO] ThirdParty:1030 - CMSIS Pack Vendor :STMicroelectronics X-CUBE-SMBUS 2.1.0
2023-04-29 14:56:12,282 [INFO] ThirdParty:1030 - CMSIS Pack Vendor :wolfSSL I-CUBE-wolfSSL 5.6.0
2023-04-29 14:56:12,282 [INFO] ThirdParty:1030 - CMSIS Pack Vendor :STMicroelectronics USB_DEVICE 3.0.0
2023-04-29 14:56:12,282 [INFO] ThirdParty:1030 - CMSIS Pack Vendor :STMicroelectronics X-CUBE-AI 8.0.0
2023-04-29 14:56:12,282 [INFO] ThirdParty:1030 - CMSIS Pack Vendor :STMicroelectronics X-CUBE-FREERTOS 1.0.1
2023-04-29 14:56:12,282 [INFO] ThirdParty:1030 - CMSIS Pack Vendor :STMicroelectronics X-CUBE-TOUCHGFX 4.21.3
2023-04-29 14:56:12,282 [INFO] ThirdParty:1030 - CMSIS Pack Vendor :STMicroelectronics X-CUBE-AZRTOS-F7 1.1.0
2023-04-29 14:56:12,282 [INFO] ThirdParty:1030 - CMSIS Pack Vendor :STMicroelectronics USB_DEVICE 2.0.0
2023-04-29 14:56:12,282 [INFO] ThirdParty:1030 - CMSIS Pack Vendor :STMicroelectronics X-CUBE-MEMS1 9.6.0
2023-04-29 14:56:12,282 [INFO] ThirdParty:1030 - CMSIS Pack Vendor :STMicroelectronics X-CUBE-ALGOBUILD 1.3.0
2023-04-29 14:56:12,282 [INFO] ThirdParty:1030 - CMSIS Pack Vendor :STMicroelectronics X-CUBE-BLE1 6.2.4
2023-04-29 14:56:12,282 [INFO] ThirdParty:1030 - CMSIS Pack Vendor :STMicroelectronics X-CUBE-AZRTOS-L5 1.1.0
2023-04-29 14:56:12,282 [INFO] ThirdParty:1030 - CMSIS Pack Vendor :STMicroelectronics FreeRTOS 0.0.1
2023-04-29 14:56:12,282 [INFO] ThirdParty:1030 - CMSIS Pack Vendor :emotas I-CUBE-CANOPEN 1.1.3
2023-04-29 14:56:12,282 [INFO] ThirdParty:1030 - CMSIS Pack Vendor :STMicroelectronics X-CUBE-AZRTOS-G0 1.1.0
2023-04-29 14:56:12,283 [INFO] ThirdParty:1030 - CMSIS Pack Vendor :STMicroelectronics X-CUBE-BLEMGR 2.0.0
2023-04-29 14:56:12,283 [INFO] ThirdParty:1030 - CMSIS Pack Vendor :STMicroelectronics X-CUBE-SUBG2 5.0.0
2023-04-29 14:56:12,283 [INFO] ThirdParty:1030 - CMSIS Pack Vendor :STMicroelectronics X-CUBE-NFC4 3.0.0
2023-04-29 14:56:12,283 [INFO] ThirdParty:1030 - CMSIS Pack Vendor :STMicroelectronics STM32_WPAN 1.0.0
2023-04-29 14:56:12,283 [INFO] ThirdParty:1030 - CMSIS Pack Vendor :STMicroelectronics lwIP 2.0.3
2023-04-29 14:56:12,283 [INFO] ThirdParty:1030 - CMSIS Pack Vendor :STMicroelectronics USB_HOST 1.0.0
2023-04-29 14:56:12,283 [INFO] ThirdParty:1030 - CMSIS Pack Vendor :STMicroelectronics X-CUBE-AZRTOS-G4 2.0.0
2023-04-29 14:56:12,283 [INFO] ThirdParty:1030 - CMSIS Pack Vendor :STMicroelectronics PDM2PCM 3.1.0
2023-04-29 14:56:12,283 [INFO] ThirdParty:1030 - CMSIS Pack Vendor :STMicroelectronics X-CUBE-AZRTOS-H7 3.1.0
2023-04-29 14:56:12,283 [INFO] ThirdParty:1030 - CMSIS Pack Vendor :STMicroelectronics X-CUBE-TOF1 3.3.0
2023-04-29 14:56:12,283 [INFO] ThirdParty:1030 - CMSIS Pack Vendor :STMicroelectronics FP-ATR-ASTRA1 1.1.1
2023-04-29 14:56:12,283 [INFO] ThirdParty:1030 - CMSIS Pack Vendor :STMicroelectronics PDM2PCM 3.3.0
2023-04-29 14:56:12,283 [INFO] ThirdParty:1030 - CMSIS Pack Vendor :STMicroelectronics X-CUBE-DISPLAY 3.0.0
2023-04-29 14:56:12,284 [INFO] ThirdParty:1030 - CMSIS Pack Vendor :STMicroelectronics X-CUBE-AZRTOS-G4 1.0.0
2023-04-29 14:56:12,288 [INFO] ThirdParty:1030 - CMSIS Pack Vendor :STMicroelectronics FP-ATR-SIGFOX1 3.2.0
2023-04-29 14:56:12,288 [INFO] ThirdParty:1030 - CMSIS Pack Vendor :STMicroelectronics X-CUBE-AZRTOS-L4 1.0.0
2023-04-29 14:56:12,288 [INFO] ThirdParty:1030 - CMSIS Pack Vendor :STMicroelectronics HAL Drivers 0.0.0
2023-04-29 14:56:12,288 [INFO] ThirdParty:1030 - CMSIS Pack Vendor :STMicroelectronics MBEDTLS 2.16.2
2023-04-29 14:56:12,288 [INFO] ThirdParty:1030 - CMSIS Pack Vendor :STMicroelectronics MBEDTLS 2.14.1
2023-04-29 14:56:12,288 [INFO] ThirdParty:1030 - CMSIS Pack Vendor :STMicroelectronics X-CUBE-NFC7 1.0.0
2023-04-29 14:56:12,293 [INFO] ThirdParty:1030 - CMSIS Pack Vendor :STMicroelectronics X-CUBE-AZRTOS-WL 1.0.0
2023-04-29 14:56:12,293 [INFO] ThirdParty:1030 - CMSIS Pack Vendor :STMicroelectronics X-CUBE-EEPRMA1 4.1.0
2023-04-29 14:56:12,294 [INFO] ThirdParty:1030 - CMSIS Pack Vendor :portGmbH I-Cube-SoM-uGOAL 1.1.0
2023-04-29 14:56:12,294 [INFO] ThirdParty:1030 - CMSIS Pack Vendor :STMicroelectronics X-CUBE-ALS 1.0.1
2023-04-29 14:56:12,294 [INFO] ThirdParty:1030 - CMSIS Pack Vendor :STMicroelectronics X-CUBE-MEMS1 9.5.0
2023-04-29 14:56:12,294 [INFO] ThirdParty:1030 - CMSIS Pack Vendor :STMicroelectronics ThreadX 1.0.0
2023-04-29 14:56:12,294 [INFO] ThirdParty:1030 - CMSIS Pack Vendor :STMicroelectronics X-CUBE-AZRTOS-WB 1.1.0
2023-04-29 14:56:12,294 [INFO] ThirdParty:1030 - CMSIS Pack Vendor :SEGGER I-CUBE-embOS 1.3.1
2023-04-29 14:56:12,294 [INFO] ThirdParty:1030 - CMSIS Pack Vendor :STMicroelectronics USB_DEVICE 1.0.0
2023-04-29 14:56:12,294 [INFO] ThirdParty:1030 - CMSIS Pack Vendor :STMicroelectronics ThreadX 0.0.2
2023-04-29 14:56:12,294 [INFO] ThirdParty:1030 - CMSIS Pack Vendor :WES I-CUBE-Cesium 1.3.0
2023-04-29 14:56:12,294 [INFO] ThirdParty:1030 - CMSIS Pack Vendor :STMicroelectronics FP-ATR-ASTRA1 2.0.0
2023-04-29 14:56:12,295 [INFO] ThirdParty:1030 - CMSIS Pack Vendor :STMicroelectronics lwIP 2.1.2
2023-04-29 14:56:12,295 [INFO] ThirdParty:1030 - CMSIS Pack Vendor :STMicroelectronics X-CUBE-SFXS2LP1 4.0.0
2023-04-29 14:56:12,295 [INFO] ThirdParty:1030 - CMSIS Pack Vendor :STMicroelectronics X-CUBE-BLE2 3.3.0
2023-04-29 14:56:12,295 [INFO] ThirdParty:1030 - CMSIS Pack Vendor :STMicroelectronics PDM2PCM 3.2.0
2023-04-29 14:56:12,295 [INFO] ThirdParty:841 - exiting critical section [change project]
2023-04-29 14:56:13,877 [INFO] PinOutPanel:1499 - setPackage(No Configuration,No Configuration)
2023-04-29 14:56:13,879 [INFO] PinOutPanel:1499 - setPackage(STM32F407VGTx,LQFP100)
2023-04-29 14:56:16,184 [INFO] UtilMem:75 - Before build in PCC Used Memory: 477120200 Bytes (623902720)
2023-04-29 14:56:19,441 [INFO] UtilMem:75 - After build in PCC Used Memory: 544387192 Bytes (623902720)
2023-04-29 14:56:19,648 [INFO] ApiDbMcu:507 - Load IP Config File for FREERTOS
2023-04-29 14:56:19,783 [INFO] IPUIPlugin:80 - create IPUIPlugin
2023-04-29 14:56:19,783 [INFO] IPUIPlugin:80 - create IPUIPlugin
2023-04-29 14:56:19,783 [INFO] IPUIPlugin:80 - create IPUIPlugin
2023-04-29 14:56:19,783 [INFO] IPUIPlugin:80 - create IPUIPlugin
2023-04-29 14:56:19,783 [INFO] IPUIPlugin:80 - create IPUIPlugin
2023-04-29 14:56:19,784 [INFO] IPUIPlugin:80 - create IPUIPlugin
2023-04-29 14:56:19,784 [INFO] IPUIPlugin:80 - create IPUIPlugin
2023-04-29 14:56:19,784 [INFO] IPUIPlugin:80 - create IPUIPlugin
2023-04-29 14:56:19,785 [INFO] IPUIPlugin:80 - create IPUIPlugin
2023-04-29 14:56:19,785 [INFO] IPUIPlugin:80 - create IPUIPlugin
2023-04-29 14:56:19,785 [INFO] IPUIPlugin:80 - create IPUIPlugin
2023-04-29 14:56:19,785 [INFO] IPUIPlugin:80 - create IPUIPlugin
2023-04-29 14:56:19,785 [INFO] IPUIPlugin:80 - create IPUIPlugin
2023-04-29 14:56:19,786 [INFO] IPUIPlugin:80 - create IPUIPlugin
2023-04-29 14:56:19,786 [INFO] IPUIPlugin:80 - create IPUIPlugin
2023-04-29 14:56:19,786 [INFO] IPUIPlugin:80 - create IPUIPlugin
2023-04-29 14:56:19,786 [INFO] IPUIPlugin:80 - create IPUIPlugin
2023-04-29 14:56:19,786 [INFO] IPUIPlugin:80 - create IPUIPlugin
2023-04-29 14:56:19,786 [INFO] IPUIPlugin:80 - create IPUIPlugin
2023-04-29 14:56:19,787 [INFO] IPUIPlugin:80 - create IPUIPlugin
2023-04-29 14:56:19,787 [INFO] IPUIPlugin:80 - create IPUIPlugin
2023-04-29 14:56:19,788 [INFO] IPUIPlugin:80 - create IPUIPlugin
2023-04-29 14:56:19,788 [INFO] IPUIPlugin:80 - create IPUIPlugin
2023-04-29 14:56:19,789 [INFO] IPUIPlugin:80 - create IPUIPlugin
2023-04-29 14:56:19,789 [INFO] IPUIPlugin:80 - create IPUIPlugin
2023-04-29 14:56:19,790 [INFO] IPUIPlugin:80 - create IPUIPlugin
2023-04-29 14:56:19,790 [INFO] IPUIPlugin:80 - create IPUIPlugin
2023-04-29 14:56:19,791 [INFO] IPUIPlugin:80 - create IPUIPlugin
2023-04-29 14:56:19,791 [INFO] IPUIPlugin:80 - create IPUIPlugin
2023-04-29 14:56:19,791 [INFO] IPUIPlugin:80 - create IPUIPlugin
2023-04-29 14:56:19,792 [INFO] IPUIPlugin:80 - create IPUIPlugin
2023-04-29 14:56:19,792 [INFO] IPUIPlugin:80 - create IPUIPlugin
2023-04-29 14:56:19,793 [INFO] IPUIPlugin:80 - create IPUIPlugin
2023-04-29 14:56:19,793 [INFO] IPUIPlugin:80 - create IPUIPlugin
2023-04-29 14:56:19,794 [INFO] IPUIPlugin:80 - create IPUIPlugin
2023-04-29 14:56:19,794 [INFO] IPUIPlugin:80 - create IPUIPlugin
2023-04-29 14:56:19,795 [INFO] IPUIPlugin:80 - create IPUIPlugin
2023-04-29 14:56:19,795 [INFO] IPUIPlugin:80 - create IPUIPlugin
2023-04-29 14:56:19,796 [INFO] IPUIPlugin:80 - create IPUIPlugin
2023-04-29 14:56:19,796 [INFO] IPUIPlugin:80 - create IPUIPlugin
2023-04-29 14:56:19,797 [INFO] IPUIPlugin:80 - create IPUIPlugin
2023-04-29 14:56:19,797 [INFO] IPUIPlugin:80 - create IPUIPlugin
2023-04-29 14:56:19,798 [INFO] IPUIPlugin:80 - create IPUIPlugin
2023-04-29 14:56:19,798 [INFO] IPUIPlugin:80 - create IPUIPlugin
2023-04-29 14:56:19,799 [INFO] IPUIPlugin:80 - create IPUIPlugin
2023-04-29 14:56:19,799 [INFO] IPUIPlugin:80 - create IPUIPlugin
2023-04-29 14:56:19,799 [INFO] IPUIPlugin:80 - create IPUIPlugin
2023-04-29 14:56:19,800 [INFO] IPUIPlugin:80 - create IPUIPlugin
2023-04-29 14:56:19,800 [INFO] IPUIPlugin:80 - create IPUIPlugin
2023-04-29 14:56:19,800 [INFO] IPUIPlugin:80 - create IPUIPlugin
2023-04-29 14:56:19,801 [INFO] IPUIPlugin:80 - create IPUIPlugin
2023-04-29 14:56:19,801 [INFO] IPUIPlugin:80 - create IPUIPlugin
2023-04-29 14:56:19,802 [INFO] IPUIPlugin:80 - create IPUIPlugin
2023-04-29 14:56:19,803 [INFO] IPUIPlugin:80 - create IPUIPlugin
2023-04-29 14:56:19,804 [INFO] IPUIPlugin:80 - create IPUIPlugin
2023-04-29 14:56:19,805 [INFO] IPUIPlugin:80 - create IPUIPlugin
2023-04-29 14:56:19,806 [INFO] IPUIPlugin:80 - create IPUIPlugin
2023-04-29 14:56:19,807 [INFO] IPUIPlugin:80 - create IPUIPlugin
2023-04-29 14:56:19,841 [INFO] ApiDbMcu:507 - Load IP Config File for PDM2PCM
2023-04-29 14:56:19,902 [WARN] FreeRTOS:1023 - Null or empty value: should not occur! (nothing added to the table)
2023-04-29 14:56:20,660 [INFO] CADModel:165 - CPN selected for project levelSTM32F407VGT6
2023-04-29 14:56:20,697 [INFO] CADModel:114 - Register for checkConnection events
2023-04-29 14:56:20,702 [INFO] RtosManager:697 - Active RTOS found at IOC load: FREERTOS [Cortex-M4NS]
2023-04-29 14:56:20,774 [INFO] OpenFileManager:328 - Restore cursor
2023-04-29 14:56:23,935 [INFO] UtilMem:75 - End SaveConfig() Used Memory: 588024040 Bytes (631242752)
2023-04-29 14:56:24,131 [INFO] UtilMem:75 - End SaveConfig() Used Memory: 498226680 Bytes (631242752)
2023-04-29 14:56:25,645 [INFO] BlockDiagram:2759 - set Specific Code input for plugin: FREERTOS
2023-04-29 14:56:25,645 [INFO] BlockDiagram:2759 - set Specific Code input for plugin: SYS
2023-04-29 14:56:25,646 [INFO] BlockDiagram:2759 - set Specific Code input for plugin: RCC
2023-04-29 14:56:25,646 [INFO] BlockDiagram:2759 - set Specific Code input for plugin: NVIC
2023-04-29 14:56:25,646 [INFO] BlockDiagram:2759 - set Specific Code input for plugin: USART
2023-04-29 14:56:25,647 [INFO] BlockDiagram:2759 - set Specific Code input for plugin: GPIO
2023-04-29 14:56:25,693 [INFO] CodeGenerator:793 - code generatio: config db path: C:\ST\STM32CubeIDE_1.12.0\STM32CubeIDE\plugins\com.st.stm32cube.common.mx_6.8.1.202304191431\\db\
2023-04-29 14:56:28,354 [INFO] CodeEngine:255 - oldGeneratedFile, C:\Users\mehmet.sahin\Desktop\Video_Lectures\Embedded_Systems\FreeRTOS\FreeRTOS_Turkish_Lectures\ST_Workspace\017_FreeRTOS_BINARY_SEMAPHORE\MXTmpFiles\license.tmp_save
2023-04-29 14:56:29,414 [INFO] CodeEngine:279 - Generated code: C:\Users\mehmet.sahin\Desktop\Video_Lectures\Embedded_Systems\FreeRTOS\FreeRTOS_Turkish_Lectures\ST_Workspace\017_FreeRTOS_BINARY_SEMAPHORE\MXTmpFiles\license.tmp
2023-04-29 14:56:29,857 [INFO] CodeEngine:255 - oldGeneratedFile, C:\Users\mehmet.sahin\Desktop\Video_Lectures\Embedded_Systems\FreeRTOS\FreeRTOS_Turkish_Lectures\ST_Workspace\017_FreeRTOS_BINARY_SEMAPHORE\MXTmpFiles\gpio.tmp_save
2023-04-29 14:56:30,168 [INFO] CodeEngine:279 - Generated code: C:\Users\mehmet.sahin\Desktop\Video_Lectures\Embedded_Systems\FreeRTOS\FreeRTOS_Turkish_Lectures\ST_Workspace\017_FreeRTOS_BINARY_SEMAPHORE\MXTmpFiles\gpio.tmp
2023-04-29 14:56:30,585 [INFO] Middleware:1439 - No code input for Bsp Dependency
2023-04-29 14:56:30,620 [INFO] CodeEngine:255 - oldGeneratedFile, C:\Users\mehmet.sahin\Desktop\Video_Lectures\Embedded_Systems\FreeRTOS\FreeRTOS_Turkish_Lectures\ST_Workspace\017_FreeRTOS_BINARY_SEMAPHORE\MXTmpFiles\rtos_inc.tmp_save
2023-04-29 14:56:30,916 [INFO] CodeEngine:279 - Generated code: C:\Users\mehmet.sahin\Desktop\Video_Lectures\Embedded_Systems\FreeRTOS\FreeRTOS_Turkish_Lectures\ST_Workspace\017_FreeRTOS_BINARY_SEMAPHORE\MXTmpFiles\rtos_inc.tmp
2023-04-29 14:56:30,937 [INFO] CodeEngine:255 - oldGeneratedFile, C:\Users\mehmet.sahin\Desktop\Video_Lectures\Embedded_Systems\FreeRTOS\FreeRTOS_Turkish_Lectures\ST_Workspace\017_FreeRTOS_BINARY_SEMAPHORE\MXTmpFiles\rtos_kernelInit.tmp_save
2023-04-29 14:56:31,132 [INFO] CodeEngine:279 - Generated code: C:\Users\mehmet.sahin\Desktop\Video_Lectures\Embedded_Systems\FreeRTOS\FreeRTOS_Turkish_Lectures\ST_Workspace\017_FreeRTOS_BINARY_SEMAPHORE\MXTmpFiles\rtos_kernelInit.tmp
2023-04-29 14:56:31,150 [INFO] CodeEngine:255 - oldGeneratedFile, C:\Users\mehmet.sahin\Desktop\Video_Lectures\Embedded_Systems\FreeRTOS\FreeRTOS_Turkish_Lectures\ST_Workspace\017_FreeRTOS_BINARY_SEMAPHORE\MXTmpFiles\rtos_kernelStart.tmp_save
2023-04-29 14:56:31,313 [INFO] CodeEngine:279 - Generated code: C:\Users\mehmet.sahin\Desktop\Video_Lectures\Embedded_Systems\FreeRTOS\FreeRTOS_Turkish_Lectures\ST_Workspace\017_FreeRTOS_BINARY_SEMAPHORE\MXTmpFiles\rtos_kernelStart.tmp
2023-04-29 14:56:31,362 [INFO] CodeEngine:255 - oldGeneratedFile, C:\Users\mehmet.sahin\Desktop\Video_Lectures\Embedded_Systems\FreeRTOS\FreeRTOS_Turkish_Lectures\ST_Workspace\017_FreeRTOS_BINARY_SEMAPHORE\MXTmpFiles\rtos_typedefs.tmp_save
2023-04-29 14:56:31,781 [INFO] CodeEngine:279 - Generated code: C:\Users\mehmet.sahin\Desktop\Video_Lectures\Embedded_Systems\FreeRTOS\FreeRTOS_Turkish_Lectures\ST_Workspace\017_FreeRTOS_BINARY_SEMAPHORE\MXTmpFiles\rtos_typedefs.tmp
2023-04-29 14:56:31,853 [INFO] CodeEngine:255 - oldGeneratedFile, C:\Users\mehmet.sahin\Desktop\Video_Lectures\Embedded_Systems\FreeRTOS\FreeRTOS_Turkish_Lectures\ST_Workspace\017_FreeRTOS_BINARY_SEMAPHORE\MXTmpFiles\rtos_vars.tmp_save
2023-04-29 14:56:32,178 [INFO] CodeEngine:279 - Generated code: C:\Users\mehmet.sahin\Desktop\Video_Lectures\Embedded_Systems\FreeRTOS\FreeRTOS_Turkish_Lectures\ST_Workspace\017_FreeRTOS_BINARY_SEMAPHORE\MXTmpFiles\rtos_vars.tmp
2023-04-29 14:56:32,225 [INFO] CodeEngine:255 - oldGeneratedFile, C:\Users\mehmet.sahin\Desktop\Video_Lectures\Embedded_Systems\FreeRTOS\FreeRTOS_Turkish_Lectures\ST_Workspace\017_FreeRTOS_BINARY_SEMAPHORE\MXTmpFiles\rtos_pfp.tmp_save
2023-04-29 14:56:32,494 [INFO] CodeEngine:279 - Generated code: C:\Users\mehmet.sahin\Desktop\Video_Lectures\Embedded_Systems\FreeRTOS\FreeRTOS_Turkish_Lectures\ST_Workspace\017_FreeRTOS_BINARY_SEMAPHORE\MXTmpFiles\rtos_pfp.tmp
2023-04-29 14:56:32,513 [INFO] CodeEngine:255 - oldGeneratedFile, C:\Users\mehmet.sahin\Desktop\Video_Lectures\Embedded_Systems\FreeRTOS\FreeRTOS_Turkish_Lectures\ST_Workspace\017_FreeRTOS_BINARY_SEMAPHORE\MXTmpFiles\rtos_obj_creat.tmp_save
2023-04-29 14:56:32,741 [INFO] CodeEngine:279 - Generated code: C:\Users\mehmet.sahin\Desktop\Video_Lectures\Embedded_Systems\FreeRTOS\FreeRTOS_Turkish_Lectures\ST_Workspace\017_FreeRTOS_BINARY_SEMAPHORE\MXTmpFiles\rtos_obj_creat.tmp
2023-04-29 14:56:32,762 [INFO] CodeEngine:255 - oldGeneratedFile, C:\Users\mehmet.sahin\Desktop\Video_Lectures\Embedded_Systems\FreeRTOS\FreeRTOS_Turkish_Lectures\ST_Workspace\017_FreeRTOS_BINARY_SEMAPHORE\MXTmpFiles\rtos_default_thread.tmp_save
2023-04-29 14:56:32,939 [INFO] CodeEngine:279 - Generated code: C:\Users\mehmet.sahin\Desktop\Video_Lectures\Embedded_Systems\FreeRTOS\FreeRTOS_Turkish_Lectures\ST_Workspace\017_FreeRTOS_BINARY_SEMAPHORE\MXTmpFiles\rtos_default_thread.tmp
2023-04-29 14:56:32,958 [INFO] CodeEngine:255 - oldGeneratedFile, C:\Users\mehmet.sahin\Desktop\Video_Lectures\Embedded_Systems\FreeRTOS\FreeRTOS_Turkish_Lectures\ST_Workspace\017_FreeRTOS_BINARY_SEMAPHORE\MXTmpFiles\rtos_threads.tmp_save
2023-04-29 14:56:33,155 [INFO] CodeEngine:279 - Generated code: C:\Users\mehmet.sahin\Desktop\Video_Lectures\Embedded_Systems\FreeRTOS\FreeRTOS_Turkish_Lectures\ST_Workspace\017_FreeRTOS_BINARY_SEMAPHORE\MXTmpFiles\rtos_threads.tmp
2023-04-29 14:56:33,179 [INFO] Middleware:1439 - No code input for Bsp Dependency
2023-04-29 14:56:33,290 [INFO] CodeEngine:255 - oldGeneratedFile, C:\Users\mehmet.sahin\Desktop\Video_Lectures\Embedded_Systems\FreeRTOS\FreeRTOS_Turkish_Lectures\ST_Workspace\017_FreeRTOS_BINARY_SEMAPHORE\MXTmpFiles\rtos_inc.tmp_save
2023-04-29 14:56:33,449 [INFO] CodeEngine:279 - Generated code: C:\Users\mehmet.sahin\Desktop\Video_Lectures\Embedded_Systems\FreeRTOS\FreeRTOS_Turkish_Lectures\ST_Workspace\017_FreeRTOS_BINARY_SEMAPHORE\MXTmpFiles\rtos_inc.tmp
2023-04-29 14:56:33,464 [INFO] CodeEngine:255 - oldGeneratedFile, C:\Users\mehmet.sahin\Desktop\Video_Lectures\Embedded_Systems\FreeRTOS\FreeRTOS_Turkish_Lectures\ST_Workspace\017_FreeRTOS_BINARY_SEMAPHORE\MXTmpFiles\rtos_kernelInit.tmp_save
2023-04-29 14:56:33,716 [INFO] CodeEngine:279 - Generated code: C:\Users\mehmet.sahin\Desktop\Video_Lectures\Embedded_Systems\FreeRTOS\FreeRTOS_Turkish_Lectures\ST_Workspace\017_FreeRTOS_BINARY_SEMAPHORE\MXTmpFiles\rtos_kernelInit.tmp
2023-04-29 14:56:33,730 [INFO] CodeEngine:255 - oldGeneratedFile, C:\Users\mehmet.sahin\Desktop\Video_Lectures\Embedded_Systems\FreeRTOS\FreeRTOS_Turkish_Lectures\ST_Workspace\017_FreeRTOS_BINARY_SEMAPHORE\MXTmpFiles\rtos_kernelStart.tmp_save
2023-04-29 14:56:33,961 [INFO] CodeEngine:279 - Generated code: C:\Users\mehmet.sahin\Desktop\Video_Lectures\Embedded_Systems\FreeRTOS\FreeRTOS_Turkish_Lectures\ST_Workspace\017_FreeRTOS_BINARY_SEMAPHORE\MXTmpFiles\rtos_kernelStart.tmp
2023-04-29 14:56:33,976 [INFO] CodeEngine:255 - oldGeneratedFile, C:\Users\mehmet.sahin\Desktop\Video_Lectures\Embedded_Systems\FreeRTOS\FreeRTOS_Turkish_Lectures\ST_Workspace\017_FreeRTOS_BINARY_SEMAPHORE\MXTmpFiles\rtos_typedefs.tmp_save
2023-04-29 14:56:34,121 [INFO] CodeEngine:279 - Generated code: C:\Users\mehmet.sahin\Desktop\Video_Lectures\Embedded_Systems\FreeRTOS\FreeRTOS_Turkish_Lectures\ST_Workspace\017_FreeRTOS_BINARY_SEMAPHORE\MXTmpFiles\rtos_typedefs.tmp
2023-04-29 14:56:34,144 [INFO] CodeEngine:255 - oldGeneratedFile, C:\Users\mehmet.sahin\Desktop\Video_Lectures\Embedded_Systems\FreeRTOS\FreeRTOS_Turkish_Lectures\ST_Workspace\017_FreeRTOS_BINARY_SEMAPHORE\MXTmpFiles\rtos_vars.tmp_save
2023-04-29 14:56:34,314 [INFO] CodeEngine:279 - Generated code: C:\Users\mehmet.sahin\Desktop\Video_Lectures\Embedded_Systems\FreeRTOS\FreeRTOS_Turkish_Lectures\ST_Workspace\017_FreeRTOS_BINARY_SEMAPHORE\MXTmpFiles\rtos_vars.tmp
2023-04-29 14:56:34,326 [INFO] CodeEngine:255 - oldGeneratedFile, C:\Users\mehmet.sahin\Desktop\Video_Lectures\Embedded_Systems\FreeRTOS\FreeRTOS_Turkish_Lectures\ST_Workspace\017_FreeRTOS_BINARY_SEMAPHORE\MXTmpFiles\rtos_pfp.tmp_save
2023-04-29 14:56:34,481 [INFO] CodeEngine:279 - Generated code: C:\Users\mehmet.sahin\Desktop\Video_Lectures\Embedded_Systems\FreeRTOS\FreeRTOS_Turkish_Lectures\ST_Workspace\017_FreeRTOS_BINARY_SEMAPHORE\MXTmpFiles\rtos_pfp.tmp
2023-04-29 14:56:34,503 [INFO] CodeEngine:255 - oldGeneratedFile, C:\Users\mehmet.sahin\Desktop\Video_Lectures\Embedded_Systems\FreeRTOS\FreeRTOS_Turkish_Lectures\ST_Workspace\017_FreeRTOS_BINARY_SEMAPHORE\MXTmpFiles\rtos_obj_creat.tmp_save
2023-04-29 14:56:34,674 [INFO] CodeEngine:279 - Generated code: C:\Users\mehmet.sahin\Desktop\Video_Lectures\Embedded_Systems\FreeRTOS\FreeRTOS_Turkish_Lectures\ST_Workspace\017_FreeRTOS_BINARY_SEMAPHORE\MXTmpFiles\rtos_obj_creat.tmp
2023-04-29 14:56:34,684 [INFO] CodeEngine:255 - oldGeneratedFile, C:\Users\mehmet.sahin\Desktop\Video_Lectures\Embedded_Systems\FreeRTOS\FreeRTOS_Turkish_Lectures\ST_Workspace\017_FreeRTOS_BINARY_SEMAPHORE\MXTmpFiles\rtos_default_thread.tmp_save
2023-04-29 14:56:34,828 [INFO] CodeEngine:279 - Generated code: C:\Users\mehmet.sahin\Desktop\Video_Lectures\Embedded_Systems\FreeRTOS\FreeRTOS_Turkish_Lectures\ST_Workspace\017_FreeRTOS_BINARY_SEMAPHORE\MXTmpFiles\rtos_default_thread.tmp
2023-04-29 14:56:34,839 [INFO] CodeEngine:255 - oldGeneratedFile, C:\Users\mehmet.sahin\Desktop\Video_Lectures\Embedded_Systems\FreeRTOS\FreeRTOS_Turkish_Lectures\ST_Workspace\017_FreeRTOS_BINARY_SEMAPHORE\MXTmpFiles\rtos_threads.tmp_save
2023-04-29 14:56:34,977 [INFO] CodeEngine:279 - Generated code: C:\Users\mehmet.sahin\Desktop\Video_Lectures\Embedded_Systems\FreeRTOS\FreeRTOS_Turkish_Lectures\ST_Workspace\017_FreeRTOS_BINARY_SEMAPHORE\MXTmpFiles\rtos_threads.tmp
2023-04-29 14:56:35,002 [INFO] CodeEngine:255 - oldGeneratedFile, C:\Users\mehmet.sahin\Desktop\Video_Lectures\Embedded_Systems\FreeRTOS\FreeRTOS_Turkish_Lectures\ST_Workspace\017_FreeRTOS_BINARY_SEMAPHORE\Core\Inc\FreeRTOSConfig.h_save
2023-04-29 14:56:35,239 [INFO] CodeEngine:279 - Generated code: C:\Users\mehmet.sahin\Desktop\Video_Lectures\Embedded_Systems\FreeRTOS\FreeRTOS_Turkish_Lectures\ST_Workspace\017_FreeRTOS_BINARY_SEMAPHORE\Core\Inc\FreeRTOSConfig.h
2023-04-29 14:56:35,256 [INFO] CodeEngine:255 - oldGeneratedFile, C:\Users\mehmet.sahin\Desktop\Video_Lectures\Embedded_Systems\FreeRTOS\FreeRTOS_Turkish_Lectures\ST_Workspace\017_FreeRTOS_BINARY_SEMAPHORE\Core\Src\freertos.c_save
2023-04-29 14:56:35,386 [INFO] CodeEngine:279 - Generated code: C:\Users\mehmet.sahin\Desktop\Video_Lectures\Embedded_Systems\FreeRTOS\FreeRTOS_Turkish_Lectures\ST_Workspace\017_FreeRTOS_BINARY_SEMAPHORE\Core\Src\freertos.c
2023-04-29 14:56:35,432 [INFO] CodeEngine:255 - oldGeneratedFile, C:\Users\mehmet.sahin\Desktop\Video_Lectures\Embedded_Systems\FreeRTOS\FreeRTOS_Turkish_Lectures\ST_Workspace\017_FreeRTOS_BINARY_SEMAPHORE\Core\Src\stm32f4xx_it.c_save
2023-04-29 14:56:35,723 [INFO] CodeEngine:279 - Generated code: C:\Users\mehmet.sahin\Desktop\Video_Lectures\Embedded_Systems\FreeRTOS\FreeRTOS_Turkish_Lectures\ST_Workspace\017_FreeRTOS_BINARY_SEMAPHORE\Core\Src\stm32f4xx_it.c
2023-04-29 14:56:35,745 [INFO] CodeEngine:255 - oldGeneratedFile, C:\Users\mehmet.sahin\Desktop\Video_Lectures\Embedded_Systems\FreeRTOS\FreeRTOS_Turkish_Lectures\ST_Workspace\017_FreeRTOS_BINARY_SEMAPHORE\Core\Inc\stm32f4xx_it.h_save
2023-04-29 14:56:35,908 [INFO] CodeEngine:279 - Generated code: C:\Users\mehmet.sahin\Desktop\Video_Lectures\Embedded_Systems\FreeRTOS\FreeRTOS_Turkish_Lectures\ST_Workspace\017_FreeRTOS_BINARY_SEMAPHORE\Core\Inc\stm32f4xx_it.h
2023-04-29 14:56:36,010 [INFO] CodeEngine:255 - oldGeneratedFile, C:\Users\mehmet.sahin\Desktop\Video_Lectures\Embedded_Systems\FreeRTOS\FreeRTOS_Turkish_Lectures\ST_Workspace\017_FreeRTOS_BINARY_SEMAPHORE\Core\Src\stm32f4xx_hal_msp.c_save
2023-04-29 14:56:36,441 [INFO] CodeEngine:279 - Generated code: C:\Users\mehmet.sahin\Desktop\Video_Lectures\Embedded_Systems\FreeRTOS\FreeRTOS_Turkish_Lectures\ST_Workspace\017_FreeRTOS_BINARY_SEMAPHORE\Core\Src\stm32f4xx_hal_msp.c
2023-04-29 14:56:36,486 [INFO] CodeEngine:255 - oldGeneratedFile, C:\Users\mehmet.sahin\Desktop\Video_Lectures\Embedded_Systems\FreeRTOS\FreeRTOS_Turkish_Lectures\ST_Workspace\017_FreeRTOS_BINARY_SEMAPHORE\MXTmpFiles\system.tmp_save
2023-04-29 14:56:36,669 [INFO] CodeEngine:279 - Generated code: C:\Users\mehmet.sahin\Desktop\Video_Lectures\Embedded_Systems\FreeRTOS\FreeRTOS_Turkish_Lectures\ST_Workspace\017_FreeRTOS_BINARY_SEMAPHORE\MXTmpFiles\system.tmp
2023-04-29 14:56:36,690 [INFO] CodeEngine:255 - oldGeneratedFile, C:\Users\mehmet.sahin\Desktop\Video_Lectures\Embedded_Systems\FreeRTOS\FreeRTOS_Turkish_Lectures\ST_Workspace\017_FreeRTOS_BINARY_SEMAPHORE\Core\Src\stm32f4xx_hal_timebase_tim.c_save
2023-04-29 14:56:36,818 [INFO] CodeEngine:279 - Generated code: C:\Users\mehmet.sahin\Desktop\Video_Lectures\Embedded_Systems\FreeRTOS\FreeRTOS_Turkish_Lectures\ST_Workspace\017_FreeRTOS_BINARY_SEMAPHORE\Core\Src\stm32f4xx_hal_timebase_tim.c
2023-04-29 14:56:36,857 [INFO] CodeEngine:311 - oldGeneratedFile, C:\Users\mehmet.sahin\Desktop\Video_Lectures\Embedded_Systems\FreeRTOS\FreeRTOS_Turkish_Lectures\ST_Workspace\017_FreeRTOS_BINARY_SEMAPHORE\Core\Inc\stm32f4xx_hal_conf.h_save
2023-04-29 14:56:37,161 [INFO] CodeEngine:335 - Generated code: C:\Users\mehmet.sahin\Desktop\Video_Lectures\Embedded_Systems\FreeRTOS\FreeRTOS_Turkish_Lectures\ST_Workspace\017_FreeRTOS_BINARY_SEMAPHORE\Core\Inc\stm32f4xx_hal_conf.h
2023-04-29 14:56:37,404 [INFO] CodeEngine:255 - oldGeneratedFile, C:\Users\mehmet.sahin\Desktop\Video_Lectures\Embedded_Systems\FreeRTOS\FreeRTOS_Turkish_Lectures\ST_Workspace\017_FreeRTOS_BINARY_SEMAPHORE\Core\Inc\main.h_save
2023-04-29 14:56:37,703 [INFO] CodeEngine:279 - Generated code: C:\Users\mehmet.sahin\Desktop\Video_Lectures\Embedded_Systems\FreeRTOS\FreeRTOS_Turkish_Lectures\ST_Workspace\017_FreeRTOS_BINARY_SEMAPHORE\Core\Inc\main.h
2023-04-29 14:56:37,740 [INFO] CodeEngine:255 - oldGeneratedFile, C:\Users\mehmet.sahin\Desktop\Video_Lectures\Embedded_Systems\FreeRTOS\FreeRTOS_Turkish_Lectures\ST_Workspace\017_FreeRTOS_BINARY_SEMAPHORE\Core\Src\main.c_save
2023-04-29 14:56:38,243 [INFO] CodeEngine:279 - Generated code: C:\Users\mehmet.sahin\Desktop\Video_Lectures\Embedded_Systems\FreeRTOS\FreeRTOS_Turkish_Lectures\ST_Workspace\017_FreeRTOS_BINARY_SEMAPHORE\Core\Src\main.c
2023-04-29 14:56:40,111 [INFO] ProjectBuilder:2996 - Time for Copy HAL[1] : 491mS.
2023-04-29 14:56:40,143 [INFO] ProjectBuilder:4304 - Project Generator version: 3.19.2
2023-04-29 14:56:41,343 [INFO] ConfigFileManager:1483 - The Die is : DIE413
2023-04-29 14:56:41,366 [INFO] ApiDbMcu:507 - Load IP Config File for FATFS
2023-04-29 14:56:41,384 [INFO] ApiDbMcu:507 - Load IP Config File for LIBJPEG
2023-04-29 14:56:41,427 [INFO] ApiDbMcu:507 - Load IP Config File for LWIP
2023-04-29 14:56:41,460 [INFO] ApiDbMcu:507 - Load IP Config File for MBEDTLS
2023-04-29 14:56:41,492 [INFO] ApiDbMcu:507 - Load IP Config File for USB_DEVICE
2023-04-29 14:56:41,511 [INFO] ApiDbMcu:507 - Load IP Config File for USB_HOST
2023-04-29 14:56:44,162 [INFO] LogOutputStream:77 - [STDOUT_REDIRECT] 
2023-04-29 14:56:50,150 [INFO] ProjectBuilder:4505 - Time for Generating toolchain IDE Files: 10007mS.
2023-04-29 14:56:50,153 [INFO] ProjectBuilder:2867 - Time for Copy CMSIS : 1mS.
2023-04-29 14:56:50,163 [INFO] ProjectBuilder:2867 - Time for Copy CMSIS : 0mS.
2023-04-29 14:56:52,759 [INFO] McuFinderGlobals:66 - Set McuFinderConnectedMode to true
2023-04-29 14:56:52,762 [INFO] ApiDb:448 - Save user favorites file C:\Users\mehmet.sahin/.stm32cubeide/favorites.mcus.txt: 0 item(s)
2023-04-29 14:56:52,762 [INFO] ApiDb:452 - User favorites MCUs=[]
2023-04-29 14:57:04,822 [INFO] UtilMem:75 - End SaveConfig() Used Memory: 620513080 Bytes (950009856)
2023-04-29 14:57:05,490 [INFO] BlockDiagram:2759 - set Specific Code input for plugin: FREERTOS
2023-04-29 14:57:05,490 [INFO] BlockDiagram:2759 - set Specific Code input for plugin: SYS
2023-04-29 14:57:05,490 [INFO] BlockDiagram:2759 - set Specific Code input for plugin: RCC
2023-04-29 14:57:05,491 [INFO] BlockDiagram:2759 - set Specific Code input for plugin: NVIC
2023-04-29 14:57:05,491 [INFO] BlockDiagram:2759 - set Specific Code input for plugin: USART
2023-04-29 14:57:05,491 [INFO] BlockDiagram:2759 - set Specific Code input for plugin: GPIO
2023-04-29 14:57:05,493 [INFO] CodeGenerator:793 - code generatio: config db path: C:\ST\STM32CubeIDE_1.12.0\STM32CubeIDE\plugins\com.st.stm32cube.common.mx_6.8.1.202304191431\\db\
2023-04-29 14:57:06,110 [INFO] CodeEngine:255 - oldGeneratedFile, C:\Users\mehmet.sahin\Desktop\Video_Lectures\Embedded_Systems\FreeRTOS\FreeRTOS_Turkish_Lectures\ST_Workspace\017_FreeRTOS_BINARY_SEMAPHORE\MXTmpFiles\license.tmp_save
2023-04-29 14:57:06,290 [INFO] CodeEngine:279 - Generated code: C:\Users\mehmet.sahin\Desktop\Video_Lectures\Embedded_Systems\FreeRTOS\FreeRTOS_Turkish_Lectures\ST_Workspace\017_FreeRTOS_BINARY_SEMAPHORE\MXTmpFiles\license.tmp
2023-04-29 14:57:06,463 [INFO] CodeEngine:255 - oldGeneratedFile, C:\Users\mehmet.sahin\Desktop\Video_Lectures\Embedded_Systems\FreeRTOS\FreeRTOS_Turkish_Lectures\ST_Workspace\017_FreeRTOS_BINARY_SEMAPHORE\MXTmpFiles\gpio.tmp_save
2023-04-29 14:57:07,116 [INFO] CodeEngine:279 - Generated code: C:\Users\mehmet.sahin\Desktop\Video_Lectures\Embedded_Systems\FreeRTOS\FreeRTOS_Turkish_Lectures\ST_Workspace\017_FreeRTOS_BINARY_SEMAPHORE\MXTmpFiles\gpio.tmp
2023-04-29 14:57:07,451 [INFO] Middleware:1439 - No code input for Bsp Dependency
2023-04-29 14:57:07,533 [INFO] CodeEngine:255 - oldGeneratedFile, C:\Users\mehmet.sahin\Desktop\Video_Lectures\Embedded_Systems\FreeRTOS\FreeRTOS_Turkish_Lectures\ST_Workspace\017_FreeRTOS_BINARY_SEMAPHORE\MXTmpFiles\rtos_inc.tmp_save
2023-04-29 14:57:07,788 [INFO] CodeEngine:279 - Generated code: C:\Users\mehmet.sahin\Desktop\Video_Lectures\Embedded_Systems\FreeRTOS\FreeRTOS_Turkish_Lectures\ST_Workspace\017_FreeRTOS_BINARY_SEMAPHORE\MXTmpFiles\rtos_inc.tmp
2023-04-29 14:57:07,794 [INFO] CodeEngine:255 - oldGeneratedFile, C:\Users\mehmet.sahin\Desktop\Video_Lectures\Embedded_Systems\FreeRTOS\FreeRTOS_Turkish_Lectures\ST_Workspace\017_FreeRTOS_BINARY_SEMAPHORE\MXTmpFiles\rtos_kernelInit.tmp_save
2023-04-29 14:57:07,970 [INFO] CodeEngine:279 - Generated code: C:\Users\mehmet.sahin\Desktop\Video_Lectures\Embedded_Systems\FreeRTOS\FreeRTOS_Turkish_Lectures\ST_Workspace\017_FreeRTOS_BINARY_SEMAPHORE\MXTmpFiles\rtos_kernelInit.tmp
2023-04-29 14:57:07,979 [INFO] CodeEngine:255 - oldGeneratedFile, C:\Users\mehmet.sahin\Desktop\Video_Lectures\Embedded_Systems\FreeRTOS\FreeRTOS_Turkish_Lectures\ST_Workspace\017_FreeRTOS_BINARY_SEMAPHORE\MXTmpFiles\rtos_kernelStart.tmp_save
2023-04-29 14:57:08,120 [INFO] CodeEngine:279 - Generated code: C:\Users\mehmet.sahin\Desktop\Video_Lectures\Embedded_Systems\FreeRTOS\FreeRTOS_Turkish_Lectures\ST_Workspace\017_FreeRTOS_BINARY_SEMAPHORE\MXTmpFiles\rtos_kernelStart.tmp
2023-04-29 14:57:08,129 [INFO] CodeEngine:255 - oldGeneratedFile, C:\Users\mehmet.sahin\Desktop\Video_Lectures\Embedded_Systems\FreeRTOS\FreeRTOS_Turkish_Lectures\ST_Workspace\017_FreeRTOS_BINARY_SEMAPHORE\MXTmpFiles\rtos_typedefs.tmp_save
2023-04-29 14:57:08,202 [INFO] CodeEngine:279 - Generated code: C:\Users\mehmet.sahin\Desktop\Video_Lectures\Embedded_Systems\FreeRTOS\FreeRTOS_Turkish_Lectures\ST_Workspace\017_FreeRTOS_BINARY_SEMAPHORE\MXTmpFiles\rtos_typedefs.tmp
2023-04-29 14:57:08,207 [INFO] CodeEngine:255 - oldGeneratedFile, C:\Users\mehmet.sahin\Desktop\Video_Lectures\Embedded_Systems\FreeRTOS\FreeRTOS_Turkish_Lectures\ST_Workspace\017_FreeRTOS_BINARY_SEMAPHORE\MXTmpFiles\rtos_vars.tmp_save
2023-04-29 14:57:08,405 [INFO] CodeEngine:279 - Generated code: C:\Users\mehmet.sahin\Desktop\Video_Lectures\Embedded_Systems\FreeRTOS\FreeRTOS_Turkish_Lectures\ST_Workspace\017_FreeRTOS_BINARY_SEMAPHORE\MXTmpFiles\rtos_vars.tmp
2023-04-29 14:57:08,413 [INFO] CodeEngine:255 - oldGeneratedFile, C:\Users\mehmet.sahin\Desktop\Video_Lectures\Embedded_Systems\FreeRTOS\FreeRTOS_Turkish_Lectures\ST_Workspace\017_FreeRTOS_BINARY_SEMAPHORE\MXTmpFiles\rtos_pfp.tmp_save
2023-04-29 14:57:08,515 [INFO] CodeEngine:279 - Generated code: C:\Users\mehmet.sahin\Desktop\Video_Lectures\Embedded_Systems\FreeRTOS\FreeRTOS_Turkish_Lectures\ST_Workspace\017_FreeRTOS_BINARY_SEMAPHORE\MXTmpFiles\rtos_pfp.tmp
2023-04-29 14:57:08,521 [INFO] CodeEngine:255 - oldGeneratedFile, C:\Users\mehmet.sahin\Desktop\Video_Lectures\Embedded_Systems\FreeRTOS\FreeRTOS_Turkish_Lectures\ST_Workspace\017_FreeRTOS_BINARY_SEMAPHORE\MXTmpFiles\rtos_obj_creat.tmp_save
2023-04-29 14:57:08,623 [INFO] CodeEngine:279 - Generated code: C:\Users\mehmet.sahin\Desktop\Video_Lectures\Embedded_Systems\FreeRTOS\FreeRTOS_Turkish_Lectures\ST_Workspace\017_FreeRTOS_BINARY_SEMAPHORE\MXTmpFiles\rtos_obj_creat.tmp
2023-04-29 14:57:08,630 [INFO] CodeEngine:255 - oldGeneratedFile, C:\Users\mehmet.sahin\Desktop\Video_Lectures\Embedded_Systems\FreeRTOS\FreeRTOS_Turkish_Lectures\ST_Workspace\017_FreeRTOS_BINARY_SEMAPHORE\MXTmpFiles\rtos_default_thread.tmp_save
2023-04-29 14:57:08,723 [INFO] CodeEngine:279 - Generated code: C:\Users\mehmet.sahin\Desktop\Video_Lectures\Embedded_Systems\FreeRTOS\FreeRTOS_Turkish_Lectures\ST_Workspace\017_FreeRTOS_BINARY_SEMAPHORE\MXTmpFiles\rtos_default_thread.tmp
2023-04-29 14:57:08,730 [INFO] CodeEngine:255 - oldGeneratedFile, C:\Users\mehmet.sahin\Desktop\Video_Lectures\Embedded_Systems\FreeRTOS\FreeRTOS_Turkish_Lectures\ST_Workspace\017_FreeRTOS_BINARY_SEMAPHORE\MXTmpFiles\rtos_threads.tmp_save
2023-04-29 14:57:08,796 [INFO] CodeEngine:279 - Generated code: C:\Users\mehmet.sahin\Desktop\Video_Lectures\Embedded_Systems\FreeRTOS\FreeRTOS_Turkish_Lectures\ST_Workspace\017_FreeRTOS_BINARY_SEMAPHORE\MXTmpFiles\rtos_threads.tmp
2023-04-29 14:57:08,814 [INFO] Middleware:1439 - No code input for Bsp Dependency
2023-04-29 14:57:08,830 [INFO] CodeEngine:255 - oldGeneratedFile, C:\Users\mehmet.sahin\Desktop\Video_Lectures\Embedded_Systems\FreeRTOS\FreeRTOS_Turkish_Lectures\ST_Workspace\017_FreeRTOS_BINARY_SEMAPHORE\MXTmpFiles\rtos_inc.tmp_save
2023-04-29 14:57:08,963 [INFO] CodeEngine:279 - Generated code: C:\Users\mehmet.sahin\Desktop\Video_Lectures\Embedded_Systems\FreeRTOS\FreeRTOS_Turkish_Lectures\ST_Workspace\017_FreeRTOS_BINARY_SEMAPHORE\MXTmpFiles\rtos_inc.tmp
2023-04-29 14:57:08,973 [INFO] CodeEngine:255 - oldGeneratedFile, C:\Users\mehmet.sahin\Desktop\Video_Lectures\Embedded_Systems\FreeRTOS\FreeRTOS_Turkish_Lectures\ST_Workspace\017_FreeRTOS_BINARY_SEMAPHORE\MXTmpFiles\rtos_kernelInit.tmp_save
2023-04-29 14:57:09,052 [INFO] CodeEngine:279 - Generated code: C:\Users\mehmet.sahin\Desktop\Video_Lectures\Embedded_Systems\FreeRTOS\FreeRTOS_Turkish_Lectures\ST_Workspace\017_FreeRTOS_BINARY_SEMAPHORE\MXTmpFiles\rtos_kernelInit.tmp
2023-04-29 14:57:09,062 [INFO] CodeEngine:255 - oldGeneratedFile, C:\Users\mehmet.sahin\Desktop\Video_Lectures\Embedded_Systems\FreeRTOS\FreeRTOS_Turkish_Lectures\ST_Workspace\017_FreeRTOS_BINARY_SEMAPHORE\MXTmpFiles\rtos_kernelStart.tmp_save
2023-04-29 14:57:09,152 [INFO] CodeEngine:279 - Generated code: C:\Users\mehmet.sahin\Desktop\Video_Lectures\Embedded_Systems\FreeRTOS\FreeRTOS_Turkish_Lectures\ST_Workspace\017_FreeRTOS_BINARY_SEMAPHORE\MXTmpFiles\rtos_kernelStart.tmp
2023-04-29 14:57:09,163 [INFO] CodeEngine:255 - oldGeneratedFile, C:\Users\mehmet.sahin\Desktop\Video_Lectures\Embedded_Systems\FreeRTOS\FreeRTOS_Turkish_Lectures\ST_Workspace\017_FreeRTOS_BINARY_SEMAPHORE\MXTmpFiles\rtos_typedefs.tmp_save
2023-04-29 14:57:09,242 [INFO] CodeEngine:279 - Generated code: C:\Users\mehmet.sahin\Desktop\Video_Lectures\Embedded_Systems\FreeRTOS\FreeRTOS_Turkish_Lectures\ST_Workspace\017_FreeRTOS_BINARY_SEMAPHORE\MXTmpFiles\rtos_typedefs.tmp
2023-04-29 14:57:09,262 [INFO] CodeEngine:255 - oldGeneratedFile, C:\Users\mehmet.sahin\Desktop\Video_Lectures\Embedded_Systems\FreeRTOS\FreeRTOS_Turkish_Lectures\ST_Workspace\017_FreeRTOS_BINARY_SEMAPHORE\MXTmpFiles\rtos_vars.tmp_save
2023-04-29 14:57:09,351 [INFO] CodeEngine:279 - Generated code: C:\Users\mehmet.sahin\Desktop\Video_Lectures\Embedded_Systems\FreeRTOS\FreeRTOS_Turkish_Lectures\ST_Workspace\017_FreeRTOS_BINARY_SEMAPHORE\MXTmpFiles\rtos_vars.tmp
2023-04-29 14:57:09,360 [INFO] CodeEngine:255 - oldGeneratedFile, C:\Users\mehmet.sahin\Desktop\Video_Lectures\Embedded_Systems\FreeRTOS\FreeRTOS_Turkish_Lectures\ST_Workspace\017_FreeRTOS_BINARY_SEMAPHORE\MXTmpFiles\rtos_pfp.tmp_save
2023-04-29 14:57:09,603 [INFO] CodeEngine:279 - Generated code: C:\Users\mehmet.sahin\Desktop\Video_Lectures\Embedded_Systems\FreeRTOS\FreeRTOS_Turkish_Lectures\ST_Workspace\017_FreeRTOS_BINARY_SEMAPHORE\MXTmpFiles\rtos_pfp.tmp
2023-04-29 14:57:09,622 [INFO] CodeEngine:255 - oldGeneratedFile, C:\Users\mehmet.sahin\Desktop\Video_Lectures\Embedded_Systems\FreeRTOS\FreeRTOS_Turkish_Lectures\ST_Workspace\017_FreeRTOS_BINARY_SEMAPHORE\MXTmpFiles\rtos_obj_creat.tmp_save
2023-04-29 14:57:09,767 [INFO] CodeEngine:279 - Generated code: C:\Users\mehmet.sahin\Desktop\Video_Lectures\Embedded_Systems\FreeRTOS\FreeRTOS_Turkish_Lectures\ST_Workspace\017_FreeRTOS_BINARY_SEMAPHORE\MXTmpFiles\rtos_obj_creat.tmp
2023-04-29 14:57:09,778 [INFO] CodeEngine:255 - oldGeneratedFile, C:\Users\mehmet.sahin\Desktop\Video_Lectures\Embedded_Systems\FreeRTOS\FreeRTOS_Turkish_Lectures\ST_Workspace\017_FreeRTOS_BINARY_SEMAPHORE\MXTmpFiles\rtos_default_thread.tmp_save
2023-04-29 14:57:09,885 [INFO] CodeEngine:279 - Generated code: C:\Users\mehmet.sahin\Desktop\Video_Lectures\Embedded_Systems\FreeRTOS\FreeRTOS_Turkish_Lectures\ST_Workspace\017_FreeRTOS_BINARY_SEMAPHORE\MXTmpFiles\rtos_default_thread.tmp
2023-04-29 14:57:09,901 [INFO] CodeEngine:255 - oldGeneratedFile, C:\Users\mehmet.sahin\Desktop\Video_Lectures\Embedded_Systems\FreeRTOS\FreeRTOS_Turkish_Lectures\ST_Workspace\017_FreeRTOS_BINARY_SEMAPHORE\MXTmpFiles\rtos_threads.tmp_save
2023-04-29 14:57:09,970 [INFO] CodeEngine:279 - Generated code: C:\Users\mehmet.sahin\Desktop\Video_Lectures\Embedded_Systems\FreeRTOS\FreeRTOS_Turkish_Lectures\ST_Workspace\017_FreeRTOS_BINARY_SEMAPHORE\MXTmpFiles\rtos_threads.tmp
2023-04-29 14:57:09,987 [INFO] CodeEngine:255 - oldGeneratedFile, C:\Users\mehmet.sahin\Desktop\Video_Lectures\Embedded_Systems\FreeRTOS\FreeRTOS_Turkish_Lectures\ST_Workspace\017_FreeRTOS_BINARY_SEMAPHORE\Core\Inc\FreeRTOSConfig.h_save
2023-04-29 14:57:10,093 [INFO] CodeEngine:279 - Generated code: C:\Users\mehmet.sahin\Desktop\Video_Lectures\Embedded_Systems\FreeRTOS\FreeRTOS_Turkish_Lectures\ST_Workspace\017_FreeRTOS_BINARY_SEMAPHORE\Core\Inc\FreeRTOSConfig.h
2023-04-29 14:57:10,111 [INFO] CodeEngine:255 - oldGeneratedFile, C:\Users\mehmet.sahin\Desktop\Video_Lectures\Embedded_Systems\FreeRTOS\FreeRTOS_Turkish_Lectures\ST_Workspace\017_FreeRTOS_BINARY_SEMAPHORE\Core\Src\freertos.c_save
2023-04-29 14:57:10,214 [INFO] CodeEngine:279 - Generated code: C:\Users\mehmet.sahin\Desktop\Video_Lectures\Embedded_Systems\FreeRTOS\FreeRTOS_Turkish_Lectures\ST_Workspace\017_FreeRTOS_BINARY_SEMAPHORE\Core\Src\freertos.c
2023-04-29 14:57:10,281 [INFO] CodeEngine:255 - oldGeneratedFile, C:\Users\mehmet.sahin\Desktop\Video_Lectures\Embedded_Systems\FreeRTOS\FreeRTOS_Turkish_Lectures\ST_Workspace\017_FreeRTOS_BINARY_SEMAPHORE\Core\Src\stm32f4xx_it.c_save
2023-04-29 14:57:10,408 [INFO] CodeEngine:279 - Generated code: C:\Users\mehmet.sahin\Desktop\Video_Lectures\Embedded_Systems\FreeRTOS\FreeRTOS_Turkish_Lectures\ST_Workspace\017_FreeRTOS_BINARY_SEMAPHORE\Core\Src\stm32f4xx_it.c
2023-04-29 14:57:10,418 [INFO] CodeEngine:255 - oldGeneratedFile, C:\Users\mehmet.sahin\Desktop\Video_Lectures\Embedded_Systems\FreeRTOS\FreeRTOS_Turkish_Lectures\ST_Workspace\017_FreeRTOS_BINARY_SEMAPHORE\Core\Inc\stm32f4xx_it.h_save
2023-04-29 14:57:10,524 [INFO] CodeEngine:279 - Generated code: C:\Users\mehmet.sahin\Desktop\Video_Lectures\Embedded_Systems\FreeRTOS\FreeRTOS_Turkish_Lectures\ST_Workspace\017_FreeRTOS_BINARY_SEMAPHORE\Core\Inc\stm32f4xx_it.h
2023-04-29 14:57:10,581 [INFO] CodeEngine:255 - oldGeneratedFile, C:\Users\mehmet.sahin\Desktop\Video_Lectures\Embedded_Systems\FreeRTOS\FreeRTOS_Turkish_Lectures\ST_Workspace\017_FreeRTOS_BINARY_SEMAPHORE\Core\Src\stm32f4xx_hal_msp.c_save
2023-04-29 14:57:10,888 [INFO] CodeEngine:279 - Generated code: C:\Users\mehmet.sahin\Desktop\Video_Lectures\Embedded_Systems\FreeRTOS\FreeRTOS_Turkish_Lectures\ST_Workspace\017_FreeRTOS_BINARY_SEMAPHORE\Core\Src\stm32f4xx_hal_msp.c
2023-04-29 14:57:10,897 [INFO] CodeEngine:255 - oldGeneratedFile, C:\Users\mehmet.sahin\Desktop\Video_Lectures\Embedded_Systems\FreeRTOS\FreeRTOS_Turkish_Lectures\ST_Workspace\017_FreeRTOS_BINARY_SEMAPHORE\MXTmpFiles\system.tmp_save
2023-04-29 14:57:11,125 [INFO] CodeEngine:279 - Generated code: C:\Users\mehmet.sahin\Desktop\Video_Lectures\Embedded_Systems\FreeRTOS\FreeRTOS_Turkish_Lectures\ST_Workspace\017_FreeRTOS_BINARY_SEMAPHORE\MXTmpFiles\system.tmp
2023-04-29 14:57:11,166 [INFO] CodeEngine:255 - oldGeneratedFile, C:\Users\mehmet.sahin\Desktop\Video_Lectures\Embedded_Systems\FreeRTOS\FreeRTOS_Turkish_Lectures\ST_Workspace\017_FreeRTOS_BINARY_SEMAPHORE\Core\Src\stm32f4xx_hal_timebase_tim.c_save
2023-04-29 14:57:11,296 [INFO] CodeEngine:279 - Generated code: C:\Users\mehmet.sahin\Desktop\Video_Lectures\Embedded_Systems\FreeRTOS\FreeRTOS_Turkish_Lectures\ST_Workspace\017_FreeRTOS_BINARY_SEMAPHORE\Core\Src\stm32f4xx_hal_timebase_tim.c
2023-04-29 14:57:11,348 [INFO] CodeEngine:311 - oldGeneratedFile, C:\Users\mehmet.sahin\Desktop\Video_Lectures\Embedded_Systems\FreeRTOS\FreeRTOS_Turkish_Lectures\ST_Workspace\017_FreeRTOS_BINARY_SEMAPHORE\Core\Inc\stm32f4xx_hal_conf.h_save
2023-04-29 14:57:11,493 [INFO] CodeEngine:335 - Generated code: C:\Users\mehmet.sahin\Desktop\Video_Lectures\Embedded_Systems\FreeRTOS\FreeRTOS_Turkish_Lectures\ST_Workspace\017_FreeRTOS_BINARY_SEMAPHORE\Core\Inc\stm32f4xx_hal_conf.h
2023-04-29 14:57:11,637 [INFO] CodeEngine:255 - oldGeneratedFile, C:\Users\mehmet.sahin\Desktop\Video_Lectures\Embedded_Systems\FreeRTOS\FreeRTOS_Turkish_Lectures\ST_Workspace\017_FreeRTOS_BINARY_SEMAPHORE\Core\Inc\main.h_save
2023-04-29 14:57:11,767 [INFO] CodeEngine:279 - Generated code: C:\Users\mehmet.sahin\Desktop\Video_Lectures\Embedded_Systems\FreeRTOS\FreeRTOS_Turkish_Lectures\ST_Workspace\017_FreeRTOS_BINARY_SEMAPHORE\Core\Inc\main.h
2023-04-29 14:57:11,786 [INFO] CodeEngine:255 - oldGeneratedFile, C:\Users\mehmet.sahin\Desktop\Video_Lectures\Embedded_Systems\FreeRTOS\FreeRTOS_Turkish_Lectures\ST_Workspace\017_FreeRTOS_BINARY_SEMAPHORE\Core\Src\main.c_save
2023-04-29 14:57:11,940 [INFO] CodeEngine:279 - Generated code: C:\Users\mehmet.sahin\Desktop\Video_Lectures\Embedded_Systems\FreeRTOS\FreeRTOS_Turkish_Lectures\ST_Workspace\017_FreeRTOS_BINARY_SEMAPHORE\Core\Src\main.c
2023-04-29 14:57:13,277 [INFO] ProjectBuilder:2996 - Time for Copy HAL[1] : 639mS.
2023-04-29 14:57:13,288 [INFO] ProjectBuilder:4304 - Project Generator version: 3.19.2
2023-04-29 14:57:14,293 [INFO] ConfigFileManager:1483 - The Die is : DIE413
2023-04-29 14:57:19,242 [INFO] ProjectBuilder:4505 - Time for Generating toolchain IDE Files: 5954mS.
2023-04-29 14:57:19,248 [INFO] ProjectBuilder:2867 - Time for Copy CMSIS : 6mS.
2023-04-29 14:57:19,262 [INFO] ProjectBuilder:2867 - Time for Copy CMSIS : 1mS.
