2023-05-20 17:29:57,781 [ERROR] LogOutputStream:75 - [STDERR_REDIRECT] Exception in thread "AWT-EventQueue-0" java.awt.IllegalComponentStateException: Native resources unavailable
2023-05-20 17:29:57,793 [ERROR] LogOutputStream:75 - [STDERR_REDIRECT] 	at java.desktop/sun.awt.windows.WWindowPeer.getScreenImOn(Native Method)
2023-05-20 17:29:57,797 [ERROR] LogOutputStream:75 - [STDERR_REDIRECT] 	at java.desktop/sun.awt.windows.WWindowPeer.updateGC(WWindowPeer.java:566)
2023-05-20 17:29:57,800 [ERROR] LogOutputStream:75 - [STDERR_REDIRECT] 	at java.desktop/java.awt.event.InvocationEvent.dispatch(InvocationEvent.java:313)
2023-05-20 17:29:57,804 [ERROR] LogOutputStream:75 - [STDERR_REDIRECT] 	at java.desktop/java.awt.EventQueue.dispatchEventImpl(EventQueue.java:770)
2023-05-20 17:29:57,807 [ERROR] LogOutputStream:75 - [STDERR_REDIRECT] 	at java.desktop/java.awt.EventQueue$4.run(EventQueue.java:721)
2023-05-20 17:29:57,810 [ERROR] LogOutputStream:75 - [STDERR_REDIRECT] 	at java.desktop/java.awt.EventQueue$4.run(EventQueue.java:715)
2023-05-20 17:29:57,814 [ERROR] LogOutputStream:75 - [STDERR_REDIRECT] 	at java.base/java.security.AccessController.doPrivileged(Native Method)
2023-05-20 17:29:57,818 [ERROR] LogOutputStream:75 - [STDERR_REDIRECT] 	at java.base/java.security.ProtectionDomain$JavaSecurityAccessImpl.doIntersectionPrivilege(ProtectionDomain.java:85)
2023-05-20 17:29:57,822 [ERROR] LogOutputStream:75 - [STDERR_REDIRECT] 	at java.base/java.security.ProtectionDomain$JavaSecurityAccessImpl.doIntersectionPrivilege(ProtectionDomain.java:95)
2023-05-20 17:29:57,824 [ERROR] LogOutputStream:75 - [STDERR_REDIRECT] 	at java.desktop/java.awt.EventQueue$5.run(EventQueue.java:745)
2023-05-20 17:29:57,826 [ERROR] LogOutputStream:75 - [STDERR_REDIRECT] 	at java.desktop/java.awt.EventQueue$5.run(EventQueue.java:743)
2023-05-20 17:29:57,828 [ERROR] LogOutputStream:75 - [STDERR_REDIRECT] 	at java.base/java.security.AccessController.doPrivileged(Native Method)
2023-05-20 17:29:57,841 [ERROR] LogOutputStream:75 - [STDERR_REDIRECT] 	at java.base/java.security.ProtectionDomain$JavaSecurityAccessImpl.doIntersectionPrivilege(ProtectionDomain.java:85)
2023-05-20 17:29:57,844 [ERROR] LogOutputStream:75 - [STDERR_REDIRECT] 	at java.desktop/java.awt.EventQueue.dispatchEvent(EventQueue.java:742)
2023-05-20 17:29:57,849 [ERROR] LogOutputStream:75 - [STDERR_REDIRECT] 	at java.desktop/java.awt.EventDispatchThread.pumpOneEventForFilters(EventDispatchThread.java:203)
2023-05-20 17:29:57,852 [ERROR] LogOutputStream:75 - [STDERR_REDIRECT] 	at java.desktop/java.awt.EventDispatchThread.pumpEventsForFilter(EventDispatchThread.java:124)
2023-05-20 17:29:57,856 [ERROR] LogOutputStream:75 - [STDERR_REDIRECT] 	at java.desktop/java.awt.EventDispatchThread.pumpEventsForHierarchy(EventDispatchThread.java:113)
2023-05-20 17:29:57,859 [ERROR] LogOutputStream:75 - [STDERR_REDIRECT] 	at java.desktop/java.awt.EventDispatchThread.pumpEvents(EventDispatchThread.java:109)
2023-05-20 17:29:57,865 [ERROR] LogOutputStream:75 - [STDERR_REDIRECT] 	at java.desktop/java.awt.EventDispatchThread.pumpEvents(EventDispatchThread.java:101)
2023-05-20 17:29:57,870 [ERROR] LogOutputStream:75 - [STDERR_REDIRECT] 	at java.desktop/java.awt.EventDispatchThread.run(EventDispatchThread.java:90)
2023-05-20 17:30:03,759 [ERROR] RtosPanel:558 - Can not restore the selected Tab for FREERTOS(A reason can be that the tab is no more available.)
2023-05-20 17:30:54,479 [INFO] TasksAndQueuesTab:757 - Dynamic
2023-05-20 17:30:54,480 [WARN] TasksAndQueuesTab:763 - 128 128
2023-05-20 17:30:54,480 [WARN] TasksAndQueuesTab:775 - max value is: 3840.0
2023-05-20 17:30:57,083 [INFO] EditThreadDialog:704 - RAM SIZE (in KB): 128
2023-05-20 17:30:57,083 [INFO] EditThreadDialog:706 - RAM SIZE (in words): 32768
2023-05-20 17:30:58,720 [INFO] EditThreadDialog:704 - RAM SIZE (in KB): 128
2023-05-20 17:30:58,720 [INFO] EditThreadDialog:706 - RAM SIZE (in words): 32768
2023-05-20 17:31:03,770 [INFO] UtilMem:75 - End SaveConfig() Used Memory: 294791000 Bytes (846200832)
2023-05-20 17:31:05,734 [INFO] UtilMem:75 - End SaveConfig() Used Memory: 340946024 Bytes (846200832)
2023-05-20 17:31:06,180 [INFO] BlockDiagram:2759 - set Specific Code input for plugin: FREERTOS
2023-05-20 17:31:06,181 [INFO] BlockDiagram:2759 - set Specific Code input for plugin: SYS
2023-05-20 17:31:06,181 [INFO] BlockDiagram:2759 - set Specific Code input for plugin: RCC
2023-05-20 17:31:06,181 [INFO] BlockDiagram:2759 - set Specific Code input for plugin: NVIC
2023-05-20 17:31:06,181 [INFO] BlockDiagram:2759 - set Specific Code input for plugin: USART
2023-05-20 17:31:06,181 [INFO] BlockDiagram:2759 - set Specific Code input for plugin: GPIO
2023-05-20 17:31:06,183 [INFO] CodeGenerator:793 - code generatio: config db path: C:\ST\STM32CubeIDE_1.12.0\STM32CubeIDE\plugins\com.st.stm32cube.common.mx_6.8.1.202304191431\\db\
2023-05-20 17:31:06,396 [INFO] CodeEngine:255 - oldGeneratedFile, C:\Users\mehmet.sahin\Desktop\Video_Lectures\Embedded_Systems\FreeRTOS\ST_CMSIS_V1\ST_Workspace\007_CMSIS_OS_MALLOC_FAILED_HOOK\MXTmpFiles\license.tmp_save
2023-05-20 17:31:06,583 [INFO] CodeEngine:279 - Generated code: C:\Users\mehmet.sahin\Desktop\Video_Lectures\Embedded_Systems\FreeRTOS\ST_CMSIS_V1\ST_Workspace\007_CMSIS_OS_MALLOC_FAILED_HOOK\MXTmpFiles\license.tmp
2023-05-20 17:31:06,609 [INFO] CodeEngine:255 - oldGeneratedFile, C:\Users\mehmet.sahin\Desktop\Video_Lectures\Embedded_Systems\FreeRTOS\ST_CMSIS_V1\ST_Workspace\007_CMSIS_OS_MALLOC_FAILED_HOOK\MXTmpFiles\gpio.tmp_save
2023-05-20 17:31:06,733 [INFO] CodeEngine:279 - Generated code: C:\Users\mehmet.sahin\Desktop\Video_Lectures\Embedded_Systems\FreeRTOS\ST_CMSIS_V1\ST_Workspace\007_CMSIS_OS_MALLOC_FAILED_HOOK\MXTmpFiles\gpio.tmp
2023-05-20 17:31:06,819 [INFO] Middleware:1439 - No code input for Bsp Dependency
2023-05-20 17:31:06,827 [INFO] CodeEngine:255 - oldGeneratedFile, C:\Users\mehmet.sahin\Desktop\Video_Lectures\Embedded_Systems\FreeRTOS\ST_CMSIS_V1\ST_Workspace\007_CMSIS_OS_MALLOC_FAILED_HOOK\MXTmpFiles\rtos_inc.tmp_save
2023-05-20 17:31:07,008 [INFO] CodeEngine:279 - Generated code: C:\Users\mehmet.sahin\Desktop\Video_Lectures\Embedded_Systems\FreeRTOS\ST_CMSIS_V1\ST_Workspace\007_CMSIS_OS_MALLOC_FAILED_HOOK\MXTmpFiles\rtos_inc.tmp
2023-05-20 17:31:07,014 [INFO] CodeEngine:255 - oldGeneratedFile, C:\Users\mehmet.sahin\Desktop\Video_Lectures\Embedded_Systems\FreeRTOS\ST_CMSIS_V1\ST_Workspace\007_CMSIS_OS_MALLOC_FAILED_HOOK\MXTmpFiles\rtos_vars.tmp_save
2023-05-20 17:31:07,209 [INFO] CodeEngine:279 - Generated code: C:\Users\mehmet.sahin\Desktop\Video_Lectures\Embedded_Systems\FreeRTOS\ST_CMSIS_V1\ST_Workspace\007_CMSIS_OS_MALLOC_FAILED_HOOK\MXTmpFiles\rtos_vars.tmp
2023-05-20 17:31:07,216 [INFO] CodeEngine:255 - oldGeneratedFile, C:\Users\mehmet.sahin\Desktop\Video_Lectures\Embedded_Systems\FreeRTOS\ST_CMSIS_V1\ST_Workspace\007_CMSIS_OS_MALLOC_FAILED_HOOK\MXTmpFiles\rtos_pfp.tmp_save
2023-05-20 17:31:07,424 [INFO] CodeEngine:279 - Generated code: C:\Users\mehmet.sahin\Desktop\Video_Lectures\Embedded_Systems\FreeRTOS\ST_CMSIS_V1\ST_Workspace\007_CMSIS_OS_MALLOC_FAILED_HOOK\MXTmpFiles\rtos_pfp.tmp
2023-05-20 17:31:07,431 [INFO] CodeEngine:255 - oldGeneratedFile, C:\Users\mehmet.sahin\Desktop\Video_Lectures\Embedded_Systems\FreeRTOS\ST_CMSIS_V1\ST_Workspace\007_CMSIS_OS_MALLOC_FAILED_HOOK\MXTmpFiles\rtos_obj_creat.tmp_save
2023-05-20 17:31:07,577 [INFO] CodeEngine:279 - Generated code: C:\Users\mehmet.sahin\Desktop\Video_Lectures\Embedded_Systems\FreeRTOS\ST_CMSIS_V1\ST_Workspace\007_CMSIS_OS_MALLOC_FAILED_HOOK\MXTmpFiles\rtos_obj_creat.tmp
2023-05-20 17:31:07,582 [INFO] CodeEngine:255 - oldGeneratedFile, C:\Users\mehmet.sahin\Desktop\Video_Lectures\Embedded_Systems\FreeRTOS\ST_CMSIS_V1\ST_Workspace\007_CMSIS_OS_MALLOC_FAILED_HOOK\MXTmpFiles\rtos_kernelStart.tmp_save
2023-05-20 17:31:07,644 [INFO] CodeEngine:279 - Generated code: C:\Users\mehmet.sahin\Desktop\Video_Lectures\Embedded_Systems\FreeRTOS\ST_CMSIS_V1\ST_Workspace\007_CMSIS_OS_MALLOC_FAILED_HOOK\MXTmpFiles\rtos_kernelStart.tmp
2023-05-20 17:31:07,649 [INFO] CodeEngine:255 - oldGeneratedFile, C:\Users\mehmet.sahin\Desktop\Video_Lectures\Embedded_Systems\FreeRTOS\ST_CMSIS_V1\ST_Workspace\007_CMSIS_OS_MALLOC_FAILED_HOOK\MXTmpFiles\rtos_default_thread.tmp_save
2023-05-20 17:31:07,720 [INFO] CodeEngine:279 - Generated code: C:\Users\mehmet.sahin\Desktop\Video_Lectures\Embedded_Systems\FreeRTOS\ST_CMSIS_V1\ST_Workspace\007_CMSIS_OS_MALLOC_FAILED_HOOK\MXTmpFiles\rtos_default_thread.tmp
2023-05-20 17:31:07,726 [INFO] CodeEngine:255 - oldGeneratedFile, C:\Users\mehmet.sahin\Desktop\Video_Lectures\Embedded_Systems\FreeRTOS\ST_CMSIS_V1\ST_Workspace\007_CMSIS_OS_MALLOC_FAILED_HOOK\MXTmpFiles\rtos_threads.tmp_save
2023-05-20 17:31:07,804 [INFO] CodeEngine:279 - Generated code: C:\Users\mehmet.sahin\Desktop\Video_Lectures\Embedded_Systems\FreeRTOS\ST_CMSIS_V1\ST_Workspace\007_CMSIS_OS_MALLOC_FAILED_HOOK\MXTmpFiles\rtos_threads.tmp
2023-05-20 17:31:07,815 [INFO] Middleware:1439 - No code input for Bsp Dependency
2023-05-20 17:31:07,826 [INFO] CodeEngine:255 - oldGeneratedFile, C:\Users\mehmet.sahin\Desktop\Video_Lectures\Embedded_Systems\FreeRTOS\ST_CMSIS_V1\ST_Workspace\007_CMSIS_OS_MALLOC_FAILED_HOOK\MXTmpFiles\rtos_inc.tmp_save
2023-05-20 17:31:07,932 [INFO] CodeEngine:279 - Generated code: C:\Users\mehmet.sahin\Desktop\Video_Lectures\Embedded_Systems\FreeRTOS\ST_CMSIS_V1\ST_Workspace\007_CMSIS_OS_MALLOC_FAILED_HOOK\MXTmpFiles\rtos_inc.tmp
2023-05-20 17:31:07,941 [INFO] CodeEngine:255 - oldGeneratedFile, C:\Users\mehmet.sahin\Desktop\Video_Lectures\Embedded_Systems\FreeRTOS\ST_CMSIS_V1\ST_Workspace\007_CMSIS_OS_MALLOC_FAILED_HOOK\MXTmpFiles\rtos_vars.tmp_save
2023-05-20 17:31:08,036 [INFO] CodeEngine:279 - Generated code: C:\Users\mehmet.sahin\Desktop\Video_Lectures\Embedded_Systems\FreeRTOS\ST_CMSIS_V1\ST_Workspace\007_CMSIS_OS_MALLOC_FAILED_HOOK\MXTmpFiles\rtos_vars.tmp
2023-05-20 17:31:08,044 [INFO] CodeEngine:255 - oldGeneratedFile, C:\Users\mehmet.sahin\Desktop\Video_Lectures\Embedded_Systems\FreeRTOS\ST_CMSIS_V1\ST_Workspace\007_CMSIS_OS_MALLOC_FAILED_HOOK\MXTmpFiles\rtos_pfp.tmp_save
2023-05-20 17:31:08,114 [INFO] CodeEngine:279 - Generated code: C:\Users\mehmet.sahin\Desktop\Video_Lectures\Embedded_Systems\FreeRTOS\ST_CMSIS_V1\ST_Workspace\007_CMSIS_OS_MALLOC_FAILED_HOOK\MXTmpFiles\rtos_pfp.tmp
2023-05-20 17:31:08,134 [INFO] CodeEngine:255 - oldGeneratedFile, C:\Users\mehmet.sahin\Desktop\Video_Lectures\Embedded_Systems\FreeRTOS\ST_CMSIS_V1\ST_Workspace\007_CMSIS_OS_MALLOC_FAILED_HOOK\MXTmpFiles\rtos_obj_creat.tmp_save
2023-05-20 17:31:08,217 [INFO] CodeEngine:279 - Generated code: C:\Users\mehmet.sahin\Desktop\Video_Lectures\Embedded_Systems\FreeRTOS\ST_CMSIS_V1\ST_Workspace\007_CMSIS_OS_MALLOC_FAILED_HOOK\MXTmpFiles\rtos_obj_creat.tmp
2023-05-20 17:31:08,223 [INFO] CodeEngine:255 - oldGeneratedFile, C:\Users\mehmet.sahin\Desktop\Video_Lectures\Embedded_Systems\FreeRTOS\ST_CMSIS_V1\ST_Workspace\007_CMSIS_OS_MALLOC_FAILED_HOOK\MXTmpFiles\rtos_kernelStart.tmp_save
2023-05-20 17:31:08,292 [INFO] CodeEngine:279 - Generated code: C:\Users\mehmet.sahin\Desktop\Video_Lectures\Embedded_Systems\FreeRTOS\ST_CMSIS_V1\ST_Workspace\007_CMSIS_OS_MALLOC_FAILED_HOOK\MXTmpFiles\rtos_kernelStart.tmp
2023-05-20 17:31:08,301 [INFO] CodeEngine:255 - oldGeneratedFile, C:\Users\mehmet.sahin\Desktop\Video_Lectures\Embedded_Systems\FreeRTOS\ST_CMSIS_V1\ST_Workspace\007_CMSIS_OS_MALLOC_FAILED_HOOK\MXTmpFiles\rtos_default_thread.tmp_save
2023-05-20 17:31:08,378 [INFO] CodeEngine:279 - Generated code: C:\Users\mehmet.sahin\Desktop\Video_Lectures\Embedded_Systems\FreeRTOS\ST_CMSIS_V1\ST_Workspace\007_CMSIS_OS_MALLOC_FAILED_HOOK\MXTmpFiles\rtos_default_thread.tmp
2023-05-20 17:31:08,385 [INFO] CodeEngine:255 - oldGeneratedFile, C:\Users\mehmet.sahin\Desktop\Video_Lectures\Embedded_Systems\FreeRTOS\ST_CMSIS_V1\ST_Workspace\007_CMSIS_OS_MALLOC_FAILED_HOOK\MXTmpFiles\rtos_threads.tmp_save
2023-05-20 17:31:08,452 [INFO] CodeEngine:279 - Generated code: C:\Users\mehmet.sahin\Desktop\Video_Lectures\Embedded_Systems\FreeRTOS\ST_CMSIS_V1\ST_Workspace\007_CMSIS_OS_MALLOC_FAILED_HOOK\MXTmpFiles\rtos_threads.tmp
2023-05-20 17:31:08,472 [INFO] CodeEngine:255 - oldGeneratedFile, C:\Users\mehmet.sahin\Desktop\Video_Lectures\Embedded_Systems\FreeRTOS\ST_CMSIS_V1\ST_Workspace\007_CMSIS_OS_MALLOC_FAILED_HOOK\Core\Inc\FreeRTOSConfig.h_save
2023-05-20 17:31:08,610 [INFO] CodeEngine:279 - Generated code: C:\Users\mehmet.sahin\Desktop\Video_Lectures\Embedded_Systems\FreeRTOS\ST_CMSIS_V1\ST_Workspace\007_CMSIS_OS_MALLOC_FAILED_HOOK\Core\Inc\FreeRTOSConfig.h
2023-05-20 17:31:08,629 [INFO] CodeEngine:255 - oldGeneratedFile, C:\Users\mehmet.sahin\Desktop\Video_Lectures\Embedded_Systems\FreeRTOS\ST_CMSIS_V1\ST_Workspace\007_CMSIS_OS_MALLOC_FAILED_HOOK\Core\Src\freertos.c_save
2023-05-20 17:31:08,752 [INFO] CodeEngine:279 - Generated code: C:\Users\mehmet.sahin\Desktop\Video_Lectures\Embedded_Systems\FreeRTOS\ST_CMSIS_V1\ST_Workspace\007_CMSIS_OS_MALLOC_FAILED_HOOK\Core\Src\freertos.c
2023-05-20 17:31:08,790 [INFO] CodeEngine:255 - oldGeneratedFile, C:\Users\mehmet.sahin\Desktop\Video_Lectures\Embedded_Systems\FreeRTOS\ST_CMSIS_V1\ST_Workspace\007_CMSIS_OS_MALLOC_FAILED_HOOK\Core\Src\stm32f4xx_it.c_save
2023-05-20 17:31:08,893 [INFO] CodeEngine:279 - Generated code: C:\Users\mehmet.sahin\Desktop\Video_Lectures\Embedded_Systems\FreeRTOS\ST_CMSIS_V1\ST_Workspace\007_CMSIS_OS_MALLOC_FAILED_HOOK\Core\Src\stm32f4xx_it.c
2023-05-20 17:31:08,903 [INFO] CodeEngine:255 - oldGeneratedFile, C:\Users\mehmet.sahin\Desktop\Video_Lectures\Embedded_Systems\FreeRTOS\ST_CMSIS_V1\ST_Workspace\007_CMSIS_OS_MALLOC_FAILED_HOOK\Core\Inc\stm32f4xx_it.h_save
2023-05-20 17:31:09,073 [INFO] CodeEngine:279 - Generated code: C:\Users\mehmet.sahin\Desktop\Video_Lectures\Embedded_Systems\FreeRTOS\ST_CMSIS_V1\ST_Workspace\007_CMSIS_OS_MALLOC_FAILED_HOOK\Core\Inc\stm32f4xx_it.h
2023-05-20 17:31:09,130 [INFO] CodeEngine:255 - oldGeneratedFile, C:\Users\mehmet.sahin\Desktop\Video_Lectures\Embedded_Systems\FreeRTOS\ST_CMSIS_V1\ST_Workspace\007_CMSIS_OS_MALLOC_FAILED_HOOK\Core\Src\stm32f4xx_hal_msp.c_save
2023-05-20 17:31:09,247 [INFO] CodeEngine:279 - Generated code: C:\Users\mehmet.sahin\Desktop\Video_Lectures\Embedded_Systems\FreeRTOS\ST_CMSIS_V1\ST_Workspace\007_CMSIS_OS_MALLOC_FAILED_HOOK\Core\Src\stm32f4xx_hal_msp.c
2023-05-20 17:31:09,253 [INFO] CodeEngine:255 - oldGeneratedFile, C:\Users\mehmet.sahin\Desktop\Video_Lectures\Embedded_Systems\FreeRTOS\ST_CMSIS_V1\ST_Workspace\007_CMSIS_OS_MALLOC_FAILED_HOOK\MXTmpFiles\system.tmp_save
2023-05-20 17:31:09,343 [INFO] CodeEngine:279 - Generated code: C:\Users\mehmet.sahin\Desktop\Video_Lectures\Embedded_Systems\FreeRTOS\ST_CMSIS_V1\ST_Workspace\007_CMSIS_OS_MALLOC_FAILED_HOOK\MXTmpFiles\system.tmp
2023-05-20 17:31:09,362 [INFO] CodeEngine:255 - oldGeneratedFile, C:\Users\mehmet.sahin\Desktop\Video_Lectures\Embedded_Systems\FreeRTOS\ST_CMSIS_V1\ST_Workspace\007_CMSIS_OS_MALLOC_FAILED_HOOK\Core\Src\stm32f4xx_hal_timebase_tim.c_save
2023-05-20 17:31:09,456 [INFO] CodeEngine:279 - Generated code: C:\Users\mehmet.sahin\Desktop\Video_Lectures\Embedded_Systems\FreeRTOS\ST_CMSIS_V1\ST_Workspace\007_CMSIS_OS_MALLOC_FAILED_HOOK\Core\Src\stm32f4xx_hal_timebase_tim.c
2023-05-20 17:31:09,488 [INFO] CodeEngine:311 - oldGeneratedFile, C:\Users\mehmet.sahin\Desktop\Video_Lectures\Embedded_Systems\FreeRTOS\ST_CMSIS_V1\ST_Workspace\007_CMSIS_OS_MALLOC_FAILED_HOOK\Core\Inc\stm32f4xx_hal_conf.h_save
2023-05-20 17:31:09,629 [INFO] CodeEngine:335 - Generated code: C:\Users\mehmet.sahin\Desktop\Video_Lectures\Embedded_Systems\FreeRTOS\ST_CMSIS_V1\ST_Workspace\007_CMSIS_OS_MALLOC_FAILED_HOOK\Core\Inc\stm32f4xx_hal_conf.h
2023-05-20 17:31:09,692 [INFO] CodeEngine:255 - oldGeneratedFile, C:\Users\mehmet.sahin\Desktop\Video_Lectures\Embedded_Systems\FreeRTOS\ST_CMSIS_V1\ST_Workspace\007_CMSIS_OS_MALLOC_FAILED_HOOK\Core\Inc\main.h_save
2023-05-20 17:31:09,802 [INFO] CodeEngine:279 - Generated code: C:\Users\mehmet.sahin\Desktop\Video_Lectures\Embedded_Systems\FreeRTOS\ST_CMSIS_V1\ST_Workspace\007_CMSIS_OS_MALLOC_FAILED_HOOK\Core\Inc\main.h
2023-05-20 17:31:09,823 [INFO] CodeEngine:255 - oldGeneratedFile, C:\Users\mehmet.sahin\Desktop\Video_Lectures\Embedded_Systems\FreeRTOS\ST_CMSIS_V1\ST_Workspace\007_CMSIS_OS_MALLOC_FAILED_HOOK\Core\Src\main.c_save
2023-05-20 17:31:10,058 [INFO] CodeEngine:279 - Generated code: C:\Users\mehmet.sahin\Desktop\Video_Lectures\Embedded_Systems\FreeRTOS\ST_CMSIS_V1\ST_Workspace\007_CMSIS_OS_MALLOC_FAILED_HOOK\Core\Src\main.c
2023-05-20 17:31:11,767 [INFO] ProjectBuilder:2996 - Time for Copy HAL[1] : 372mS.
2023-05-20 17:31:11,776 [INFO] ProjectBuilder:4304 - Project Generator version: 3.19.2
2023-05-20 17:31:12,175 [INFO] ConfigFileManager:1483 - The Die is : DIE413
2023-05-20 17:31:15,581 [INFO] ProjectBuilder:4505 - Time for Generating toolchain IDE Files: 3805mS.
2023-05-20 17:31:15,582 [INFO] ProjectBuilder:2867 - Time for Copy CMSIS : 0mS.
2023-05-20 17:31:15,591 [INFO] ProjectBuilder:2867 - Time for Copy CMSIS : 0mS.
