2023-05-21 00:15:12,794 [INFO] MainUpdater:2854 - connection check result : 10
2023-05-21 00:15:12,821 [INFO] MainUpdater:2854 - connection check result : 10
2023-05-21 00:15:12,838 [INFO] MicroXplorer:468 - Change Database Path : 
2023-05-21 00:15:12,839 [INFO] MicroXplorer:498 - Change Database Version : DB.6.0.81
2023-05-21 00:15:12,872 [WARN] ThirdParty:871 - waiting for thirdparty lock release [close project]
2023-05-21 00:15:12,872 [INFO] ThirdParty:873 - entering critical section [close project]
2023-05-21 00:15:12,872 [INFO] ThirdParty:883 - exiting critical section [close project]
2023-05-21 00:15:12,875 [INFO] PinOutPanel:1499 - setPackage(No Configuration,No Configuration)
2023-05-21 00:15:12,887 [WARN] IpParametersView:150 - Warning: This peripheral hasn't parameters
2023-05-21 00:15:12,891 [WARN] MainPanel:257 - <html><b><center>Warning: This peripheral has no parameters to be configured<br></b></html>
2023-05-21 00:15:12,900 [INFO] UtilMem:75 - Begin LoadConfig() Used Memory: 642658560 Bytes (917504000)
2023-05-21 00:15:12,901 [INFO] MicroXplorer:468 - Change Database Path : 
2023-05-21 00:15:12,901 [INFO] MicroXplorer:498 - Change Database Version : DB.6.0.81
2023-05-21 00:15:12,902 [INFO] OpenFileManager:308 - Change cursor
2023-05-21 00:15:12,933 [INFO] RulesReader:64 - Compatibility file has been processed (293 Rules)
2023-05-21 00:15:12,940 [INFO] Mcu:1937 - Initializing MCU STM32F407V(E-G)Tx STM32F407VGTx STM32F407VGT6
2023-05-21 00:15:14,779 [INFO] Context:659 - Trying to add GPIOservice into a context  which must be forbidden
2023-05-21 00:15:15,322 [INFO] RtosManager:555 - Registered RTOS mode: class=CMSIS, group=RTOS, mode=CMSIS_V1, owner=FREERTOS
2023-05-21 00:15:15,323 [INFO] RtosManager:555 - Registered RTOS mode: class=CMSIS, group=RTOS2, mode=CMSIS_V2, owner=FREERTOS
2023-05-21 00:15:15,323 [INFO] RtosManager:555 - Registered RTOS mode: class=RTOS, group=Core, mode=CMSIS_V1, owner=FREERTOS
2023-05-21 00:15:15,323 [INFO] RtosManager:555 - Registered RTOS mode: class=RTOS, group=Core, mode=CMSIS_V2, owner=FREERTOS
2023-05-21 00:15:15,323 [WARN] ModelIntegratedComponent:184 - Missing modes for component STMicroelectronics:FreeRTOS:0.0.1:STMicroelectronics:RTOS:FreeRTOS:Core:::10.2.0:
2023-05-21 00:15:15,340 [WARN] ModelIntegratedComponent:63 - No mode defined for component null
2023-05-21 00:15:15,340 [WARN] ModelIntegratedComponent:63 - No mode defined for component null
2023-05-21 00:15:15,340 [WARN] ModelIntegratedComponent:63 - No mode defined for component null
2023-05-21 00:15:15,340 [WARN] ModelIntegratedComponent:63 - No mode defined for component null
2023-05-21 00:15:15,340 [WARN] ModelIntegratedComponent:63 - No mode defined for component null
2023-05-21 00:15:15,340 [WARN] ModelIntegratedComponent:63 - No mode defined for component null
2023-05-21 00:15:15,340 [WARN] ModelIntegratedComponent:63 - No mode defined for component null
2023-05-21 00:15:15,340 [WARN] ModelIntegratedComponent:63 - No mode defined for component null
2023-05-21 00:15:15,340 [WARN] ModelIntegratedComponent:63 - No mode defined for component null
2023-05-21 00:15:15,340 [WARN] ModelIntegratedComponent:63 - No mode defined for component null
2023-05-21 00:15:15,340 [WARN] ModelIntegratedComponent:63 - No mode defined for component null
2023-05-21 00:15:15,340 [WARN] ModelIntegratedComponent:63 - No mode defined for component null
2023-05-21 00:15:15,340 [WARN] ModelIntegratedComponent:63 - No mode defined for component null
2023-05-21 00:15:15,340 [WARN] ModelIntegratedComponent:63 - No mode defined for component null
2023-05-21 00:15:15,340 [WARN] ModelIntegratedComponent:63 - No mode defined for component null
2023-05-21 00:15:15,341 [WARN] ModelIntegratedComponent:63 - No mode defined for component null
2023-05-21 00:15:15,341 [WARN] ModelIntegratedComponent:63 - No mode defined for component null
2023-05-21 00:15:15,341 [WARN] ModelIntegratedComponent:63 - No mode defined for component null
2023-05-21 00:15:15,341 [WARN] ModelIntegratedComponent:63 - No mode defined for component null
2023-05-21 00:15:15,341 [WARN] ModelIntegratedComponent:63 - No mode defined for component null
2023-05-21 00:15:15,341 [WARN] ModelIntegratedComponent:63 - No mode defined for component null
2023-05-21 00:15:15,341 [WARN] ModelIntegratedComponent:63 - No mode defined for component null
2023-05-21 00:15:15,341 [WARN] ModelIntegratedComponent:63 - No mode defined for component null
2023-05-21 00:15:15,341 [WARN] ModelIntegratedComponent:63 - No mode defined for component null
2023-05-21 00:15:15,341 [WARN] ModelIntegratedComponent:63 - No mode defined for component null
2023-05-21 00:15:15,341 [WARN] ModelIntegratedComponent:63 - No mode defined for component null
2023-05-21 00:15:15,341 [WARN] ModelIntegratedComponent:63 - No mode defined for component null
2023-05-21 00:15:15,342 [WARN] ModelIntegratedComponent:63 - No mode defined for component null
2023-05-21 00:15:15,342 [WARN] ModelIntegratedComponent:63 - No mode defined for component null
2023-05-21 00:15:15,342 [WARN] ModelIntegratedComponent:63 - No mode defined for component null
2023-05-21 00:15:15,342 [WARN] ModelIntegratedComponent:63 - No mode defined for component null
2023-05-21 00:15:15,342 [WARN] ModelIntegratedComponent:63 - No mode defined for component null
2023-05-21 00:15:15,342 [WARN] ModelIntegratedComponent:63 - No mode defined for component null
2023-05-21 00:15:15,474 [INFO] ThirdPartyModel:298 - Start build external matchings
2023-05-21 00:15:16,284 [INFO] ThirdPartyModel:316 - End build external matchings
2023-05-21 00:15:16,298 [INFO] RtosManager:919 - Current active RTOS is FREERTOS [Cortex-M4NS]
2023-05-21 00:15:16,304 [INFO] ImportTextPane:194 - (OptionalMessage_ERROR) IP (RCC) : Parameter (RTCHSEDivFreq_Value) has invalid value (4000000)
2023-05-21 00:15:16,640 [INFO] UtilMem:75 - End LoadConfig() Used Memory: 688784960 Bytes (917504000)
2023-05-21 00:15:16,684 [WARN] ThirdParty:833 - waiting for thirdparty lock release [change project]
2023-05-21 00:15:16,684 [INFO] ThirdParty:835 - entering critical section [change project]
2023-05-21 00:15:16,685 [INFO] ThirdParty:1030 - CMSIS Pack Vendor :STMicroelectronics X-CUBE-ISPU 1.1.0
2023-05-21 00:15:16,685 [INFO] ThirdParty:1030 - CMSIS Pack Vendor :STMicroelectronics X-CUBE-GNSS1 6.0.0
2023-05-21 00:15:16,685 [INFO] ThirdParty:1030 - CMSIS Pack Vendor :STMicroelectronics USB_HOST 2.0.0
2023-05-21 00:15:16,685 [INFO] ThirdParty:1030 - CMSIS Pack Vendor :STMicroelectronics X-CUBE-AZRTOS-F4 1.1.0
2023-05-21 00:15:16,685 [INFO] ThirdParty:1030 - CMSIS Pack Vendor :STMicroelectronics LIBJPEG 8.0.0
2023-05-21 00:15:16,685 [INFO] ThirdParty:1030 - CMSIS Pack Vendor :STMicroelectronics X-CUBE-SMBUS 2.1.0
2023-05-21 00:15:16,685 [INFO] ThirdParty:1030 - CMSIS Pack Vendor :wolfSSL I-CUBE-wolfSSL 5.6.0
2023-05-21 00:15:16,685 [INFO] ThirdParty:1030 - CMSIS Pack Vendor :STMicroelectronics USB_DEVICE 3.0.0
2023-05-21 00:15:16,685 [INFO] ThirdParty:1030 - CMSIS Pack Vendor :STMicroelectronics X-CUBE-AI 8.0.0
2023-05-21 00:15:16,686 [INFO] ThirdParty:1030 - CMSIS Pack Vendor :STMicroelectronics X-CUBE-FREERTOS 1.0.1
2023-05-21 00:15:16,686 [INFO] ThirdParty:1030 - CMSIS Pack Vendor :STMicroelectronics X-CUBE-TOUCHGFX 4.21.3
2023-05-21 00:15:16,686 [INFO] ThirdParty:1030 - CMSIS Pack Vendor :STMicroelectronics X-CUBE-AZRTOS-F7 1.1.0
2023-05-21 00:15:16,686 [INFO] ThirdParty:1030 - CMSIS Pack Vendor :STMicroelectronics X-CUBE-TOUCHGFX 4.21.4
2023-05-21 00:15:16,686 [INFO] ThirdParty:1030 - CMSIS Pack Vendor :STMicroelectronics USB_DEVICE 2.0.0
2023-05-21 00:15:16,686 [INFO] ThirdParty:1030 - CMSIS Pack Vendor :STMicroelectronics X-CUBE-MEMS1 9.6.0
2023-05-21 00:15:16,686 [INFO] ThirdParty:1030 - CMSIS Pack Vendor :STMicroelectronics FP-SNS-MOTENV1 4.3.0
2023-05-21 00:15:16,686 [INFO] ThirdParty:1030 - CMSIS Pack Vendor :STMicroelectronics FP-SNS-FLIGHT1 5.0.0
2023-05-21 00:15:16,686 [INFO] ThirdParty:1030 - CMSIS Pack Vendor :STMicroelectronics X-CUBE-ALGOBUILD 1.3.0
2023-05-21 00:15:16,686 [INFO] ThirdParty:1030 - CMSIS Pack Vendor :STMicroelectronics X-CUBE-BLE1 6.2.4
2023-05-21 00:15:16,686 [INFO] ThirdParty:1030 - CMSIS Pack Vendor :STMicroelectronics X-CUBE-AZRTOS-L5 1.1.0
2023-05-21 00:15:16,686 [INFO] ThirdParty:1030 - CMSIS Pack Vendor :STMicroelectronics FreeRTOS 0.0.1
2023-05-21 00:15:16,686 [INFO] ThirdParty:1030 - CMSIS Pack Vendor :emotas I-CUBE-CANOPEN 1.1.3
2023-05-21 00:15:16,686 [INFO] ThirdParty:1030 - CMSIS Pack Vendor :STMicroelectronics X-CUBE-AZRTOS-G0 1.1.0
2023-05-21 00:15:16,686 [INFO] ThirdParty:1030 - CMSIS Pack Vendor :STMicroelectronics X-CUBE-BLEMGR 2.0.0
2023-05-21 00:15:16,686 [INFO] ThirdParty:1030 - CMSIS Pack Vendor :STMicroelectronics X-CUBE-AI 8.0.1
2023-05-21 00:15:16,687 [INFO] ThirdParty:1030 - CMSIS Pack Vendor :STMicroelectronics X-CUBE-SUBG2 5.0.0
2023-05-21 00:15:16,687 [INFO] ThirdParty:1030 - CMSIS Pack Vendor :STMicroelectronics X-CUBE-NFC4 3.0.0
2023-05-21 00:15:16,687 [INFO] ThirdParty:1030 - CMSIS Pack Vendor :STMicroelectronics STM32_WPAN 1.0.0
2023-05-21 00:15:16,687 [INFO] ThirdParty:1030 - CMSIS Pack Vendor :STMicroelectronics lwIP 2.0.3
2023-05-21 00:15:16,687 [INFO] ThirdParty:1030 - CMSIS Pack Vendor :STMicroelectronics USB_HOST 1.0.0
2023-05-21 00:15:16,687 [INFO] ThirdParty:1030 - CMSIS Pack Vendor :STMicroelectronics X-CUBE-AZRTOS-G4 2.0.0
2023-05-21 00:15:16,687 [INFO] ThirdParty:1030 - CMSIS Pack Vendor :STMicroelectronics PDM2PCM 3.1.0
2023-05-21 00:15:16,687 [INFO] ThirdParty:1030 - CMSIS Pack Vendor :STMicroelectronics X-CUBE-AZRTOS-H7 3.1.0
2023-05-21 00:15:16,687 [INFO] ThirdParty:1030 - CMSIS Pack Vendor :STMicroelectronics X-CUBE-TOF1 3.3.0
2023-05-21 00:15:16,687 [INFO] ThirdParty:1030 - CMSIS Pack Vendor :STMicroelectronics FP-ATR-ASTRA1 1.1.1
2023-05-21 00:15:16,687 [INFO] ThirdParty:1030 - CMSIS Pack Vendor :STMicroelectronics PDM2PCM 3.3.0
2023-05-21 00:15:16,687 [INFO] ThirdParty:1030 - CMSIS Pack Vendor :STMicroelectronics X-CUBE-DISPLAY 3.0.0
2023-05-21 00:15:16,687 [INFO] ThirdParty:1030 - CMSIS Pack Vendor :STMicroelectronics X-CUBE-AZRTOS-G4 1.0.0
2023-05-21 00:15:16,687 [INFO] ThirdParty:1030 - CMSIS Pack Vendor :STMicroelectronics FP-ATR-SIGFOX1 3.2.0
2023-05-21 00:15:16,687 [INFO] ThirdParty:1030 - CMSIS Pack Vendor :STMicroelectronics X-CUBE-AZRTOS-L4 1.0.0
2023-05-21 00:15:16,687 [INFO] ThirdParty:1030 - CMSIS Pack Vendor :STMicroelectronics HAL Drivers 0.0.0
2023-05-21 00:15:16,687 [INFO] ThirdParty:1030 - CMSIS Pack Vendor :STMicroelectronics MBEDTLS 2.16.2
2023-05-21 00:15:16,687 [INFO] ThirdParty:1030 - CMSIS Pack Vendor :STMicroelectronics MBEDTLS 2.14.1
2023-05-21 00:15:16,688 [INFO] ThirdParty:1030 - CMSIS Pack Vendor :STMicroelectronics X-CUBE-NFC7 1.0.0
2023-05-21 00:15:16,688 [INFO] ThirdParty:1030 - CMSIS Pack Vendor :STMicroelectronics X-CUBE-AZRTOS-WL 1.0.0
2023-05-21 00:15:16,688 [INFO] ThirdParty:1030 - CMSIS Pack Vendor :STMicroelectronics X-CUBE-EEPRMA1 4.1.0
2023-05-21 00:15:16,688 [INFO] ThirdParty:1030 - CMSIS Pack Vendor :portGmbH I-Cube-SoM-uGOAL 1.1.0
2023-05-21 00:15:16,688 [INFO] ThirdParty:1030 - CMSIS Pack Vendor :STMicroelectronics X-CUBE-ALS 1.0.1
2023-05-21 00:15:16,688 [INFO] ThirdParty:1030 - CMSIS Pack Vendor :STMicroelectronics X-CUBE-MEMS1 9.5.0
2023-05-21 00:15:16,688 [INFO] ThirdParty:1030 - CMSIS Pack Vendor :STMicroelectronics ThreadX 1.0.0
2023-05-21 00:15:16,688 [INFO] ThirdParty:1030 - CMSIS Pack Vendor :STMicroelectronics X-CUBE-AZRTOS-WB 1.1.0
2023-05-21 00:15:16,688 [INFO] ThirdParty:1030 - CMSIS Pack Vendor :SEGGER I-CUBE-embOS 1.3.1
2023-05-21 00:15:16,688 [INFO] ThirdParty:1030 - CMSIS Pack Vendor :STMicroelectronics USB_DEVICE 1.0.0
2023-05-21 00:15:16,688 [INFO] ThirdParty:1030 - CMSIS Pack Vendor :STMicroelectronics ThreadX 0.0.2
2023-05-21 00:15:16,688 [INFO] ThirdParty:1030 - CMSIS Pack Vendor :WES I-CUBE-Cesium 1.3.0
2023-05-21 00:15:16,688 [INFO] ThirdParty:1030 - CMSIS Pack Vendor :STMicroelectronics FP-ATR-ASTRA1 2.0.0
2023-05-21 00:15:16,688 [INFO] ThirdParty:1030 - CMSIS Pack Vendor :STMicroelectronics lwIP 2.1.2
2023-05-21 00:15:16,688 [INFO] ThirdParty:1030 - CMSIS Pack Vendor :STMicroelectronics X-CUBE-SFXS2LP1 4.0.0
2023-05-21 00:15:16,688 [INFO] ThirdParty:1030 - CMSIS Pack Vendor :STMicroelectronics X-CUBE-BLE2 3.3.0
2023-05-21 00:15:16,688 [INFO] ThirdParty:1030 - CMSIS Pack Vendor :STMicroelectronics PDM2PCM 3.2.0
2023-05-21 00:15:16,689 [INFO] ThirdParty:841 - exiting critical section [change project]
2023-05-21 00:15:16,913 [INFO] PinOutPanel:1499 - setPackage(No Configuration,No Configuration)
2023-05-21 00:15:16,915 [INFO] PinOutPanel:1499 - setPackage(STM32F407VGTx,LQFP100)
2023-05-21 00:15:17,288 [INFO] UtilMem:75 - Before build in PCC Used Memory: 708514976 Bytes (917504000)
2023-05-21 00:15:17,618 [INFO] UtilMem:75 - After build in PCC Used Memory: 753603744 Bytes (917504000)
2023-05-21 00:15:17,626 [INFO] ApiDbMcu:507 - Load IP Config File for FREERTOS
2023-05-21 00:15:17,657 [INFO] IPUIPlugin:80 - create IPUIPlugin
2023-05-21 00:15:17,657 [INFO] IPUIPlugin:80 - create IPUIPlugin
2023-05-21 00:15:17,657 [INFO] IPUIPlugin:80 - create IPUIPlugin
2023-05-21 00:15:17,658 [INFO] IPUIPlugin:80 - create IPUIPlugin
2023-05-21 00:15:17,658 [INFO] IPUIPlugin:80 - create IPUIPlugin
2023-05-21 00:15:17,658 [INFO] IPUIPlugin:80 - create IPUIPlugin
2023-05-21 00:15:17,658 [INFO] IPUIPlugin:80 - create IPUIPlugin
2023-05-21 00:15:17,658 [INFO] IPUIPlugin:80 - create IPUIPlugin
2023-05-21 00:15:17,658 [INFO] IPUIPlugin:80 - create IPUIPlugin
2023-05-21 00:15:17,659 [INFO] IPUIPlugin:80 - create IPUIPlugin
2023-05-21 00:15:17,659 [INFO] IPUIPlugin:80 - create IPUIPlugin
2023-05-21 00:15:17,659 [INFO] IPUIPlugin:80 - create IPUIPlugin
2023-05-21 00:15:17,659 [INFO] IPUIPlugin:80 - create IPUIPlugin
2023-05-21 00:15:17,659 [INFO] IPUIPlugin:80 - create IPUIPlugin
2023-05-21 00:15:17,659 [INFO] IPUIPlugin:80 - create IPUIPlugin
2023-05-21 00:15:17,659 [INFO] IPUIPlugin:80 - create IPUIPlugin
2023-05-21 00:15:17,659 [INFO] IPUIPlugin:80 - create IPUIPlugin
2023-05-21 00:15:17,660 [INFO] IPUIPlugin:80 - create IPUIPlugin
2023-05-21 00:15:17,660 [INFO] IPUIPlugin:80 - create IPUIPlugin
2023-05-21 00:15:17,660 [INFO] IPUIPlugin:80 - create IPUIPlugin
2023-05-21 00:15:17,660 [INFO] IPUIPlugin:80 - create IPUIPlugin
2023-05-21 00:15:17,661 [INFO] IPUIPlugin:80 - create IPUIPlugin
2023-05-21 00:15:17,661 [INFO] IPUIPlugin:80 - create IPUIPlugin
2023-05-21 00:15:17,662 [INFO] IPUIPlugin:80 - create IPUIPlugin
2023-05-21 00:15:17,662 [INFO] IPUIPlugin:80 - create IPUIPlugin
2023-05-21 00:15:17,663 [INFO] IPUIPlugin:80 - create IPUIPlugin
2023-05-21 00:15:17,663 [INFO] IPUIPlugin:80 - create IPUIPlugin
2023-05-21 00:15:17,663 [INFO] IPUIPlugin:80 - create IPUIPlugin
2023-05-21 00:15:17,663 [INFO] IPUIPlugin:80 - create IPUIPlugin
2023-05-21 00:15:17,663 [INFO] IPUIPlugin:80 - create IPUIPlugin
2023-05-21 00:15:17,664 [INFO] IPUIPlugin:80 - create IPUIPlugin
2023-05-21 00:15:17,664 [INFO] IPUIPlugin:80 - create IPUIPlugin
2023-05-21 00:15:17,664 [INFO] IPUIPlugin:80 - create IPUIPlugin
2023-05-21 00:15:17,664 [INFO] IPUIPlugin:80 - create IPUIPlugin
2023-05-21 00:15:17,664 [INFO] IPUIPlugin:80 - create IPUIPlugin
2023-05-21 00:15:17,665 [INFO] IPUIPlugin:80 - create IPUIPlugin
2023-05-21 00:15:17,665 [INFO] IPUIPlugin:80 - create IPUIPlugin
2023-05-21 00:15:17,665 [INFO] IPUIPlugin:80 - create IPUIPlugin
2023-05-21 00:15:17,665 [INFO] IPUIPlugin:80 - create IPUIPlugin
2023-05-21 00:15:17,665 [INFO] IPUIPlugin:80 - create IPUIPlugin
2023-05-21 00:15:17,666 [INFO] IPUIPlugin:80 - create IPUIPlugin
2023-05-21 00:15:17,666 [INFO] IPUIPlugin:80 - create IPUIPlugin
2023-05-21 00:15:17,666 [INFO] IPUIPlugin:80 - create IPUIPlugin
2023-05-21 00:15:17,666 [INFO] IPUIPlugin:80 - create IPUIPlugin
2023-05-21 00:15:17,666 [INFO] IPUIPlugin:80 - create IPUIPlugin
2023-05-21 00:15:17,667 [INFO] IPUIPlugin:80 - create IPUIPlugin
2023-05-21 00:15:17,667 [INFO] IPUIPlugin:80 - create IPUIPlugin
2023-05-21 00:15:17,668 [INFO] IPUIPlugin:80 - create IPUIPlugin
2023-05-21 00:15:17,668 [INFO] IPUIPlugin:80 - create IPUIPlugin
2023-05-21 00:15:17,668 [INFO] IPUIPlugin:80 - create IPUIPlugin
2023-05-21 00:15:17,668 [INFO] IPUIPlugin:80 - create IPUIPlugin
2023-05-21 00:15:17,669 [INFO] IPUIPlugin:80 - create IPUIPlugin
2023-05-21 00:15:17,669 [INFO] IPUIPlugin:80 - create IPUIPlugin
2023-05-21 00:15:17,670 [INFO] IPUIPlugin:80 - create IPUIPlugin
2023-05-21 00:15:17,670 [INFO] IPUIPlugin:80 - create IPUIPlugin
2023-05-21 00:15:17,671 [INFO] IPUIPlugin:80 - create IPUIPlugin
2023-05-21 00:15:17,671 [INFO] IPUIPlugin:80 - create IPUIPlugin
2023-05-21 00:15:17,672 [INFO] IPUIPlugin:80 - create IPUIPlugin
2023-05-21 00:15:17,675 [INFO] ApiDbMcu:507 - Load IP Config File for PDM2PCM
2023-05-21 00:15:17,689 [WARN] FreeRTOS:1023 - Null or empty value: should not occur! (nothing added to the table)
2023-05-21 00:15:17,795 [INFO] CADModel:165 - CPN selected for project levelSTM32F407VGT6
2023-05-21 00:15:17,795 [INFO] CADModel:114 - Register for checkConnection events
2023-05-21 00:15:17,799 [INFO] RtosManager:697 - Active RTOS found at IOC load: FREERTOS [Cortex-M4NS]
2023-05-21 00:15:17,863 [INFO] OpenFileManager:328 - Restore cursor
2023-05-21 00:18:36,816 [INFO] MainUpdater:2854 - connection check result : 10
2023-05-21 00:18:36,816 [INFO] MainUpdater:2854 - connection check result : 10
2023-05-21 00:18:36,830 [INFO] MicroXplorer:468 - Change Database Path : 
2023-05-21 00:18:36,830 [INFO] MicroXplorer:498 - Change Database Version : DB.6.0.81
2023-05-21 00:18:36,851 [WARN] ThirdParty:871 - waiting for thirdparty lock release [close project]
2023-05-21 00:18:36,852 [INFO] ThirdParty:873 - entering critical section [close project]
2023-05-21 00:18:36,852 [INFO] ThirdParty:883 - exiting critical section [close project]
2023-05-21 00:18:36,854 [INFO] PinOutPanel:1499 - setPackage(No Configuration,No Configuration)
2023-05-21 00:18:36,860 [WARN] IpParametersView:150 - Warning: This peripheral hasn't parameters
2023-05-21 00:18:36,863 [WARN] MainPanel:257 - <html><b><center>Warning: This peripheral has no parameters to be configured<br></b></html>
2023-05-21 00:18:36,866 [INFO] UtilMem:75 - Begin LoadConfig() Used Memory: 659343280 Bytes (917504000)
2023-05-21 00:18:36,867 [INFO] MicroXplorer:468 - Change Database Path : 
2023-05-21 00:18:36,867 [INFO] MicroXplorer:498 - Change Database Version : DB.6.0.81
2023-05-21 00:18:36,867 [INFO] OpenFileManager:308 - Change cursor
2023-05-21 00:18:36,877 [INFO] Mcu:1937 - Initializing MCU STM32F407V(E-G)Tx STM32F407VGTx STM32F407VGT6
2023-05-21 00:18:38,441 [INFO] Context:659 - Trying to add GPIOservice into a context  which must be forbidden
2023-05-21 00:18:39,085 [INFO] RtosManager:555 - Registered RTOS mode: class=CMSIS, group=RTOS, mode=CMSIS_V1, owner=FREERTOS
2023-05-21 00:18:39,085 [INFO] RtosManager:555 - Registered RTOS mode: class=CMSIS, group=RTOS2, mode=CMSIS_V2, owner=FREERTOS
2023-05-21 00:18:39,085 [INFO] RtosManager:555 - Registered RTOS mode: class=RTOS, group=Core, mode=CMSIS_V1, owner=FREERTOS
2023-05-21 00:18:39,086 [INFO] RtosManager:555 - Registered RTOS mode: class=RTOS, group=Core, mode=CMSIS_V2, owner=FREERTOS
2023-05-21 00:18:39,086 [WARN] ModelIntegratedComponent:184 - Missing modes for component STMicroelectronics:FreeRTOS:0.0.1:STMicroelectronics:RTOS:FreeRTOS:Core:::10.2.0:
2023-05-21 00:18:39,102 [WARN] ModelIntegratedComponent:63 - No mode defined for component null
2023-05-21 00:18:39,102 [WARN] ModelIntegratedComponent:63 - No mode defined for component null
2023-05-21 00:18:39,102 [WARN] ModelIntegratedComponent:63 - No mode defined for component null
2023-05-21 00:18:39,102 [WARN] ModelIntegratedComponent:63 - No mode defined for component null
2023-05-21 00:18:39,102 [WARN] ModelIntegratedComponent:63 - No mode defined for component null
2023-05-21 00:18:39,102 [WARN] ModelIntegratedComponent:63 - No mode defined for component null
2023-05-21 00:18:39,102 [WARN] ModelIntegratedComponent:63 - No mode defined for component null
2023-05-21 00:18:39,102 [WARN] ModelIntegratedComponent:63 - No mode defined for component null
2023-05-21 00:18:39,102 [WARN] ModelIntegratedComponent:63 - No mode defined for component null
2023-05-21 00:18:39,102 [WARN] ModelIntegratedComponent:63 - No mode defined for component null
2023-05-21 00:18:39,102 [WARN] ModelIntegratedComponent:63 - No mode defined for component null
2023-05-21 00:18:39,102 [WARN] ModelIntegratedComponent:63 - No mode defined for component null
2023-05-21 00:18:39,102 [WARN] ModelIntegratedComponent:63 - No mode defined for component null
2023-05-21 00:18:39,102 [WARN] ModelIntegratedComponent:63 - No mode defined for component null
2023-05-21 00:18:39,103 [WARN] ModelIntegratedComponent:63 - No mode defined for component null
2023-05-21 00:18:39,103 [WARN] ModelIntegratedComponent:63 - No mode defined for component null
2023-05-21 00:18:39,103 [WARN] ModelIntegratedComponent:63 - No mode defined for component null
2023-05-21 00:18:39,103 [WARN] ModelIntegratedComponent:63 - No mode defined for component null
2023-05-21 00:18:39,103 [WARN] ModelIntegratedComponent:63 - No mode defined for component null
2023-05-21 00:18:39,103 [WARN] ModelIntegratedComponent:63 - No mode defined for component null
2023-05-21 00:18:39,103 [WARN] ModelIntegratedComponent:63 - No mode defined for component null
2023-05-21 00:18:39,103 [WARN] ModelIntegratedComponent:63 - No mode defined for component null
2023-05-21 00:18:39,103 [WARN] ModelIntegratedComponent:63 - No mode defined for component null
2023-05-21 00:18:39,103 [WARN] ModelIntegratedComponent:63 - No mode defined for component null
2023-05-21 00:18:39,103 [WARN] ModelIntegratedComponent:63 - No mode defined for component null
2023-05-21 00:18:39,103 [WARN] ModelIntegratedComponent:63 - No mode defined for component null
2023-05-21 00:18:39,103 [WARN] ModelIntegratedComponent:63 - No mode defined for component null
2023-05-21 00:18:39,103 [WARN] ModelIntegratedComponent:63 - No mode defined for component null
2023-05-21 00:18:39,103 [WARN] ModelIntegratedComponent:63 - No mode defined for component null
2023-05-21 00:18:39,104 [WARN] ModelIntegratedComponent:63 - No mode defined for component null
2023-05-21 00:18:39,104 [WARN] ModelIntegratedComponent:63 - No mode defined for component null
2023-05-21 00:18:39,104 [WARN] ModelIntegratedComponent:63 - No mode defined for component null
2023-05-21 00:18:39,104 [WARN] ModelIntegratedComponent:63 - No mode defined for component null
2023-05-21 00:18:39,324 [INFO] ThirdPartyModel:298 - Start build external matchings
2023-05-21 00:18:40,034 [INFO] ThirdPartyModel:316 - End build external matchings
2023-05-21 00:18:40,044 [INFO] RtosManager:919 - Current active RTOS is FREERTOS [Cortex-M4NS]
2023-05-21 00:18:40,048 [INFO] ImportTextPane:194 - (OptionalMessage_ERROR) IP (RCC) : Parameter (RTCHSEDivFreq_Value) has invalid value (4000000)
2023-05-21 00:18:40,377 [INFO] UtilMem:75 - End LoadConfig() Used Memory: 717867552 Bytes (917504000)
2023-05-21 00:18:40,422 [WARN] ThirdParty:833 - waiting for thirdparty lock release [change project]
2023-05-21 00:18:40,423 [INFO] ThirdParty:835 - entering critical section [change project]
2023-05-21 00:18:40,423 [INFO] ThirdParty:1030 - CMSIS Pack Vendor :STMicroelectronics X-CUBE-ISPU 1.1.0
2023-05-21 00:18:40,423 [INFO] ThirdParty:1030 - CMSIS Pack Vendor :STMicroelectronics X-CUBE-GNSS1 6.0.0
2023-05-21 00:18:40,423 [INFO] ThirdParty:1030 - CMSIS Pack Vendor :STMicroelectronics USB_HOST 2.0.0
2023-05-21 00:18:40,423 [INFO] ThirdParty:1030 - CMSIS Pack Vendor :STMicroelectronics X-CUBE-AZRTOS-F4 1.1.0
2023-05-21 00:18:40,423 [INFO] ThirdParty:1030 - CMSIS Pack Vendor :STMicroelectronics LIBJPEG 8.0.0
2023-05-21 00:18:40,423 [INFO] ThirdParty:1030 - CMSIS Pack Vendor :STMicroelectronics X-CUBE-SMBUS 2.1.0
2023-05-21 00:18:40,423 [INFO] ThirdParty:1030 - CMSIS Pack Vendor :wolfSSL I-CUBE-wolfSSL 5.6.0
2023-05-21 00:18:40,423 [INFO] ThirdParty:1030 - CMSIS Pack Vendor :STMicroelectronics USB_DEVICE 3.0.0
2023-05-21 00:18:40,423 [INFO] ThirdParty:1030 - CMSIS Pack Vendor :STMicroelectronics X-CUBE-AI 8.0.0
2023-05-21 00:18:40,423 [INFO] ThirdParty:1030 - CMSIS Pack Vendor :STMicroelectronics X-CUBE-FREERTOS 1.0.1
2023-05-21 00:18:40,423 [INFO] ThirdParty:1030 - CMSIS Pack Vendor :STMicroelectronics X-CUBE-TOUCHGFX 4.21.3
2023-05-21 00:18:40,423 [INFO] ThirdParty:1030 - CMSIS Pack Vendor :STMicroelectronics X-CUBE-AZRTOS-F7 1.1.0
2023-05-21 00:18:40,424 [INFO] ThirdParty:1030 - CMSIS Pack Vendor :STMicroelectronics X-CUBE-TOUCHGFX 4.21.4
2023-05-21 00:18:40,424 [INFO] ThirdParty:1030 - CMSIS Pack Vendor :STMicroelectronics USB_DEVICE 2.0.0
2023-05-21 00:18:40,424 [INFO] ThirdParty:1030 - CMSIS Pack Vendor :STMicroelectronics X-CUBE-MEMS1 9.6.0
2023-05-21 00:18:40,424 [INFO] ThirdParty:1030 - CMSIS Pack Vendor :STMicroelectronics FP-SNS-MOTENV1 4.3.0
2023-05-21 00:18:40,424 [INFO] ThirdParty:1030 - CMSIS Pack Vendor :STMicroelectronics FP-SNS-FLIGHT1 5.0.0
2023-05-21 00:18:40,425 [INFO] ThirdParty:1030 - CMSIS Pack Vendor :STMicroelectronics X-CUBE-ALGOBUILD 1.3.0
2023-05-21 00:18:40,425 [INFO] ThirdParty:1030 - CMSIS Pack Vendor :STMicroelectronics X-CUBE-BLE1 6.2.4
2023-05-21 00:18:40,425 [INFO] ThirdParty:1030 - CMSIS Pack Vendor :STMicroelectronics X-CUBE-AZRTOS-L5 1.1.0
2023-05-21 00:18:40,425 [INFO] ThirdParty:1030 - CMSIS Pack Vendor :STMicroelectronics FreeRTOS 0.0.1
2023-05-21 00:18:40,425 [INFO] ThirdParty:1030 - CMSIS Pack Vendor :emotas I-CUBE-CANOPEN 1.1.3
2023-05-21 00:18:40,426 [INFO] ThirdParty:1030 - CMSIS Pack Vendor :STMicroelectronics X-CUBE-AZRTOS-G0 1.1.0
2023-05-21 00:18:40,426 [INFO] ThirdParty:1030 - CMSIS Pack Vendor :STMicroelectronics X-CUBE-BLEMGR 2.0.0
2023-05-21 00:18:40,426 [INFO] ThirdParty:1030 - CMSIS Pack Vendor :STMicroelectronics X-CUBE-AI 8.0.1
2023-05-21 00:18:40,426 [INFO] ThirdParty:1030 - CMSIS Pack Vendor :STMicroelectronics X-CUBE-SUBG2 5.0.0
2023-05-21 00:18:40,426 [INFO] ThirdParty:1030 - CMSIS Pack Vendor :STMicroelectronics X-CUBE-NFC4 3.0.0
2023-05-21 00:18:40,426 [INFO] ThirdParty:1030 - CMSIS Pack Vendor :STMicroelectronics STM32_WPAN 1.0.0
2023-05-21 00:18:40,426 [INFO] ThirdParty:1030 - CMSIS Pack Vendor :STMicroelectronics lwIP 2.0.3
2023-05-21 00:18:40,426 [INFO] ThirdParty:1030 - CMSIS Pack Vendor :STMicroelectronics USB_HOST 1.0.0
2023-05-21 00:18:40,426 [INFO] ThirdParty:1030 - CMSIS Pack Vendor :STMicroelectronics X-CUBE-AZRTOS-G4 2.0.0
2023-05-21 00:18:40,426 [INFO] ThirdParty:1030 - CMSIS Pack Vendor :STMicroelectronics PDM2PCM 3.1.0
2023-05-21 00:18:40,426 [INFO] ThirdParty:1030 - CMSIS Pack Vendor :STMicroelectronics X-CUBE-AZRTOS-H7 3.1.0
2023-05-21 00:18:40,426 [INFO] ThirdParty:1030 - CMSIS Pack Vendor :STMicroelectronics X-CUBE-TOF1 3.3.0
2023-05-21 00:18:40,426 [INFO] ThirdParty:1030 - CMSIS Pack Vendor :STMicroelectronics FP-ATR-ASTRA1 1.1.1
2023-05-21 00:18:40,426 [INFO] ThirdParty:1030 - CMSIS Pack Vendor :STMicroelectronics PDM2PCM 3.3.0
2023-05-21 00:18:40,426 [INFO] ThirdParty:1030 - CMSIS Pack Vendor :STMicroelectronics X-CUBE-DISPLAY 3.0.0
2023-05-21 00:18:40,427 [INFO] ThirdParty:1030 - CMSIS Pack Vendor :STMicroelectronics X-CUBE-AZRTOS-G4 1.0.0
2023-05-21 00:18:40,427 [INFO] ThirdParty:1030 - CMSIS Pack Vendor :STMicroelectronics FP-ATR-SIGFOX1 3.2.0
2023-05-21 00:18:40,427 [INFO] ThirdParty:1030 - CMSIS Pack Vendor :STMicroelectronics X-CUBE-AZRTOS-L4 1.0.0
2023-05-21 00:18:40,427 [INFO] ThirdParty:1030 - CMSIS Pack Vendor :STMicroelectronics HAL Drivers 0.0.0
2023-05-21 00:18:40,427 [INFO] ThirdParty:1030 - CMSIS Pack Vendor :STMicroelectronics MBEDTLS 2.16.2
2023-05-21 00:18:40,427 [INFO] ThirdParty:1030 - CMSIS Pack Vendor :STMicroelectronics MBEDTLS 2.14.1
2023-05-21 00:18:40,427 [INFO] ThirdParty:1030 - CMSIS Pack Vendor :STMicroelectronics X-CUBE-NFC7 1.0.0
2023-05-21 00:18:40,427 [INFO] ThirdParty:1030 - CMSIS Pack Vendor :STMicroelectronics X-CUBE-AZRTOS-WL 1.0.0
2023-05-21 00:18:40,427 [INFO] ThirdParty:1030 - CMSIS Pack Vendor :STMicroelectronics X-CUBE-EEPRMA1 4.1.0
2023-05-21 00:18:40,427 [INFO] ThirdParty:1030 - CMSIS Pack Vendor :portGmbH I-Cube-SoM-uGOAL 1.1.0
2023-05-21 00:18:40,427 [INFO] ThirdParty:1030 - CMSIS Pack Vendor :STMicroelectronics X-CUBE-ALS 1.0.1
2023-05-21 00:18:40,427 [INFO] ThirdParty:1030 - CMSIS Pack Vendor :STMicroelectronics X-CUBE-MEMS1 9.5.0
2023-05-21 00:18:40,427 [INFO] ThirdParty:1030 - CMSIS Pack Vendor :STMicroelectronics ThreadX 1.0.0
2023-05-21 00:18:40,427 [INFO] ThirdParty:1030 - CMSIS Pack Vendor :STMicroelectronics X-CUBE-AZRTOS-WB 1.1.0
2023-05-21 00:18:40,427 [INFO] ThirdParty:1030 - CMSIS Pack Vendor :SEGGER I-CUBE-embOS 1.3.1
2023-05-21 00:18:40,428 [INFO] ThirdParty:1030 - CMSIS Pack Vendor :STMicroelectronics USB_DEVICE 1.0.0
2023-05-21 00:18:40,428 [INFO] ThirdParty:1030 - CMSIS Pack Vendor :STMicroelectronics ThreadX 0.0.2
2023-05-21 00:18:40,428 [INFO] ThirdParty:1030 - CMSIS Pack Vendor :WES I-CUBE-Cesium 1.3.0
2023-05-21 00:18:40,428 [INFO] ThirdParty:1030 - CMSIS Pack Vendor :STMicroelectronics FP-ATR-ASTRA1 2.0.0
2023-05-21 00:18:40,428 [INFO] ThirdParty:1030 - CMSIS Pack Vendor :STMicroelectronics lwIP 2.1.2
2023-05-21 00:18:40,428 [INFO] ThirdParty:1030 - CMSIS Pack Vendor :STMicroelectronics X-CUBE-SFXS2LP1 4.0.0
2023-05-21 00:18:40,428 [INFO] ThirdParty:1030 - CMSIS Pack Vendor :STMicroelectronics X-CUBE-BLE2 3.3.0
2023-05-21 00:18:40,428 [INFO] ThirdParty:1030 - CMSIS Pack Vendor :STMicroelectronics PDM2PCM 3.2.0
2023-05-21 00:18:40,428 [INFO] ThirdParty:841 - exiting critical section [change project]
2023-05-21 00:18:40,664 [INFO] PinOutPanel:1499 - setPackage(No Configuration,No Configuration)
2023-05-21 00:18:40,664 [INFO] PinOutPanel:1499 - setPackage(STM32F407VGTx,LQFP100)
2023-05-21 00:18:40,938 [INFO] UtilMem:75 - Before build in PCC Used Memory: 774143136 Bytes (917504000)
2023-05-21 00:18:41,223 [INFO] UtilMem:75 - After build in PCC Used Memory: 633308320 Bytes (917504000)
2023-05-21 00:18:41,229 [INFO] ApiDbMcu:507 - Load IP Config File for FREERTOS
2023-05-21 00:18:41,261 [INFO] IPUIPlugin:80 - create IPUIPlugin
2023-05-21 00:18:41,261 [INFO] IPUIPlugin:80 - create IPUIPlugin
2023-05-21 00:18:41,261 [INFO] IPUIPlugin:80 - create IPUIPlugin
2023-05-21 00:18:41,261 [INFO] IPUIPlugin:80 - create IPUIPlugin
2023-05-21 00:18:41,261 [INFO] IPUIPlugin:80 - create IPUIPlugin
2023-05-21 00:18:41,261 [INFO] IPUIPlugin:80 - create IPUIPlugin
2023-05-21 00:18:41,262 [INFO] IPUIPlugin:80 - create IPUIPlugin
2023-05-21 00:18:41,262 [INFO] IPUIPlugin:80 - create IPUIPlugin
2023-05-21 00:18:41,262 [INFO] IPUIPlugin:80 - create IPUIPlugin
2023-05-21 00:18:41,262 [INFO] IPUIPlugin:80 - create IPUIPlugin
2023-05-21 00:18:41,262 [INFO] IPUIPlugin:80 - create IPUIPlugin
2023-05-21 00:18:41,262 [INFO] IPUIPlugin:80 - create IPUIPlugin
2023-05-21 00:18:41,262 [INFO] IPUIPlugin:80 - create IPUIPlugin
2023-05-21 00:18:41,262 [INFO] IPUIPlugin:80 - create IPUIPlugin
2023-05-21 00:18:41,263 [INFO] IPUIPlugin:80 - create IPUIPlugin
2023-05-21 00:18:41,263 [INFO] IPUIPlugin:80 - create IPUIPlugin
2023-05-21 00:18:41,263 [INFO] IPUIPlugin:80 - create IPUIPlugin
2023-05-21 00:18:41,263 [INFO] IPUIPlugin:80 - create IPUIPlugin
2023-05-21 00:18:41,263 [INFO] IPUIPlugin:80 - create IPUIPlugin
2023-05-21 00:18:41,263 [INFO] IPUIPlugin:80 - create IPUIPlugin
2023-05-21 00:18:41,263 [INFO] IPUIPlugin:80 - create IPUIPlugin
2023-05-21 00:18:41,264 [INFO] IPUIPlugin:80 - create IPUIPlugin
2023-05-21 00:18:41,264 [INFO] IPUIPlugin:80 - create IPUIPlugin
2023-05-21 00:18:41,264 [INFO] IPUIPlugin:80 - create IPUIPlugin
2023-05-21 00:18:41,264 [INFO] IPUIPlugin:80 - create IPUIPlugin
2023-05-21 00:18:41,264 [INFO] IPUIPlugin:80 - create IPUIPlugin
2023-05-21 00:18:41,264 [INFO] IPUIPlugin:80 - create IPUIPlugin
2023-05-21 00:18:41,265 [INFO] IPUIPlugin:80 - create IPUIPlugin
2023-05-21 00:18:41,265 [INFO] IPUIPlugin:80 - create IPUIPlugin
2023-05-21 00:18:41,265 [INFO] IPUIPlugin:80 - create IPUIPlugin
2023-05-21 00:18:41,265 [INFO] IPUIPlugin:80 - create IPUIPlugin
2023-05-21 00:18:41,265 [INFO] IPUIPlugin:80 - create IPUIPlugin
2023-05-21 00:18:41,265 [INFO] IPUIPlugin:80 - create IPUIPlugin
2023-05-21 00:18:41,266 [INFO] IPUIPlugin:80 - create IPUIPlugin
2023-05-21 00:18:41,266 [INFO] IPUIPlugin:80 - create IPUIPlugin
2023-05-21 00:18:41,267 [INFO] IPUIPlugin:80 - create IPUIPlugin
2023-05-21 00:18:41,267 [INFO] IPUIPlugin:80 - create IPUIPlugin
2023-05-21 00:18:41,267 [INFO] IPUIPlugin:80 - create IPUIPlugin
2023-05-21 00:18:41,267 [INFO] IPUIPlugin:80 - create IPUIPlugin
2023-05-21 00:18:41,268 [INFO] IPUIPlugin:80 - create IPUIPlugin
2023-05-21 00:18:41,268 [INFO] IPUIPlugin:80 - create IPUIPlugin
2023-05-21 00:18:41,268 [INFO] IPUIPlugin:80 - create IPUIPlugin
2023-05-21 00:18:41,269 [INFO] IPUIPlugin:80 - create IPUIPlugin
2023-05-21 00:18:41,269 [INFO] IPUIPlugin:80 - create IPUIPlugin
2023-05-21 00:18:41,269 [INFO] IPUIPlugin:80 - create IPUIPlugin
2023-05-21 00:18:41,269 [INFO] IPUIPlugin:80 - create IPUIPlugin
2023-05-21 00:18:41,270 [INFO] IPUIPlugin:80 - create IPUIPlugin
2023-05-21 00:18:41,270 [INFO] IPUIPlugin:80 - create IPUIPlugin
2023-05-21 00:18:41,270 [INFO] IPUIPlugin:80 - create IPUIPlugin
2023-05-21 00:18:41,271 [INFO] IPUIPlugin:80 - create IPUIPlugin
2023-05-21 00:18:41,271 [INFO] IPUIPlugin:80 - create IPUIPlugin
2023-05-21 00:18:41,272 [INFO] IPUIPlugin:80 - create IPUIPlugin
2023-05-21 00:18:41,272 [INFO] IPUIPlugin:80 - create IPUIPlugin
2023-05-21 00:18:41,272 [INFO] IPUIPlugin:80 - create IPUIPlugin
2023-05-21 00:18:41,273 [INFO] IPUIPlugin:80 - create IPUIPlugin
2023-05-21 00:18:41,273 [INFO] IPUIPlugin:80 - create IPUIPlugin
2023-05-21 00:18:41,274 [INFO] IPUIPlugin:80 - create IPUIPlugin
2023-05-21 00:18:41,274 [INFO] IPUIPlugin:80 - create IPUIPlugin
2023-05-21 00:18:41,277 [INFO] ApiDbMcu:507 - Load IP Config File for PDM2PCM
2023-05-21 00:18:41,284 [WARN] FreeRTOS:1023 - Null or empty value: should not occur! (nothing added to the table)
2023-05-21 00:18:41,352 [INFO] CADModel:165 - CPN selected for project levelSTM32F407VGT6
2023-05-21 00:18:41,352 [INFO] CADModel:114 - Register for checkConnection events
2023-05-21 00:18:41,354 [INFO] RtosManager:697 - Active RTOS found at IOC load: FREERTOS [Cortex-M4NS]
2023-05-21 00:18:41,417 [INFO] OpenFileManager:328 - Restore cursor
2023-05-21 00:18:50,724 [INFO] UtilMem:75 - End SaveConfig() Used Memory: 776472224 Bytes (917504000)
2023-05-21 00:18:52,356 [INFO] UtilMem:75 - End SaveConfig() Used Memory: 702025376 Bytes (917504000)
2023-05-21 00:18:53,869 [INFO] BlockDiagram:2759 - set Specific Code input for plugin: FREERTOS
2023-05-21 00:18:53,869 [INFO] BlockDiagram:2759 - set Specific Code input for plugin: SYS
2023-05-21 00:18:53,869 [INFO] BlockDiagram:2759 - set Specific Code input for plugin: RCC
2023-05-21 00:18:53,869 [INFO] BlockDiagram:2759 - set Specific Code input for plugin: NVIC
2023-05-21 00:18:53,869 [INFO] BlockDiagram:2759 - set Specific Code input for plugin: USART
2023-05-21 00:18:53,870 [INFO] BlockDiagram:2759 - set Specific Code input for plugin: GPIO
2023-05-21 00:18:53,871 [INFO] CodeGenerator:793 - code generatio: config db path: C:\ST\STM32CubeIDE_1.12.0\STM32CubeIDE\plugins\com.st.stm32cube.common.mx_6.8.1.202304191431\\db\
2023-05-21 00:18:54,087 [INFO] CodeEngine:255 - oldGeneratedFile, C:\Users\mehmet.sahin\Desktop\Video_Lectures\Embedded_Systems\FreeRTOS\ST_CMSIS_V2\ST_Workspace\001_FREERTOS_CMSIS_V2_LAB_PREPARATION\MXTmpFiles\license.tmp_save
2023-05-21 00:18:54,221 [INFO] CodeEngine:279 - Generated code: C:\Users\mehmet.sahin\Desktop\Video_Lectures\Embedded_Systems\FreeRTOS\ST_CMSIS_V2\ST_Workspace\001_FREERTOS_CMSIS_V2_LAB_PREPARATION\MXTmpFiles\license.tmp
2023-05-21 00:18:54,263 [INFO] CodeEngine:255 - oldGeneratedFile, C:\Users\mehmet.sahin\Desktop\Video_Lectures\Embedded_Systems\FreeRTOS\ST_CMSIS_V2\ST_Workspace\001_FREERTOS_CMSIS_V2_LAB_PREPARATION\MXTmpFiles\gpio.tmp_save
2023-05-21 00:18:54,616 [INFO] CodeEngine:279 - Generated code: C:\Users\mehmet.sahin\Desktop\Video_Lectures\Embedded_Systems\FreeRTOS\ST_CMSIS_V2\ST_Workspace\001_FREERTOS_CMSIS_V2_LAB_PREPARATION\MXTmpFiles\gpio.tmp
2023-05-21 00:18:54,727 [INFO] Middleware:1439 - No code input for Bsp Dependency
2023-05-21 00:18:54,736 [INFO] CodeEngine:255 - oldGeneratedFile, C:\Users\mehmet.sahin\Desktop\Video_Lectures\Embedded_Systems\FreeRTOS\ST_CMSIS_V2\ST_Workspace\001_FREERTOS_CMSIS_V2_LAB_PREPARATION\MXTmpFiles\rtos_inc.tmp_save
2023-05-21 00:18:55,108 [INFO] CodeEngine:279 - Generated code: C:\Users\mehmet.sahin\Desktop\Video_Lectures\Embedded_Systems\FreeRTOS\ST_CMSIS_V2\ST_Workspace\001_FREERTOS_CMSIS_V2_LAB_PREPARATION\MXTmpFiles\rtos_inc.tmp
2023-05-21 00:18:55,114 [INFO] CodeEngine:255 - oldGeneratedFile, C:\Users\mehmet.sahin\Desktop\Video_Lectures\Embedded_Systems\FreeRTOS\ST_CMSIS_V2\ST_Workspace\001_FREERTOS_CMSIS_V2_LAB_PREPARATION\MXTmpFiles\rtos_kernelInit.tmp_save
2023-05-21 00:18:55,276 [INFO] CodeEngine:279 - Generated code: C:\Users\mehmet.sahin\Desktop\Video_Lectures\Embedded_Systems\FreeRTOS\ST_CMSIS_V2\ST_Workspace\001_FREERTOS_CMSIS_V2_LAB_PREPARATION\MXTmpFiles\rtos_kernelInit.tmp
2023-05-21 00:18:55,292 [INFO] CodeEngine:255 - oldGeneratedFile, C:\Users\mehmet.sahin\Desktop\Video_Lectures\Embedded_Systems\FreeRTOS\ST_CMSIS_V2\ST_Workspace\001_FREERTOS_CMSIS_V2_LAB_PREPARATION\MXTmpFiles\rtos_kernelStart.tmp_save
2023-05-21 00:18:55,464 [INFO] CodeEngine:279 - Generated code: C:\Users\mehmet.sahin\Desktop\Video_Lectures\Embedded_Systems\FreeRTOS\ST_CMSIS_V2\ST_Workspace\001_FREERTOS_CMSIS_V2_LAB_PREPARATION\MXTmpFiles\rtos_kernelStart.tmp
2023-05-21 00:18:55,471 [INFO] CodeEngine:255 - oldGeneratedFile, C:\Users\mehmet.sahin\Desktop\Video_Lectures\Embedded_Systems\FreeRTOS\ST_CMSIS_V2\ST_Workspace\001_FREERTOS_CMSIS_V2_LAB_PREPARATION\MXTmpFiles\rtos_typedefs.tmp_save
2023-05-21 00:18:55,588 [INFO] CodeEngine:279 - Generated code: C:\Users\mehmet.sahin\Desktop\Video_Lectures\Embedded_Systems\FreeRTOS\ST_CMSIS_V2\ST_Workspace\001_FREERTOS_CMSIS_V2_LAB_PREPARATION\MXTmpFiles\rtos_typedefs.tmp
2023-05-21 00:18:55,594 [INFO] CodeEngine:255 - oldGeneratedFile, C:\Users\mehmet.sahin\Desktop\Video_Lectures\Embedded_Systems\FreeRTOS\ST_CMSIS_V2\ST_Workspace\001_FREERTOS_CMSIS_V2_LAB_PREPARATION\MXTmpFiles\rtos_vars.tmp_save
2023-05-21 00:18:55,718 [INFO] CodeEngine:279 - Generated code: C:\Users\mehmet.sahin\Desktop\Video_Lectures\Embedded_Systems\FreeRTOS\ST_CMSIS_V2\ST_Workspace\001_FREERTOS_CMSIS_V2_LAB_PREPARATION\MXTmpFiles\rtos_vars.tmp
2023-05-21 00:18:55,726 [INFO] CodeEngine:255 - oldGeneratedFile, C:\Users\mehmet.sahin\Desktop\Video_Lectures\Embedded_Systems\FreeRTOS\ST_CMSIS_V2\ST_Workspace\001_FREERTOS_CMSIS_V2_LAB_PREPARATION\MXTmpFiles\rtos_pfp.tmp_save
2023-05-21 00:18:55,815 [INFO] CodeEngine:279 - Generated code: C:\Users\mehmet.sahin\Desktop\Video_Lectures\Embedded_Systems\FreeRTOS\ST_CMSIS_V2\ST_Workspace\001_FREERTOS_CMSIS_V2_LAB_PREPARATION\MXTmpFiles\rtos_pfp.tmp
2023-05-21 00:18:55,821 [INFO] CodeEngine:255 - oldGeneratedFile, C:\Users\mehmet.sahin\Desktop\Video_Lectures\Embedded_Systems\FreeRTOS\ST_CMSIS_V2\ST_Workspace\001_FREERTOS_CMSIS_V2_LAB_PREPARATION\MXTmpFiles\rtos_obj_creat.tmp_save
2023-05-21 00:18:56,013 [INFO] CodeEngine:279 - Generated code: C:\Users\mehmet.sahin\Desktop\Video_Lectures\Embedded_Systems\FreeRTOS\ST_CMSIS_V2\ST_Workspace\001_FREERTOS_CMSIS_V2_LAB_PREPARATION\MXTmpFiles\rtos_obj_creat.tmp
2023-05-21 00:18:56,018 [INFO] CodeEngine:255 - oldGeneratedFile, C:\Users\mehmet.sahin\Desktop\Video_Lectures\Embedded_Systems\FreeRTOS\ST_CMSIS_V2\ST_Workspace\001_FREERTOS_CMSIS_V2_LAB_PREPARATION\MXTmpFiles\rtos_default_thread.tmp_save
2023-05-21 00:18:56,100 [INFO] CodeEngine:279 - Generated code: C:\Users\mehmet.sahin\Desktop\Video_Lectures\Embedded_Systems\FreeRTOS\ST_CMSIS_V2\ST_Workspace\001_FREERTOS_CMSIS_V2_LAB_PREPARATION\MXTmpFiles\rtos_default_thread.tmp
2023-05-21 00:18:56,105 [INFO] CodeEngine:255 - oldGeneratedFile, C:\Users\mehmet.sahin\Desktop\Video_Lectures\Embedded_Systems\FreeRTOS\ST_CMSIS_V2\ST_Workspace\001_FREERTOS_CMSIS_V2_LAB_PREPARATION\MXTmpFiles\rtos_threads.tmp_save
2023-05-21 00:18:56,176 [INFO] CodeEngine:279 - Generated code: C:\Users\mehmet.sahin\Desktop\Video_Lectures\Embedded_Systems\FreeRTOS\ST_CMSIS_V2\ST_Workspace\001_FREERTOS_CMSIS_V2_LAB_PREPARATION\MXTmpFiles\rtos_threads.tmp
2023-05-21 00:18:56,187 [INFO] Middleware:1439 - No code input for Bsp Dependency
2023-05-21 00:18:56,198 [INFO] CodeEngine:255 - oldGeneratedFile, C:\Users\mehmet.sahin\Desktop\Video_Lectures\Embedded_Systems\FreeRTOS\ST_CMSIS_V2\ST_Workspace\001_FREERTOS_CMSIS_V2_LAB_PREPARATION\MXTmpFiles\rtos_inc.tmp_save
2023-05-21 00:18:56,303 [INFO] CodeEngine:279 - Generated code: C:\Users\mehmet.sahin\Desktop\Video_Lectures\Embedded_Systems\FreeRTOS\ST_CMSIS_V2\ST_Workspace\001_FREERTOS_CMSIS_V2_LAB_PREPARATION\MXTmpFiles\rtos_inc.tmp
2023-05-21 00:18:56,310 [INFO] CodeEngine:255 - oldGeneratedFile, C:\Users\mehmet.sahin\Desktop\Video_Lectures\Embedded_Systems\FreeRTOS\ST_CMSIS_V2\ST_Workspace\001_FREERTOS_CMSIS_V2_LAB_PREPARATION\MXTmpFiles\rtos_kernelInit.tmp_save
2023-05-21 00:18:56,405 [INFO] CodeEngine:279 - Generated code: C:\Users\mehmet.sahin\Desktop\Video_Lectures\Embedded_Systems\FreeRTOS\ST_CMSIS_V2\ST_Workspace\001_FREERTOS_CMSIS_V2_LAB_PREPARATION\MXTmpFiles\rtos_kernelInit.tmp
2023-05-21 00:18:56,413 [INFO] CodeEngine:255 - oldGeneratedFile, C:\Users\mehmet.sahin\Desktop\Video_Lectures\Embedded_Systems\FreeRTOS\ST_CMSIS_V2\ST_Workspace\001_FREERTOS_CMSIS_V2_LAB_PREPARATION\MXTmpFiles\rtos_kernelStart.tmp_save
2023-05-21 00:18:56,522 [INFO] CodeEngine:279 - Generated code: C:\Users\mehmet.sahin\Desktop\Video_Lectures\Embedded_Systems\FreeRTOS\ST_CMSIS_V2\ST_Workspace\001_FREERTOS_CMSIS_V2_LAB_PREPARATION\MXTmpFiles\rtos_kernelStart.tmp
2023-05-21 00:18:56,531 [INFO] CodeEngine:255 - oldGeneratedFile, C:\Users\mehmet.sahin\Desktop\Video_Lectures\Embedded_Systems\FreeRTOS\ST_CMSIS_V2\ST_Workspace\001_FREERTOS_CMSIS_V2_LAB_PREPARATION\MXTmpFiles\rtos_typedefs.tmp_save
2023-05-21 00:18:56,617 [INFO] CodeEngine:279 - Generated code: C:\Users\mehmet.sahin\Desktop\Video_Lectures\Embedded_Systems\FreeRTOS\ST_CMSIS_V2\ST_Workspace\001_FREERTOS_CMSIS_V2_LAB_PREPARATION\MXTmpFiles\rtos_typedefs.tmp
2023-05-21 00:18:56,640 [INFO] CodeEngine:255 - oldGeneratedFile, C:\Users\mehmet.sahin\Desktop\Video_Lectures\Embedded_Systems\FreeRTOS\ST_CMSIS_V2\ST_Workspace\001_FREERTOS_CMSIS_V2_LAB_PREPARATION\MXTmpFiles\rtos_vars.tmp_save
2023-05-21 00:18:56,724 [INFO] CodeEngine:279 - Generated code: C:\Users\mehmet.sahin\Desktop\Video_Lectures\Embedded_Systems\FreeRTOS\ST_CMSIS_V2\ST_Workspace\001_FREERTOS_CMSIS_V2_LAB_PREPARATION\MXTmpFiles\rtos_vars.tmp
2023-05-21 00:18:56,732 [INFO] CodeEngine:255 - oldGeneratedFile, C:\Users\mehmet.sahin\Desktop\Video_Lectures\Embedded_Systems\FreeRTOS\ST_CMSIS_V2\ST_Workspace\001_FREERTOS_CMSIS_V2_LAB_PREPARATION\MXTmpFiles\rtos_pfp.tmp_save
2023-05-21 00:18:56,807 [INFO] CodeEngine:279 - Generated code: C:\Users\mehmet.sahin\Desktop\Video_Lectures\Embedded_Systems\FreeRTOS\ST_CMSIS_V2\ST_Workspace\001_FREERTOS_CMSIS_V2_LAB_PREPARATION\MXTmpFiles\rtos_pfp.tmp
2023-05-21 00:18:56,826 [INFO] CodeEngine:255 - oldGeneratedFile, C:\Users\mehmet.sahin\Desktop\Video_Lectures\Embedded_Systems\FreeRTOS\ST_CMSIS_V2\ST_Workspace\001_FREERTOS_CMSIS_V2_LAB_PREPARATION\MXTmpFiles\rtos_obj_creat.tmp_save
2023-05-21 00:18:56,983 [INFO] CodeEngine:279 - Generated code: C:\Users\mehmet.sahin\Desktop\Video_Lectures\Embedded_Systems\FreeRTOS\ST_CMSIS_V2\ST_Workspace\001_FREERTOS_CMSIS_V2_LAB_PREPARATION\MXTmpFiles\rtos_obj_creat.tmp
2023-05-21 00:18:56,992 [INFO] CodeEngine:255 - oldGeneratedFile, C:\Users\mehmet.sahin\Desktop\Video_Lectures\Embedded_Systems\FreeRTOS\ST_CMSIS_V2\ST_Workspace\001_FREERTOS_CMSIS_V2_LAB_PREPARATION\MXTmpFiles\rtos_default_thread.tmp_save
2023-05-21 00:18:57,082 [INFO] CodeEngine:279 - Generated code: C:\Users\mehmet.sahin\Desktop\Video_Lectures\Embedded_Systems\FreeRTOS\ST_CMSIS_V2\ST_Workspace\001_FREERTOS_CMSIS_V2_LAB_PREPARATION\MXTmpFiles\rtos_default_thread.tmp
2023-05-21 00:18:57,091 [INFO] CodeEngine:255 - oldGeneratedFile, C:\Users\mehmet.sahin\Desktop\Video_Lectures\Embedded_Systems\FreeRTOS\ST_CMSIS_V2\ST_Workspace\001_FREERTOS_CMSIS_V2_LAB_PREPARATION\MXTmpFiles\rtos_threads.tmp_save
2023-05-21 00:18:57,158 [INFO] CodeEngine:279 - Generated code: C:\Users\mehmet.sahin\Desktop\Video_Lectures\Embedded_Systems\FreeRTOS\ST_CMSIS_V2\ST_Workspace\001_FREERTOS_CMSIS_V2_LAB_PREPARATION\MXTmpFiles\rtos_threads.tmp
2023-05-21 00:18:57,182 [INFO] CodeEngine:255 - oldGeneratedFile, C:\Users\mehmet.sahin\Desktop\Video_Lectures\Embedded_Systems\FreeRTOS\ST_CMSIS_V2\ST_Workspace\001_FREERTOS_CMSIS_V2_LAB_PREPARATION\Core\Inc\FreeRTOSConfig.h_save
2023-05-21 00:18:57,328 [INFO] CodeEngine:279 - Generated code: C:\Users\mehmet.sahin\Desktop\Video_Lectures\Embedded_Systems\FreeRTOS\ST_CMSIS_V2\ST_Workspace\001_FREERTOS_CMSIS_V2_LAB_PREPARATION\Core\Inc\FreeRTOSConfig.h
2023-05-21 00:18:57,357 [INFO] CodeEngine:255 - oldGeneratedFile, C:\Users\mehmet.sahin\Desktop\Video_Lectures\Embedded_Systems\FreeRTOS\ST_CMSIS_V2\ST_Workspace\001_FREERTOS_CMSIS_V2_LAB_PREPARATION\Core\Src\freertos.c_save
2023-05-21 00:18:57,491 [INFO] CodeEngine:279 - Generated code: C:\Users\mehmet.sahin\Desktop\Video_Lectures\Embedded_Systems\FreeRTOS\ST_CMSIS_V2\ST_Workspace\001_FREERTOS_CMSIS_V2_LAB_PREPARATION\Core\Src\freertos.c
2023-05-21 00:18:57,526 [INFO] CodeEngine:255 - oldGeneratedFile, C:\Users\mehmet.sahin\Desktop\Video_Lectures\Embedded_Systems\FreeRTOS\ST_CMSIS_V2\ST_Workspace\001_FREERTOS_CMSIS_V2_LAB_PREPARATION\Core\Src\stm32f4xx_it.c_save
2023-05-21 00:18:57,741 [INFO] CodeEngine:279 - Generated code: C:\Users\mehmet.sahin\Desktop\Video_Lectures\Embedded_Systems\FreeRTOS\ST_CMSIS_V2\ST_Workspace\001_FREERTOS_CMSIS_V2_LAB_PREPARATION\Core\Src\stm32f4xx_it.c
2023-05-21 00:18:57,752 [INFO] CodeEngine:255 - oldGeneratedFile, C:\Users\mehmet.sahin\Desktop\Video_Lectures\Embedded_Systems\FreeRTOS\ST_CMSIS_V2\ST_Workspace\001_FREERTOS_CMSIS_V2_LAB_PREPARATION\Core\Inc\stm32f4xx_it.h_save
2023-05-21 00:18:57,951 [INFO] CodeEngine:279 - Generated code: C:\Users\mehmet.sahin\Desktop\Video_Lectures\Embedded_Systems\FreeRTOS\ST_CMSIS_V2\ST_Workspace\001_FREERTOS_CMSIS_V2_LAB_PREPARATION\Core\Inc\stm32f4xx_it.h
2023-05-21 00:18:57,984 [INFO] CodeEngine:255 - oldGeneratedFile, C:\Users\mehmet.sahin\Desktop\Video_Lectures\Embedded_Systems\FreeRTOS\ST_CMSIS_V2\ST_Workspace\001_FREERTOS_CMSIS_V2_LAB_PREPARATION\Core\Src\stm32f4xx_hal_msp.c_save
2023-05-21 00:18:58,203 [INFO] CodeEngine:279 - Generated code: C:\Users\mehmet.sahin\Desktop\Video_Lectures\Embedded_Systems\FreeRTOS\ST_CMSIS_V2\ST_Workspace\001_FREERTOS_CMSIS_V2_LAB_PREPARATION\Core\Src\stm32f4xx_hal_msp.c
2023-05-21 00:18:58,211 [INFO] CodeEngine:255 - oldGeneratedFile, C:\Users\mehmet.sahin\Desktop\Video_Lectures\Embedded_Systems\FreeRTOS\ST_CMSIS_V2\ST_Workspace\001_FREERTOS_CMSIS_V2_LAB_PREPARATION\MXTmpFiles\system.tmp_save
2023-05-21 00:18:58,386 [INFO] CodeEngine:279 - Generated code: C:\Users\mehmet.sahin\Desktop\Video_Lectures\Embedded_Systems\FreeRTOS\ST_CMSIS_V2\ST_Workspace\001_FREERTOS_CMSIS_V2_LAB_PREPARATION\MXTmpFiles\system.tmp
2023-05-21 00:18:58,408 [INFO] CodeEngine:255 - oldGeneratedFile, C:\Users\mehmet.sahin\Desktop\Video_Lectures\Embedded_Systems\FreeRTOS\ST_CMSIS_V2\ST_Workspace\001_FREERTOS_CMSIS_V2_LAB_PREPARATION\Core\Src\stm32f4xx_hal_timebase_tim.c_save
2023-05-21 00:18:58,614 [INFO] CodeEngine:279 - Generated code: C:\Users\mehmet.sahin\Desktop\Video_Lectures\Embedded_Systems\FreeRTOS\ST_CMSIS_V2\ST_Workspace\001_FREERTOS_CMSIS_V2_LAB_PREPARATION\Core\Src\stm32f4xx_hal_timebase_tim.c
2023-05-21 00:18:58,676 [INFO] CodeEngine:311 - oldGeneratedFile, C:\Users\mehmet.sahin\Desktop\Video_Lectures\Embedded_Systems\FreeRTOS\ST_CMSIS_V2\ST_Workspace\001_FREERTOS_CMSIS_V2_LAB_PREPARATION\Core\Inc\stm32f4xx_hal_conf.h_save
2023-05-21 00:18:58,918 [INFO] CodeEngine:335 - Generated code: C:\Users\mehmet.sahin\Desktop\Video_Lectures\Embedded_Systems\FreeRTOS\ST_CMSIS_V2\ST_Workspace\001_FREERTOS_CMSIS_V2_LAB_PREPARATION\Core\Inc\stm32f4xx_hal_conf.h
2023-05-21 00:18:58,975 [INFO] CodeEngine:255 - oldGeneratedFile, C:\Users\mehmet.sahin\Desktop\Video_Lectures\Embedded_Systems\FreeRTOS\ST_CMSIS_V2\ST_Workspace\001_FREERTOS_CMSIS_V2_LAB_PREPARATION\Core\Inc\main.h_save
2023-05-21 00:18:59,087 [INFO] CodeEngine:279 - Generated code: C:\Users\mehmet.sahin\Desktop\Video_Lectures\Embedded_Systems\FreeRTOS\ST_CMSIS_V2\ST_Workspace\001_FREERTOS_CMSIS_V2_LAB_PREPARATION\Core\Inc\main.h
2023-05-21 00:18:59,108 [INFO] CodeEngine:255 - oldGeneratedFile, C:\Users\mehmet.sahin\Desktop\Video_Lectures\Embedded_Systems\FreeRTOS\ST_CMSIS_V2\ST_Workspace\001_FREERTOS_CMSIS_V2_LAB_PREPARATION\Core\Src\main.c_save
2023-05-21 00:18:59,287 [INFO] CodeEngine:279 - Generated code: C:\Users\mehmet.sahin\Desktop\Video_Lectures\Embedded_Systems\FreeRTOS\ST_CMSIS_V2\ST_Workspace\001_FREERTOS_CMSIS_V2_LAB_PREPARATION\Core\Src\main.c
2023-05-21 00:19:00,783 [INFO] ProjectBuilder:2996 - Time for Copy HAL[1] : 650mS.
2023-05-21 00:19:00,792 [INFO] ProjectBuilder:4304 - Project Generator version: 3.19.2
2023-05-21 00:19:01,381 [INFO] ConfigFileManager:1483 - The Die is : DIE413
2023-05-21 00:19:01,389 [INFO] ApiDbMcu:507 - Load IP Config File for FATFS
2023-05-21 00:19:01,393 [INFO] ApiDbMcu:507 - Load IP Config File for LIBJPEG
2023-05-21 00:19:01,405 [INFO] ApiDbMcu:507 - Load IP Config File for LWIP
2023-05-21 00:19:01,416 [INFO] ApiDbMcu:507 - Load IP Config File for MBEDTLS
2023-05-21 00:19:01,565 [INFO] ApiDbMcu:507 - Load IP Config File for USB_DEVICE
2023-05-21 00:19:01,575 [INFO] ApiDbMcu:507 - Load IP Config File for USB_HOST
2023-05-21 00:19:04,624 [INFO] ProjectBuilder:4505 - Time for Generating toolchain IDE Files: 3831mS.
2023-05-21 00:19:04,624 [INFO] ProjectBuilder:2867 - Time for Copy CMSIS : 0mS.
2023-05-21 00:19:04,636 [INFO] ProjectBuilder:2867 - Time for Copy CMSIS : 1mS.
