2023-05-21 00:24:12,905 [INFO] LogOutputStream:77 - [STDOUT_REDIRECT] StartTraceHandler.execute(), success : Collect=true
2023-05-21 00:32:29,487 [INFO] LogOutputStream:77 - [STDOUT_REDIRECT] StartTraceHandler.execute(), success : Collect=false
2023-05-21 00:32:36,228 [INFO] LogOutputStream:77 - [STDOUT_REDIRECT] StartTraceHandler.execute(), success : Collect=true
2023-05-21 00:32:52,152 [INFO] LogOutputStream:77 - [STDOUT_REDIRECT] StartTraceHandler.execute(), success : Collect=false
2023-05-21 00:32:58,197 [INFO] LogOutputStream:77 - [STDOUT_REDIRECT] StartTraceHandler.execute(), success : Collect=true
2023-05-21 00:35:50,954 [INFO] Activator:176 - 


2023-05-21 00:35:50,957 [INFO] Activator:177 - !SESSION log4j initialized
2023-05-21 00:36:02,454 [INFO] LogOutputStream:77 - [STDOUT_REDIRECT] 
2023-05-21 00:36:29,661 [ERROR] LogOutputStream:75 - [STDERR_REDIRECT] SLF4J: Failed to load class "org.slf4j.impl.StaticLoggerBinder".
2023-05-21 00:36:29,663 [ERROR] LogOutputStream:75 - [STDERR_REDIRECT] SLF4J: Defaulting to no-operation (NOP) logger implementation
2023-05-21 00:36:29,666 [ERROR] LogOutputStream:75 - [STDERR_REDIRECT] SLF4J: See http://www.slf4j.org/codes.html#StaticLoggerBinder for further details.
2023-05-21 00:49:10,020 [INFO] ApplicationProperties:184 - Using Application install path: C:\ST\STM32CubeIDE_1.12.0\STM32CubeIDE\plugins\com.st.stm32cube.common.mx_6.8.1.202304191431
2023-05-21 00:49:10,060 [INFO] DbMcusXml:78 - Set database path to: C:\ST\STM32CubeIDE_1.12.0\STM32CubeIDE\plugins\com.st.stm32cube.common.mx_6.8.1.202304191431\\db\/mcu/
2023-05-21 00:49:10,061 [INFO] ApiDb:274 - Set plugin database path to: C:\ST\STM32CubeIDE_1.12.0\STM32CubeIDE\plugins\com.st.stm32cube.common.mx_6.8.1.202304191431\\db\/plugins/boardmanager/
2023-05-21 00:49:10,063 [WARN] ApiDb:259 - Overriding images path with different value:  => C:\ST\STM32CubeIDE_1.12.0\STM32CubeIDE\plugins\com.st.stm32cube.common.mx_6.8.1.202304191431\\db\/plugins/mcufinder/images/
2023-05-21 00:49:10,083 [INFO] ApiDb:250 - Set database path to: C:\Users\mehmet.sahin\.stmcufinder\plugins\mcufinder//mcu/
2023-05-21 00:49:10,085 [INFO] DbMcusAds:125 - Set database path to: C:\Users\mehmet.sahin\.stmcufinder\plugins\mcufinder//mcu/
2023-05-21 00:49:10,094 [INFO] CrossReferenceDbSqlite:203 - Set database path to: C:\Users\mehmet.sahin\.stmcufinder\plugins\mcufinder//mcu/cs/
2023-05-21 00:49:10,265 [INFO] RulesReader:64 - Compatibility file has been processed (293 Rules)
2023-05-21 00:49:10,399 [INFO] DbMcusXml:78 - Set database path to: C:\ST\STM32CubeIDE_1.12.0\STM32CubeIDE\plugins\com.st.stm32cube.common.mx_6.8.1.202304191431\\db\/mcu/
2023-05-21 00:49:10,399 [INFO] ApiDb:274 - Set plugin database path to: C:\ST\STM32CubeIDE_1.12.0\STM32CubeIDE\plugins\com.st.stm32cube.common.mx_6.8.1.202304191431\\db\/plugins/boardmanager/
2023-05-21 00:49:10,399 [INFO] ApiDb:261 - Set plugin images path to: C:\ST\STM32CubeIDE_1.12.0\STM32CubeIDE\plugins\com.st.stm32cube.common.mx_6.8.1.202304191431\\db\/plugins/mcufinder/images/
2023-05-21 00:49:10,400 [WARN] DbFile:41 - Overriding database path with different value: C:\Users\mehmet.sahin\.stmcufinder\plugins\mcufinder/ => C:\Users\mehmet.sahin\.stmcufinder\plugins\mcufinder
2023-05-21 00:49:10,400 [INFO] ApiDb:250 - Set database path to: C:\Users\mehmet.sahin\.stmcufinder\plugins\mcufinder//mcu/
2023-05-21 00:49:10,400 [WARN] DbFile:41 - Overriding database path with different value: C:\Users\mehmet.sahin\.stmcufinder\plugins\mcufinder/ => C:\Users\mehmet.sahin\.stmcufinder\plugins\mcufinder
2023-05-21 00:49:10,400 [INFO] DbMcusAds:125 - Set database path to: C:\Users\mehmet.sahin\.stmcufinder\plugins\mcufinder//mcu/
2023-05-21 00:49:10,401 [WARN] DbFile:41 - Overriding database path with different value: C:\Users\mehmet.sahin\.stmcufinder\plugins\mcufinder/ => C:\Users\mehmet.sahin\.stmcufinder\plugins\mcufinder
2023-05-21 00:49:10,401 [WARN] DbFile:41 - Overriding database path with different value: C:\Users\mehmet.sahin\.stmcufinder\plugins\mcufinder/ => C:\Users\mehmet.sahin\.stmcufinder\plugins\mcufinder
2023-05-21 00:49:10,401 [INFO] CrossReferenceDbSqlite:203 - Set database path to: C:\Users\mehmet.sahin\.stmcufinder\plugins\mcufinder//mcu/cs/
2023-05-21 00:49:10,519 [INFO] MainPanel:253 - HeapMemory: 452984832
2023-05-21 00:49:10,725 [INFO] DbMcusXml:78 - Set database path to: C:\ST\STM32CubeIDE_1.12.0\STM32CubeIDE\plugins\com.st.stm32cube.common.mx_6.8.1.202304191431\\db\/mcu/
2023-05-21 00:49:10,725 [INFO] ApiDb:274 - Set plugin database path to: C:\ST\STM32CubeIDE_1.12.0\STM32CubeIDE\plugins\com.st.stm32cube.common.mx_6.8.1.202304191431\\db\/plugins/boardmanager/
2023-05-21 00:49:10,725 [INFO] ApiDb:261 - Set plugin images path to: C:\ST\STM32CubeIDE_1.12.0\STM32CubeIDE\plugins\com.st.stm32cube.common.mx_6.8.1.202304191431\\db\/plugins/mcufinder/images/
2023-05-21 00:49:10,727 [WARN] DbFile:41 - Overriding database path with different value: C:\Users\mehmet.sahin\.stmcufinder\plugins\mcufinder/ => C:\Users\mehmet.sahin\.stmcufinder\plugins\mcufinder
2023-05-21 00:49:10,727 [INFO] ApiDb:250 - Set database path to: C:\Users\mehmet.sahin\.stmcufinder\plugins\mcufinder//mcu/
2023-05-21 00:49:10,727 [WARN] DbFile:41 - Overriding database path with different value: C:\Users\mehmet.sahin\.stmcufinder\plugins\mcufinder/ => C:\Users\mehmet.sahin\.stmcufinder\plugins\mcufinder
2023-05-21 00:49:10,727 [INFO] DbMcusAds:125 - Set database path to: C:\Users\mehmet.sahin\.stmcufinder\plugins\mcufinder//mcu/
2023-05-21 00:49:10,727 [WARN] DbFile:41 - Overriding database path with different value: C:\Users\mehmet.sahin\.stmcufinder\plugins\mcufinder/ => C:\Users\mehmet.sahin\.stmcufinder\plugins\mcufinder
2023-05-21 00:49:10,727 [WARN] DbFile:41 - Overriding database path with different value: C:\Users\mehmet.sahin\.stmcufinder\plugins\mcufinder/ => C:\Users\mehmet.sahin\.stmcufinder\plugins\mcufinder
2023-05-21 00:49:10,728 [INFO] CrossReferenceDbSqlite:203 - Set database path to: C:\Users\mehmet.sahin\.stmcufinder\plugins\mcufinder//mcu/cs/
2023-05-21 00:49:10,770 [INFO] ApplicationProperties:184 - Using Application install path: C:\ST\STM32CubeIDE_1.12.0\STM32CubeIDE\plugins\com.st.stm32cube.common.mx_6.8.1.202304191431
2023-05-21 00:49:10,773 [INFO] PluginManage:196 - Search for loadable plugins [exclusion list=, ]
2023-05-21 00:49:10,774 [INFO] PluginManage:310 - Check plugin analytics
2023-05-21 00:49:15,620 [INFO] AnalyticsPlugin:253 - Accepted Software Licenses: STM32CubeMX.6.8.0,STM32CubeMX.6.8.1
2023-05-21 00:49:15,621 [INFO] AnalyticsPlugin:255 - Accepted CMSIS Pack Licenses: emotas.I-CUBE-CANOPEN.1.1.3
2023-05-21 00:49:15,621 [INFO] AnalyticsPlugin:257 - Accepted Firmware Licenses: FW.F7.1.17.0,FW.F4.1.27.0
2023-05-21 00:49:15,634 [INFO] PluginManage:359 - Loaded plugin analytics (category:tool,tabindex:-1)
2023-05-21 00:49:15,635 [INFO] PluginManage:310 - Check plugin cadmodel
2023-05-21 00:49:15,643 [INFO] CADModel:105 - Init CAD model plugin
2023-05-21 00:49:15,643 [INFO] PluginManage:359 - Loaded plugin cadmodel (category:power,tabindex:5)
2023-05-21 00:49:15,643 [INFO] PluginManage:310 - Check plugin clock
2023-05-21 00:49:15,662 [INFO] PluginManage:359 - Loaded plugin clock (category:base,tabindex:2)
2023-05-21 00:49:15,662 [INFO] PluginManage:310 - Check plugin ddr
2023-05-21 00:49:15,668 [INFO] PluginManage:359 - Loaded plugin ddr (category:tool,tabindex:6)
2023-05-21 00:49:15,668 [INFO] PluginManage:310 - Check plugin filemanager
2023-05-21 00:49:15,856 [INFO] PluginManage:359 - Loaded plugin filemanager (category:base,tabindex:10)
2023-05-21 00:49:15,856 [INFO] PluginManage:310 - Check plugin ipmanager
2023-05-21 00:49:15,867 [INFO] PluginManage:359 - Loaded plugin ipmanager (category:base,tabindex:5)
2023-05-21 00:49:15,867 [INFO] PluginManage:310 - Check plugin lpbam
2023-05-21 00:49:15,881 [INFO] PluginManage:359 - Loaded plugin lpbam (category:base,tabindex:0)
2023-05-21 00:49:15,881 [INFO] PluginManage:310 - Check plugin pinoutandconfiguration
2023-05-21 00:49:15,890 [INFO] PluginManage:359 - Loaded plugin pinoutandconfiguration (category:base,tabindex:1)
2023-05-21 00:49:15,891 [INFO] PluginManage:310 - Check plugin pinoutconfig
2023-05-21 00:49:16,067 [WARN] SupportedApi:132 - Cannot load RTOS API schema: s4s-elt-must-match.1: The content of 'definitions' must match (annotation?, (simpleType | complexType)?, (unique | key | keyref)*)). A problem was found starting at: attribute.
2023-05-21 00:49:16,299 [INFO] PluginManage:359 - Loaded plugin pinoutconfig (category:base,tabindex:0)
2023-05-21 00:49:16,299 [INFO] PluginManage:310 - Check plugin power
2023-05-21 00:49:16,313 [INFO] PluginManage:359 - Loaded plugin power (category:power,tabindex:4)
2023-05-21 00:49:16,313 [INFO] PluginManage:310 - Check plugin projectmanager
2023-05-21 00:49:16,339 [INFO] PluginManage:359 - Loaded plugin projectmanager (category:projectmanager,tabindex:3)
2023-05-21 00:49:16,340 [INFO] PluginManage:310 - Check plugin thirdparty
2023-05-21 00:49:16,516 [INFO] PluginManage:359 - Loaded plugin thirdparty (category:base,tabindex:-1)
2023-05-21 00:49:16,517 [INFO] PluginManage:310 - Check plugin tools
2023-05-21 00:49:16,518 [WARN] IntegrityCheckThread:84 - waiting for thirdparty lock release [integrity check]
2023-05-21 00:49:16,520 [INFO] IntegrityCheckThread:86 - entering critical section [integrity check]
2023-05-21 00:49:16,524 [INFO] PluginManage:359 - Loaded plugin tools (category:base,tabindex:7)
2023-05-21 00:49:16,524 [INFO] PluginManage:310 - Check plugin tutovideos
2023-05-21 00:49:16,527 [INFO] ThirdPartyUpdaterWithRetryManager:70 - Updater plugin not ready yet. [1/15]
2023-05-21 00:49:16,832 [INFO] PluginManage:359 - Loaded plugin tutovideos (category:base,tabindex:-1)
2023-05-21 00:49:16,832 [INFO] PluginManage:310 - Check plugin updater
2023-05-21 00:49:16,859 [INFO] PluginManage:359 - Loaded plugin updater (category:base,tabindex:12)
2023-05-21 00:49:16,860 [INFO] PluginManage:283 - PluginManage : Loaded plugins [15]
2023-05-21 00:49:17,294 [INFO] PinOutPanel:1499 - setPackage(No Configuration,No Configuration)
2023-05-21 00:49:17,397 [INFO] CADModel:165 - CPN selected for project level
2023-05-21 00:49:17,398 [INFO] CADModel:114 - Register for checkConnection events
2023-05-21 00:49:17,422 [INFO] IPUIPlugin:80 - create IPUIPlugin
2023-05-21 00:49:17,423 [INFO] PluginManager:220 - loadIPPluginJar : add adc
2023-05-21 00:49:17,427 [INFO] IPUIPlugin:80 - create IPUIPlugin
2023-05-21 00:49:17,427 [INFO] PluginManager:220 - loadIPPluginJar : add aes
2023-05-21 00:49:17,430 [INFO] IPUIPlugin:80 - create IPUIPlugin
2023-05-21 00:49:17,431 [INFO] PluginManager:220 - loadIPPluginJar : add can
2023-05-21 00:49:17,433 [INFO] IPUIPlugin:80 - create IPUIPlugin
2023-05-21 00:49:17,433 [INFO] PluginManager:220 - loadIPPluginJar : add comp
2023-05-21 00:49:17,438 [INFO] IPUIPlugin:80 - create IPUIPlugin
2023-05-21 00:49:17,438 [INFO] PluginManager:220 - loadIPPluginJar : add cryp
2023-05-21 00:49:17,442 [INFO] IPUIPlugin:80 - create IPUIPlugin
2023-05-21 00:49:17,442 [INFO] PluginManager:220 - loadIPPluginJar : add dfsdm
2023-05-21 00:49:17,451 [INFO] IPUIPlugin:80 - create IPUIPlugin
2023-05-21 00:49:17,451 [INFO] PluginManager:220 - loadIPPluginJar : add dma
2023-05-21 00:49:17,456 [INFO] IPUIPlugin:80 - create IPUIPlugin
2023-05-21 00:49:17,456 [INFO] PluginManager:220 - loadIPPluginJar : add dma3
2023-05-21 00:49:17,458 [INFO] IPUIPlugin:80 - create IPUIPlugin
2023-05-21 00:49:17,459 [INFO] PluginManager:220 - loadIPPluginJar : add fatfs
2023-05-21 00:49:17,464 [INFO] IPUIPlugin:80 - create IPUIPlugin
2023-05-21 00:49:17,465 [INFO] PluginManager:220 - loadIPPluginJar : add fmc
2023-05-21 00:49:17,472 [INFO] IPUIPlugin:80 - create IPUIPlugin
2023-05-21 00:49:17,472 [INFO] PluginManager:220 - loadIPPluginJar : add freertos
2023-05-21 00:49:17,474 [INFO] IPUIPlugin:80 - create IPUIPlugin
2023-05-21 00:49:17,475 [INFO] PluginManager:220 - loadIPPluginJar : add genericplugin
2023-05-21 00:49:17,478 [INFO] IPUIPlugin:80 - create IPUIPlugin
2023-05-21 00:49:17,478 [INFO] PluginManager:220 - loadIPPluginJar : add gfxmmu
2023-05-21 00:49:17,485 [INFO] IPUIPlugin:80 - create IPUIPlugin
2023-05-21 00:49:17,485 [INFO] PluginManager:220 - loadIPPluginJar : add gic
2023-05-21 00:49:17,492 [INFO] IPUIPlugin:80 - create IPUIPlugin
2023-05-21 00:49:17,493 [INFO] PluginManager:220 - loadIPPluginJar : add gpio
2023-05-21 00:49:17,498 [INFO] IPUIPlugin:80 - create IPUIPlugin
2023-05-21 00:49:17,498 [INFO] PluginManager:220 - loadIPPluginJar : add gtzc
2023-05-21 00:49:17,502 [INFO] IPUIPlugin:80 - create IPUIPlugin
2023-05-21 00:49:17,503 [INFO] PluginManager:220 - loadIPPluginJar : add hash
2023-05-21 00:49:17,507 [INFO] IPUIPlugin:80 - create IPUIPlugin
2023-05-21 00:49:17,508 [INFO] PluginManager:220 - loadIPPluginJar : add i2c
2023-05-21 00:49:17,512 [INFO] IPUIPlugin:80 - create IPUIPlugin
2023-05-21 00:49:17,512 [INFO] PluginManager:220 - loadIPPluginJar : add i2s
2023-05-21 00:49:17,517 [INFO] IPUIPlugin:80 - create IPUIPlugin
2023-05-21 00:49:17,517 [INFO] PluginManager:220 - loadIPPluginJar : add i3c
2023-05-21 00:49:17,525 [INFO] IPUIPlugin:80 - create IPUIPlugin
2023-05-21 00:49:17,525 [INFO] PluginManager:220 - loadIPPluginJar : add ipddr
2023-05-21 00:49:17,539 [INFO] IPUIPlugin:80 - create IPUIPlugin
2023-05-21 00:49:17,539 [INFO] PluginManager:220 - loadIPPluginJar : add linkedlist
2023-05-21 00:49:17,543 [INFO] IPUIPlugin:80 - create IPUIPlugin
2023-05-21 00:49:17,543 [INFO] PluginManager:220 - loadIPPluginJar : add lorawan
2023-05-21 00:49:17,545 [INFO] IPUIPlugin:80 - create IPUIPlugin
2023-05-21 00:49:17,545 [INFO] PluginManager:220 - loadIPPluginJar : add ltdc
2023-05-21 00:49:17,555 [INFO] IPUIPlugin:80 - create IPUIPlugin
2023-05-21 00:49:17,555 [INFO] PluginManager:220 - loadIPPluginJar : add mdma
2023-05-21 00:49:17,561 [INFO] IPUIPlugin:80 - create IPUIPlugin
2023-05-21 00:49:17,561 [INFO] PluginManager:220 - loadIPPluginJar : add nvic
2023-05-21 00:49:17,566 [INFO] IPUIPlugin:80 - create IPUIPlugin
2023-05-21 00:49:17,566 [INFO] PluginManager:220 - loadIPPluginJar : add opamp
2023-05-21 00:49:17,571 [INFO] IPUIPlugin:80 - create IPUIPlugin
2023-05-21 00:49:17,572 [INFO] PluginManager:220 - loadIPPluginJar : add openamp
2023-05-21 00:49:17,576 [INFO] IPUIPlugin:80 - create IPUIPlugin
2023-05-21 00:49:17,576 [INFO] PluginManager:220 - loadIPPluginJar : add pdm2pcm
2023-05-21 00:49:17,587 [INFO] IPUIPlugin:80 - create IPUIPlugin
2023-05-21 00:49:17,593 [INFO] PluginManager:220 - loadIPPluginJar : add plateformsettings
2023-05-21 00:49:17,596 [INFO] IPUIPlugin:80 - create IPUIPlugin
2023-05-21 00:49:17,596 [INFO] PluginManager:220 - loadIPPluginJar : add quadspi
2023-05-21 00:49:17,602 [INFO] IPUIPlugin:80 - create IPUIPlugin
2023-05-21 00:49:17,602 [INFO] PluginManager:220 - loadIPPluginJar : add resmgrutility
2023-05-21 00:49:17,608 [INFO] IPUIPlugin:80 - create IPUIPlugin
2023-05-21 00:49:17,608 [INFO] PluginManager:220 - loadIPPluginJar : add sai
2023-05-21 00:49:17,612 [INFO] IPUIPlugin:80 - create IPUIPlugin
2023-05-21 00:49:17,612 [INFO] PluginManager:220 - loadIPPluginJar : add spi
2023-05-21 00:49:17,621 [INFO] IPUIPlugin:80 - create IPUIPlugin
2023-05-21 00:49:17,621 [INFO] PluginManager:220 - loadIPPluginJar : add stm32_wpan
2023-05-21 00:49:17,623 [INFO] IPUIPlugin:80 - create IPUIPlugin
2023-05-21 00:49:17,623 [INFO] PluginManager:220 - loadIPPluginJar : add tim
2023-05-21 00:49:17,629 [INFO] IPUIPlugin:80 - create IPUIPlugin
2023-05-21 00:49:17,629 [INFO] PluginManager:220 - loadIPPluginJar : add touchsensing
2023-05-21 00:49:17,632 [INFO] IPUIPlugin:80 - create IPUIPlugin
2023-05-21 00:49:17,632 [INFO] PluginManager:220 - loadIPPluginJar : add tracer_emb
2023-05-21 00:49:17,634 [INFO] IPUIPlugin:80 - create IPUIPlugin
2023-05-21 00:49:17,635 [INFO] PluginManager:220 - loadIPPluginJar : add ts
2023-05-21 00:49:17,637 [INFO] IPUIPlugin:80 - create IPUIPlugin
2023-05-21 00:49:17,638 [INFO] PluginManager:220 - loadIPPluginJar : add tsc
2023-05-21 00:49:17,641 [INFO] IPUIPlugin:80 - create IPUIPlugin
2023-05-21 00:49:17,641 [INFO] PluginManager:220 - loadIPPluginJar : add ucpd
2023-05-21 00:49:17,646 [INFO] IPUIPlugin:80 - create IPUIPlugin
2023-05-21 00:49:17,646 [INFO] PluginManager:220 - loadIPPluginJar : add usart
2023-05-21 00:49:17,652 [INFO] IPUIPlugin:80 - create IPUIPlugin
2023-05-21 00:49:17,652 [INFO] PluginManager:220 - loadIPPluginJar : add usbx
2023-05-21 00:49:17,821 [INFO] CADModel:165 - CPN selected for project level
2023-05-21 00:49:17,821 [INFO] CADModel:114 - Register for checkConnection events
2023-05-21 00:49:17,821 [FATAL] Updater:308 - Updater called before beeing initialized
2023-05-21 00:49:17,821 [ERROR] CADModel:125 - Updater not yet initialized, retry later 
2023-05-21 00:49:18,126 [INFO] CADModel:165 - CPN selected for project level
2023-05-21 00:49:18,126 [INFO] CADModel:114 - Register for checkConnection events
2023-05-21 00:49:18,126 [FATAL] Updater:308 - Updater called before beeing initialized
2023-05-21 00:49:18,126 [ERROR] CADModel:125 - Updater not yet initialized, retry later 
2023-05-21 00:49:18,132 [FATAL] Updater:308 - Updater called before beeing initialized
2023-05-21 00:49:18,412 [FATAL] Updater:308 - Updater called before beeing initialized
2023-05-21 00:49:18,424 [INFO] DbMcusAds:53 - JSON generation date=Tue Mar 07 11:50:54 TRT 2023 (1678179054945)
2023-05-21 00:49:18,424 [FATAL] Updater:308 - Updater called before beeing initialized
2023-05-21 00:49:18,489 [WARN] DetailPanel:346 - Failed to get advertising image, set to default
2023-05-21 00:49:18,621 [FATAL] Updater:308 - Updater called before beeing initialized
2023-05-21 00:49:18,625 [FATAL] Updater:308 - Updater called before beeing initialized
2023-05-21 00:49:18,625 [FATAL] Updater:308 - Updater called before beeing initialized
2023-05-21 00:49:18,625 [WARN] DetailPanel:346 - Failed to get advertising image, set to default
2023-05-21 00:49:18,626 [FATAL] Updater:308 - Updater called before beeing initialized
2023-05-21 00:49:18,702 [ERROR] Updater:1120 - MainUpdater not yet initialized. External WinMGr cannot be set.
2023-05-21 00:49:18,705 [INFO] Updater:1056 - Updater Version found : 6.8.1
2023-05-21 00:49:18,727 [INFO] ApplicationProperties:184 - Using Application install path: C:\ST\STM32CubeIDE_1.12.0\STM32CubeIDE\plugins\com.st.stm32cube.common.mx_6.8.1.202304191431
2023-05-21 00:49:19,490 [INFO] MainUpdater:2854 - connection check result : 10
2023-05-21 00:49:19,492 [INFO] MainUpdater:283 - Updater Check For Update Now.
2023-05-21 00:49:19,493 [INFO] MicroXplorer:498 - Change Database Version : DB.6.0.81
2023-05-21 00:49:19,537 [WARN] MainUpdater:1187 - Updater busy. Cannot search thirdparties
2023-05-21 00:49:19,537 [INFO] ThirdPartyUpdaterWithRetryManager:96 - Updater plugin is busy. [1/15]
2023-05-21 00:49:19,694 [INFO] CheckServerUpdateThread:120 - End of CheckServer Thread
2023-05-21 00:49:19,719 [INFO] MainUpdater:2854 - connection check result : 10
2023-05-21 00:49:19,721 [INFO] MainUpdater:2854 - connection check result : 10
2023-05-21 00:49:19,776 [INFO] MicroXplorer:468 - Change Database Path : 
2023-05-21 00:49:19,776 [INFO] MicroXplorer:498 - Change Database Version : DB.6.0.81
2023-05-21 00:49:19,777 [WARN] ThirdParty:871 - waiting for thirdparty lock release [close project]
2023-05-21 00:49:22,798 [WARN] PackLoader:240 - Cannot read IP mode file for STMicroelectronics.X-CUBE-GNSS1.6.0.0
2023-05-21 00:49:22,846 [WARN] PackLoader:240 - Cannot read IP mode file for STMicroelectronics.X-CUBE-AZRTOS-F4.1.1.0
2023-05-21 00:49:22,865 [WARN] PackLoader:240 - Cannot read IP mode file for STMicroelectronics.X-CUBE-SMBUS.2.1.0
2023-05-21 00:49:22,873 [WARN] PackLoader:240 - Cannot read IP mode file for wolfSSL.I-CUBE-wolfSSL.5.6.0
2023-05-21 00:49:22,904 [WARN] PackLoader:240 - Cannot read IP mode file for STMicroelectronics.X-CUBE-AZRTOS-F7.1.1.0
2023-05-21 00:49:22,991 [WARN] PackLoader:240 - Cannot read IP mode file for STMicroelectronics.X-CUBE-MEMS1.9.6.0
2023-05-21 00:49:23,276 [ERROR] RealEvaluatedCondition:428 - Found unsupported composite condition: CLASS='Data Exchange' GROUP='STM32_MetaDataManager'
2023-05-21 00:49:23,276 [ERROR] RealEvaluatedCondition:428 - Found unsupported composite condition: GROUP='STM32_MetaDataManager' CLASS='Data Exchange'
2023-05-21 00:49:23,307 [WARN] PackLoader:240 - Cannot read IP mode file for STMicroelectronics.FP-SNS-MOTENV1.4.3.0
2023-05-21 00:49:23,318 [WARN] PackLoader:240 - Cannot read IP mode file for STMicroelectronics.FP-SNS-FLIGHT1.5.0.0
2023-05-21 00:49:23,325 [WARN] PackLoader:240 - Cannot read IP mode file for STMicroelectronics.X-CUBE-BLE1.6.2.4
2023-05-21 00:49:23,337 [WARN] PackLoader:240 - Cannot read IP mode file for emotas.I-CUBE-CANOPEN.1.1.3
2023-05-21 00:49:23,489 [WARN] PackLoader:240 - Cannot read IP mode file for STMicroelectronics.X-CUBE-BLEMGR.2.0.0
2023-05-21 00:49:23,519 [WARN] ConditionMgr:438 - getConditionDescription Invalid condition id : UX DEVICE CLASS RTOS Condition cause : null
2023-05-21 00:49:23,520 [WARN] ConditionMgr:438 - getConditionDescription Invalid condition id : UX DEVICE CLASS RTOS Condition cause : null
2023-05-21 00:49:23,526 [WARN] PackLoader:240 - Cannot read IP mode file for STMicroelectronics.X-CUBE-AZRTOS-H7.3.1.0
2023-05-21 00:49:23,527 [WARN] ConditionMgr:1039 - genDependencies : Invalid condition id : UX DEVICE CLASS RTOS Condition cause : null
2023-05-21 00:49:23,527 [WARN] ConditionMgr:1039 - genDependencies : Invalid condition id : UX DEVICE CLASS RTOS Condition cause : null
2023-05-21 00:49:23,528 [WARN] ConditionMgr:1039 - genDependencies : Invalid condition id : UX DEVICE CLASS RTOS Condition cause : null
2023-05-21 00:49:23,529 [WARN] ConditionMgr:1039 - genDependencies : Invalid condition id : UX DEVICE CLASS RTOS Condition cause : null
2023-05-21 00:49:23,530 [WARN] ConditionMgr:1039 - genDependencies : Invalid condition id : UX DEVICE CLASS RTOS Condition cause : null
2023-05-21 00:49:23,543 [WARN] PackLoader:240 - Cannot read IP mode file for STMicroelectronics.X-CUBE-DISPLAY.3.0.0
2023-05-21 00:49:23,559 [WARN] PackLoader:240 - Cannot read IP mode file for STMicroelectronics.X-CUBE-NFC7.1.0.0
2023-05-21 00:49:23,567 [WARN] PackLoader:240 - Cannot read IP mode file for STMicroelectronics.X-CUBE-EEPRMA1.4.1.0
2023-05-21 00:49:23,577 [WARN] PackLoader:240 - Cannot read IP mode file for WES.I-CUBE-Cesium.1.3.0
2023-05-21 00:49:23,585 [WARN] PackLoader:240 - Cannot read IP mode file for STMicroelectronics.X-CUBE-SFXS2LP1.4.0.0
2023-05-21 00:49:23,592 [WARN] PackLoader:240 - Cannot read IP mode file for STMicroelectronics.X-CUBE-BLE2.3.3.0
2023-05-21 00:49:23,597 [WARN] PackLoader:240 - Cannot read IP mode file for STMicroelectronics.X-CUBE-ISPU.1.1.0
2023-05-21 00:49:23,602 [WARN] PackLoader:240 - Cannot read IP mode file for STMicroelectronics.X-CUBE-AI.8.0.0
2023-05-21 00:49:23,610 [WARN] PackLoader:240 - Cannot read IP mode file for STMicroelectronics.X-CUBE-FREERTOS.1.0.1
2023-05-21 00:49:23,616 [WARN] PackLoader:240 - Cannot read IP mode file for STMicroelectronics.X-CUBE-TOUCHGFX.4.21.3
2023-05-21 00:49:23,620 [WARN] PackLoader:240 - Cannot read IP mode file for STMicroelectronics.X-CUBE-TOUCHGFX.4.21.4
2023-05-21 00:49:23,628 [WARN] PackLoader:240 - Cannot read IP mode file for STMicroelectronics.X-CUBE-ALGOBUILD.1.3.0
2023-05-21 00:49:23,649 [WARN] PackLoader:240 - Cannot read IP mode file for STMicroelectronics.X-CUBE-AZRTOS-L5.1.1.0
2023-05-21 00:49:23,674 [WARN] PackLoader:240 - Cannot read IP mode file for STMicroelectronics.X-CUBE-AZRTOS-G0.1.1.0
2023-05-21 00:49:23,682 [WARN] PackLoader:240 - Cannot read IP mode file for STMicroelectronics.X-CUBE-AI.8.0.1
2023-05-21 00:49:23,696 [WARN] PackLoader:240 - Cannot read IP mode file for STMicroelectronics.X-CUBE-SUBG2.5.0.0
2023-05-21 00:49:23,711 [WARN] PackLoader:240 - Cannot read IP mode file for STMicroelectronics.X-CUBE-NFC4.3.0.0
2023-05-21 00:49:23,732 [WARN] PackLoader:240 - Cannot read IP mode file for STMicroelectronics.X-CUBE-AZRTOS-G4.2.0.0
2023-05-21 00:49:23,744 [WARN] PackLoader:240 - Cannot read IP mode file for STMicroelectronics.X-CUBE-TOF1.3.3.0
2023-05-21 00:49:23,763 [WARN] PackLoader:240 - Cannot read IP mode file for STMicroelectronics.FP-ATR-ASTRA1.1.1.1
2023-05-21 00:49:23,776 [WARN] PackLoader:240 - Cannot read IP mode file for STMicroelectronics.X-CUBE-AZRTOS-G4.1.0.0
2023-05-21 00:49:23,782 [WARN] PackLoader:240 - Cannot read IP mode file for STMicroelectronics.FP-ATR-SIGFOX1.3.2.0
2023-05-21 00:49:23,805 [WARN] PackLoader:240 - Cannot read IP mode file for STMicroelectronics.X-CUBE-AZRTOS-L4.1.0.0
2023-05-21 00:49:23,821 [WARN] PackLoader:240 - Cannot read IP mode file for STMicroelectronics.X-CUBE-AZRTOS-WL.1.0.0
2023-05-21 00:49:23,829 [WARN] PackLoader:240 - Cannot read IP mode file for portGmbH.I-Cube-SoM-uGOAL.1.1.0
2023-05-21 00:49:23,835 [WARN] PackLoader:240 - Cannot read IP mode file for STMicroelectronics.X-CUBE-ALS.1.0.1
2023-05-21 00:49:23,873 [WARN] PackLoader:240 - Cannot read IP mode file for STMicroelectronics.X-CUBE-MEMS1.9.5.0
2023-05-21 00:49:24,071 [WARN] PackLoader:240 - Cannot read IP mode file for STMicroelectronics.X-CUBE-AZRTOS-WB.1.1.0
2023-05-21 00:49:24,158 [WARN] PackLoader:240 - Cannot read IP mode file for SEGGER.I-CUBE-embOS.1.3.1
2023-05-21 00:49:24,227 [WARN] PackLoader:240 - Cannot read IP mode file for STMicroelectronics.FP-ATR-ASTRA1.2.0.0
2023-05-21 00:49:24,228 [INFO] ThirdParty:978 - Integrity check success = true
2023-05-21 00:49:24,229 [INFO] IntegrityCheckThread:100 - exiting critical section [integrity check]
2023-05-21 00:49:24,230 [INFO] IntegrityCheckThread:103 - End integrity checks thread
2023-05-21 00:49:24,230 [INFO] ThirdParty:873 - entering critical section [close project]
2023-05-21 00:49:24,232 [INFO] ThirdParty:883 - exiting critical section [close project]
2023-05-21 00:49:24,239 [INFO] PinOutPanel:1499 - setPackage(No Configuration,No Configuration)
2023-05-21 00:49:24,247 [INFO] UtilMem:75 - Begin LoadConfig() Used Memory: 223033608 Bytes (452984832)
2023-05-21 00:49:24,253 [INFO] MicroXplorer:468 - Change Database Path : 
2023-05-21 00:49:24,253 [INFO] MicroXplorer:498 - Change Database Version : DB.6.0.81
2023-05-21 00:49:24,254 [INFO] OpenFileManager:308 - Change cursor
2023-05-21 00:49:24,364 [INFO] Mcu:1937 - Initializing MCU STM32F407V(E-G)Tx STM32F407VGTx STM32F407VGT6
2023-05-21 00:49:27,222 [INFO] Context:659 - Trying to add GPIOservice into a context  which must be forbidden
2023-05-21 00:49:28,475 [INFO] RtosManager:555 - Registered RTOS mode: class=CMSIS, group=RTOS, mode=CMSIS_V1, owner=FREERTOS
2023-05-21 00:49:28,475 [INFO] RtosManager:555 - Registered RTOS mode: class=CMSIS, group=RTOS2, mode=CMSIS_V2, owner=FREERTOS
2023-05-21 00:49:28,476 [INFO] RtosManager:555 - Registered RTOS mode: class=RTOS, group=Core, mode=CMSIS_V1, owner=FREERTOS
2023-05-21 00:49:28,476 [INFO] RtosManager:555 - Registered RTOS mode: class=RTOS, group=Core, mode=CMSIS_V2, owner=FREERTOS
2023-05-21 00:49:28,476 [WARN] ModelIntegratedComponent:184 - Missing modes for component STMicroelectronics:FreeRTOS:0.0.1:STMicroelectronics:RTOS:FreeRTOS:Core:::10.2.0:
2023-05-21 00:49:28,508 [WARN] ModelIntegratedComponent:63 - No mode defined for component null
2023-05-21 00:49:28,508 [WARN] ModelIntegratedComponent:63 - No mode defined for component null
2023-05-21 00:49:28,508 [WARN] ModelIntegratedComponent:63 - No mode defined for component null
2023-05-21 00:49:28,508 [WARN] ModelIntegratedComponent:63 - No mode defined for component null
2023-05-21 00:49:28,508 [WARN] ModelIntegratedComponent:63 - No mode defined for component null
2023-05-21 00:49:28,508 [WARN] ModelIntegratedComponent:63 - No mode defined for component null
2023-05-21 00:49:28,509 [WARN] ModelIntegratedComponent:63 - No mode defined for component null
2023-05-21 00:49:28,509 [WARN] ModelIntegratedComponent:63 - No mode defined for component null
2023-05-21 00:49:28,509 [WARN] ModelIntegratedComponent:63 - No mode defined for component null
2023-05-21 00:49:28,509 [WARN] ModelIntegratedComponent:63 - No mode defined for component null
2023-05-21 00:49:28,509 [WARN] ModelIntegratedComponent:63 - No mode defined for component null
2023-05-21 00:49:28,509 [WARN] ModelIntegratedComponent:63 - No mode defined for component null
2023-05-21 00:49:28,509 [WARN] ModelIntegratedComponent:63 - No mode defined for component null
2023-05-21 00:49:28,509 [WARN] ModelIntegratedComponent:63 - No mode defined for component null
2023-05-21 00:49:28,509 [WARN] ModelIntegratedComponent:63 - No mode defined for component null
2023-05-21 00:49:28,510 [WARN] ModelIntegratedComponent:63 - No mode defined for component null
2023-05-21 00:49:28,510 [WARN] ModelIntegratedComponent:63 - No mode defined for component null
2023-05-21 00:49:28,510 [WARN] ModelIntegratedComponent:63 - No mode defined for component null
2023-05-21 00:49:28,510 [WARN] ModelIntegratedComponent:63 - No mode defined for component null
2023-05-21 00:49:28,510 [WARN] ModelIntegratedComponent:63 - No mode defined for component null
2023-05-21 00:49:28,510 [WARN] ModelIntegratedComponent:63 - No mode defined for component null
2023-05-21 00:49:28,510 [WARN] ModelIntegratedComponent:63 - No mode defined for component null
2023-05-21 00:49:28,510 [WARN] ModelIntegratedComponent:63 - No mode defined for component null
2023-05-21 00:49:28,510 [WARN] ModelIntegratedComponent:63 - No mode defined for component null
2023-05-21 00:49:28,511 [WARN] ModelIntegratedComponent:63 - No mode defined for component null
2023-05-21 00:49:28,511 [WARN] ModelIntegratedComponent:63 - No mode defined for component null
2023-05-21 00:49:28,511 [WARN] ModelIntegratedComponent:63 - No mode defined for component null
2023-05-21 00:49:28,511 [WARN] ModelIntegratedComponent:63 - No mode defined for component null
2023-05-21 00:49:28,511 [WARN] ModelIntegratedComponent:63 - No mode defined for component null
2023-05-21 00:49:28,511 [WARN] ModelIntegratedComponent:63 - No mode defined for component null
2023-05-21 00:49:28,511 [WARN] ModelIntegratedComponent:63 - No mode defined for component null
2023-05-21 00:49:28,511 [WARN] ModelIntegratedComponent:63 - No mode defined for component null
2023-05-21 00:49:28,511 [WARN] ModelIntegratedComponent:63 - No mode defined for component null
2023-05-21 00:49:28,670 [INFO] ThirdPartyModel:298 - Start build external matchings
2023-05-21 00:49:29,269 [INFO] ThirdPartyModel:316 - End build external matchings
2023-05-21 00:49:29,290 [INFO] RtosManager:919 - Current active RTOS is FREERTOS [Cortex-M4NS]
2023-05-21 00:49:29,313 [INFO] ImportTextPane:194 - (OptionalMessage_ERROR) IP (RCC) : Parameter (RTCHSEDivFreq_Value) has invalid value (4000000)
2023-05-21 00:49:30,191 [INFO] UtilMem:75 - End LoadConfig() Used Memory: 165750904 Bytes (452984832)
2023-05-21 00:49:30,393 [INFO] ApiDb:581 - Connected to CubeFinder SQLite database (C:\Users\mehmet.sahin\.stmcufinder\plugins\mcufinder\mcu\cube-finder-db.db)
2023-05-21 00:49:30,611 [INFO] ApiDb:668 - CubeFinder database Data Model version=2.1
2023-05-21 00:49:30,611 [INFO] ApiDb:669 - CubeFinder database Configuration version=3.0.35
2023-05-21 00:49:30,612 [INFO] ApiDb:670 - CubeFinder database generation date=2023-05-12 (1683877179)
2023-05-21 00:49:30,612 [INFO] ApiDb:671 - CubeFinder database FW Pack versions=[FP-ATR-ASTRA1_V2.0.0, FP-SNS-FLIGHT1_V5.0.0, FP-SNS-MOTENV1_V4.3.0, STM32Cube_FW_C0_V1.0.1, STM32Cube_FW_F0_V1.11.4, STM32Cube_FW_F3_V1.11.4, STM32Cube_FW_F4_V1.27.1, STM32Cube_FW_F7_V1.17.0, STM32Cube_FW_G0_V1.6.1, STM32Cube_FW_G4_V1.5.1, STM32Cube_FW_H5_V0.5.1, STM32Cube_FW_H5_V1.0.0, STM32Cube_FW_H7_V1.11.0, STM32Cube_FW_L0_V1.12.2, STM32Cube_FW_L5_V1.5.0, STM32Cube_FW_U5_V1.2.0, STM32Cube_FW_WBA_V1.0.0, STM32Cube_FW_WBA_V1.0.0RC1, STM32Cube_FW_WBA_V1.0.0RC3, STM32Cube_FW_WB_V1.15.0RC1, STM32Cube_FW_WB_V1.16.0, STM32Cube_FW_WB_V1.16.0RC2, STM32Cube_FW_WL_V1.3.0, X-CUBE-ALGOBUILD_V1.3.0, X-CUBE-ALS_V1.0.1, X-CUBE-AZRTOS-F4_V1.1.0, X-CUBE-AZRTOS-F7_V1.1.0, X-CUBE-AZRTOS-G0_V1.1.0, X-CUBE-AZRTOS-G4_V2.0.0, X-CUBE-AZRTOS-H7_V3.1.0, X-CUBE-AZRTOS-L4_V1.0.0, X-CUBE-AZRTOS-L5_V1.1.0, X-CUBE-AZRTOS-WB_V1.1.0, X-CUBE-AZRTOS-WL_V1.0.0, X-CUBE-BLE1_V6.2.4, X-CUBE-BLE2_V3.3.0, X-CUBE-BLEMGR_V2.0.0, X-CUBE-EEPRMA1_V4.1.0, X-CUBE-FREERTOS_V1.0.1, X-CUBE-GNSS1_V6.0.0, X-CUBE-MEMS1_V9.1.0, X-CUBE-MEMS1_V9.4.0, X-CUBE-MEMS1_V9.6.0, X-CUBE-NFC4_V3.0.0, X-CUBE-NFC7_V1.0.0, X-CUBE-SFXS2LP1_V4.0.0, X-CUBE-SUBG2_V5.0.0]
2023-05-21 00:49:35,719 [INFO] ApiDb:240 - Found 297 in-development CPN: [B-G473E-ZEST1S, B-WB1M-WPAN1, B-WL5M-SUBG1, NUCLEO-C031C6, NUCLEO-H503RB, NUCLEO-H563ZI, NUCLEO-U545RE-Q, NUCLEO-U5A5ZJ-Q, NUCLEO-WBA52CG, STEVAL-PROTEUS1, STEVAL-STWINBX1, STM320518-EVAL, STM32C0116-DK, STM32C011D6Y3TR, STM32C011D6Y6TR, STM32C011F4P3, STM32C011F4P6, STM32C011F4U3, STM32C011F4U6TR, STM32C011F6P3, STM32C011F6P6, STM32C011F6U3, STM32C011F6U6TR, STM32C011J4M3, STM32C011J4M6, STM32C011J6M3, STM32C011J6M6, STM32C0316-DK, STM32C031C4T3, STM32C031C4T6, STM32C031C4U3, STM32C031C4U6, STM32C031C6T3, STM32C031C6T6, STM32C031C6U3, STM32C031C6U6, STM32C031F4P3, STM32C031F4P6, STM32C031F6P3, STM32C031F6P6, STM32C031G4U3, STM32C031G4U6, STM32C031G6U3, STM32C031G6U6, STM32C031K4T3, STM32C031K4T6, STM32C031K4U3, STM32C031K4U6, STM32C031K6T3, STM32C031K6T6, STM32C031K6U3, STM32C031K6U6, STM32G071K8TXN, STM32G071K8UXN, STM32G081GBU6N, STM32G081KBT6N, STM32G081KBUXN, STM32G0B1CCT6N, STM32G0B1KCT6, STM32G0B1NEY6TR, STM32G0B1RCT6N, STM32G0C1CCT6, STM32G0C1CCT6N, STM32G0C1CCU6N, STM32G0C1CET6N, STM32G0C1CEU6N, STM32G0C1KCT6, STM32G0C1NEY6TR, STM32G0C1RCI6N, STM32G0C1RCT6N, STM32G0C1REI6N, STM32G0C1RET6N, STM32G0C1VCI6, STM32G0C1VEI6, STM32G471CCT6, STM32G471CCU6, STM32G471CET3, STM32G471CET6, STM32G471CEU3, STM32G471CEU6, STM32G471MCT6, STM32G471MET3, STM32G471MET6, STM32G471MEY6TR, STM32G471QCT6, STM32G471QET3, STM32G471RCT6, STM32G471RET3, STM32G471RET6, STM32G471VCH6, STM32G471VCI6, STM32G471VCT6, STM32G471VEH3, STM32G471VEH6, STM32G471VEI3, STM32G471VEI6, STM32G471VET3, STM32G471VET6, STM32G474CCT6, STM32H503CBT6, STM32H503CBU6, STM32H503EBY6TR, STM32H503KBU6, STM32H503RBT6, STM32H562AGI6, STM32H562AII6, STM32H562IGK6, STM32H562IGT6, STM32H562IIK6, STM32H562IIT6, STM32H562RGT6, STM32H562RGV6, STM32H562RIT6, STM32H562RIV6, STM32H562VGT6, STM32H562VIT6, STM32H562ZGT6, STM32H562ZIT6, STM32H563AGI6, STM32H563AII3Q, STM32H563AII6, STM32H563IGK6, STM32H563IGT6, STM32H563IIK3Q, STM32H563IIK6, STM32H563IIT3Q, STM32H563IIT6, STM32H563MIY3QTR, STM32H563RGT6, STM32H563RGV6, STM32H563RIT6, STM32H563RIV6, STM32H563VGT6, STM32H563VIT3Q, STM32H563VIT6, STM32H563ZGT6, STM32H563ZIT3Q, STM32H563ZIT6, STM32H573AII3Q, STM32H573AII6, STM32H573I-DK, STM32H573IIK3Q, STM32H573IIK6, STM32H573IIT3Q, STM32H573IIT6, STM32H573MIY3QTR, STM32H573RIT6, STM32H573RIV6, STM32H573VIT3Q, STM32H573VIT6, STM32H573ZIT3Q, STM32H573ZIT6, STM32L4R5QGI6STR, STM32MP131AAE3, STM32MP131AAF3, STM32MP131AAG3, STM32MP131CAE3, STM32MP131CAF3, STM32MP131CAG3, STM32MP131DAE7, STM32MP131DAF7, STM32MP131DAG7, STM32MP131FAE7, STM32MP131FAF7, STM32MP131FAG7, STM32MP133AAE3, STM32MP133AAF3, STM32MP133AAG3, STM32MP133CAE3, STM32MP133CAF3, STM32MP133CAG3, STM32MP133DAE7, STM32MP133DAF7, STM32MP133DAG7, STM32MP133FAE7, STM32MP133FAF7, STM32MP133FAG7, STM32MP135AAE3, STM32MP135AAF3, STM32MP135AAG3, STM32MP135CAE3, STM32MP135CAF3, STM32MP135CAG3, STM32MP135DAE7, STM32MP135DAF7, STM32MP135DAG7, STM32MP135F-DK, STM32MP135FAE7, STM32MP135FAF7, STM32MP135FAF7T, STM32MP135FAF7U, STM32MP135FAG7, STM32U535CBT6, STM32U535CBT6Q, STM32U535CBU6, STM32U535CBU6Q, STM32U535CCT6, STM32U535CCT6Q, STM32U535CCU6, STM32U535CCU6Q, STM32U535CET6, STM32U535CET6Q, STM32U535CEU6, STM32U535CEU6Q, STM32U535JEY6QTR, STM32U535NCY6QTR, STM32U535NEY6QTR, STM32U535RBI6, STM32U535RBI6Q, STM32U535RBT6, STM32U535RBT6Q, STM32U535RCI6, STM32U535RCI6Q, STM32U535RCT6, STM32U535RCT6Q, STM32U535REI6, STM32U535REI6Q, STM32U535RET6, STM32U535RET6Q, STM32U535VCI6, STM32U535VCI6Q, STM32U535VCT6, STM32U535VCT6Q, STM32U535VEI6, STM32U535VEI6Q, STM32U535VET6, STM32U535VET6Q, STM32U545CET6, STM32U545CET6Q, STM32U545CEU6, STM32U545CEU6Q, STM32U545JEY6QTR, STM32U545NEY6QTR, STM32U545REI6, STM32U545REI6Q, STM32U545RET6, STM32U545RET6Q, STM32U545VEI6, STM32U545VEI6Q, STM32U545VET6, STM32U545VET6Q, STM32U595AIH6, STM32U595AIH6Q, STM32U595AJH6, STM32U595AJH6Q, STM32U595QII6, STM32U595QII6Q, STM32U595QJI6, STM32U595QJI6Q, STM32U595RIT6, STM32U595RIT6Q, STM32U595RJT6, STM32U595RJT6Q, STM32U595VIT6, STM32U595VIT6Q, STM32U595VJT6, STM32U595VJT6Q, STM32U595ZIT6, STM32U595ZIT6Q, STM32U595ZIY6QTR, STM32U595ZJT6, STM32U595ZJT6Q, STM32U595ZJY6QTR, STM32U599BJY6QTR, STM32U599NIH6Q, STM32U599NJH6Q, STM32U599VIT6Q, STM32U599VJT6, STM32U599VJT6Q, STM32U599ZIT6Q, STM32U599ZIY6QTR, STM32U599ZJT6Q, STM32U599ZJY6QTR, STM32U5A5AJH6, STM32U5A5AJH6Q, STM32U5A5QJI6, STM32U5A5QJI6Q, STM32U5A5RJT6, STM32U5A5RJT6Q, STM32U5A5VJT6, STM32U5A5VJT6Q, STM32U5A5ZJT6, STM32U5A5ZJT6Q, STM32U5A5ZJY6QTR, STM32U5A9BJY6QTR, STM32U5A9J-DK, STM32U5A9NJH6Q, STM32U5A9VJT6Q, STM32U5A9ZJT6Q, STM32U5A9ZJY6QTR, STM32WB1MMCH6, STM32WBA52CEU6, STM32WBA52CEU6T, STM32WBA52CGU6, STM32WBA52CGU6T, STM32WL5MOCH6, STM32WL5MOCH6TR]
2023-05-21 00:49:35,725 [INFO] DbMcus:216 - Found 3775 MCUs, 3775 are supported
2023-05-21 00:49:35,727 [INFO] ApiDb:423 - Load user favorites file C:\Users\mehmet.sahin/.stm32cubeide/favorites.mcus.txt: 0 item(s)
2023-05-21 00:49:35,728 [INFO] ApiDb:427 - User favorites MCUs=[]
2023-05-21 00:49:35,728 [INFO] DbMcus:222 - Set 0 / 0 favorites MCUs
2023-05-21 00:49:36,300 [WARN] ThirdParty:833 - waiting for thirdparty lock release [change project]
2023-05-21 00:49:36,300 [INFO] ThirdParty:835 - entering critical section [change project]
2023-05-21 00:49:36,301 [INFO] ThirdParty:1030 - CMSIS Pack Vendor :STMicroelectronics X-CUBE-ISPU 1.1.0
2023-05-21 00:49:36,301 [INFO] ThirdParty:1030 - CMSIS Pack Vendor :STMicroelectronics X-CUBE-GNSS1 6.0.0
2023-05-21 00:49:36,301 [INFO] ThirdParty:1030 - CMSIS Pack Vendor :STMicroelectronics USB_HOST 2.0.0
2023-05-21 00:49:36,301 [INFO] ThirdParty:1030 - CMSIS Pack Vendor :STMicroelectronics X-CUBE-AZRTOS-F4 1.1.0
2023-05-21 00:49:36,301 [INFO] ThirdParty:1030 - CMSIS Pack Vendor :STMicroelectronics LIBJPEG 8.0.0
2023-05-21 00:49:36,301 [INFO] ThirdParty:1030 - CMSIS Pack Vendor :STMicroelectronics X-CUBE-SMBUS 2.1.0
2023-05-21 00:49:36,301 [INFO] ThirdParty:1030 - CMSIS Pack Vendor :wolfSSL I-CUBE-wolfSSL 5.6.0
2023-05-21 00:49:36,301 [INFO] ThirdParty:1030 - CMSIS Pack Vendor :STMicroelectronics USB_DEVICE 3.0.0
2023-05-21 00:49:36,301 [INFO] ThirdParty:1030 - CMSIS Pack Vendor :STMicroelectronics X-CUBE-AI 8.0.0
2023-05-21 00:49:36,301 [INFO] ThirdParty:1030 - CMSIS Pack Vendor :STMicroelectronics X-CUBE-FREERTOS 1.0.1
2023-05-21 00:49:36,301 [INFO] ThirdParty:1030 - CMSIS Pack Vendor :STMicroelectronics X-CUBE-TOUCHGFX 4.21.3
2023-05-21 00:49:36,301 [INFO] ThirdParty:1030 - CMSIS Pack Vendor :STMicroelectronics X-CUBE-AZRTOS-F7 1.1.0
2023-05-21 00:49:36,302 [INFO] ThirdParty:1030 - CMSIS Pack Vendor :STMicroelectronics X-CUBE-TOUCHGFX 4.21.4
2023-05-21 00:49:36,302 [INFO] ThirdParty:1030 - CMSIS Pack Vendor :STMicroelectronics USB_DEVICE 2.0.0
2023-05-21 00:49:36,302 [INFO] ThirdParty:1030 - CMSIS Pack Vendor :STMicroelectronics X-CUBE-MEMS1 9.6.0
2023-05-21 00:49:36,302 [INFO] ThirdParty:1030 - CMSIS Pack Vendor :STMicroelectronics FP-SNS-MOTENV1 4.3.0
2023-05-21 00:49:36,302 [INFO] ThirdParty:1030 - CMSIS Pack Vendor :STMicroelectronics FP-SNS-FLIGHT1 5.0.0
2023-05-21 00:49:36,302 [INFO] ThirdParty:1030 - CMSIS Pack Vendor :STMicroelectronics X-CUBE-ALGOBUILD 1.3.0
2023-05-21 00:49:36,302 [INFO] ThirdParty:1030 - CMSIS Pack Vendor :STMicroelectronics X-CUBE-BLE1 6.2.4
2023-05-21 00:49:36,302 [INFO] ThirdParty:1030 - CMSIS Pack Vendor :STMicroelectronics X-CUBE-AZRTOS-L5 1.1.0
2023-05-21 00:49:36,302 [INFO] ThirdParty:1030 - CMSIS Pack Vendor :STMicroelectronics FreeRTOS 0.0.1
2023-05-21 00:49:36,302 [INFO] ThirdParty:1030 - CMSIS Pack Vendor :emotas I-CUBE-CANOPEN 1.1.3
2023-05-21 00:49:36,302 [INFO] ThirdParty:1030 - CMSIS Pack Vendor :STMicroelectronics X-CUBE-AZRTOS-G0 1.1.0
2023-05-21 00:49:36,302 [INFO] ThirdParty:1030 - CMSIS Pack Vendor :STMicroelectronics X-CUBE-BLEMGR 2.0.0
2023-05-21 00:49:36,302 [INFO] ThirdParty:1030 - CMSIS Pack Vendor :STMicroelectronics X-CUBE-AI 8.0.1
2023-05-21 00:49:36,302 [INFO] ThirdParty:1030 - CMSIS Pack Vendor :STMicroelectronics X-CUBE-SUBG2 5.0.0
2023-05-21 00:49:36,303 [INFO] ThirdParty:1030 - CMSIS Pack Vendor :STMicroelectronics X-CUBE-NFC4 3.0.0
2023-05-21 00:49:36,303 [INFO] ThirdParty:1030 - CMSIS Pack Vendor :STMicroelectronics STM32_WPAN 1.0.0
2023-05-21 00:49:36,303 [INFO] ThirdParty:1030 - CMSIS Pack Vendor :STMicroelectronics lwIP 2.0.3
2023-05-21 00:49:36,303 [INFO] ThirdParty:1030 - CMSIS Pack Vendor :STMicroelectronics USB_HOST 1.0.0
2023-05-21 00:49:36,303 [INFO] ThirdParty:1030 - CMSIS Pack Vendor :STMicroelectronics X-CUBE-AZRTOS-G4 2.0.0
2023-05-21 00:49:36,303 [INFO] ThirdParty:1030 - CMSIS Pack Vendor :STMicroelectronics PDM2PCM 3.1.0
2023-05-21 00:49:36,303 [INFO] ThirdParty:1030 - CMSIS Pack Vendor :STMicroelectronics X-CUBE-AZRTOS-H7 3.1.0
2023-05-21 00:49:36,303 [INFO] ThirdParty:1030 - CMSIS Pack Vendor :STMicroelectronics X-CUBE-TOF1 3.3.0
2023-05-21 00:49:36,303 [INFO] ThirdParty:1030 - CMSIS Pack Vendor :STMicroelectronics FP-ATR-ASTRA1 1.1.1
2023-05-21 00:49:36,303 [INFO] ThirdParty:1030 - CMSIS Pack Vendor :STMicroelectronics PDM2PCM 3.3.0
2023-05-21 00:49:36,303 [INFO] ThirdParty:1030 - CMSIS Pack Vendor :STMicroelectronics X-CUBE-DISPLAY 3.0.0
2023-05-21 00:49:36,303 [INFO] ThirdParty:1030 - CMSIS Pack Vendor :STMicroelectronics X-CUBE-AZRTOS-G4 1.0.0
2023-05-21 00:49:36,303 [INFO] ThirdParty:1030 - CMSIS Pack Vendor :STMicroelectronics FP-ATR-SIGFOX1 3.2.0
2023-05-21 00:49:36,303 [INFO] ThirdParty:1030 - CMSIS Pack Vendor :STMicroelectronics X-CUBE-AZRTOS-L4 1.0.0
2023-05-21 00:49:36,303 [INFO] ThirdParty:1030 - CMSIS Pack Vendor :STMicroelectronics HAL Drivers 0.0.0
2023-05-21 00:49:36,303 [INFO] ThirdParty:1030 - CMSIS Pack Vendor :STMicroelectronics MBEDTLS 2.16.2
2023-05-21 00:49:36,303 [INFO] ThirdParty:1030 - CMSIS Pack Vendor :STMicroelectronics MBEDTLS 2.14.1
2023-05-21 00:49:36,304 [INFO] ThirdParty:1030 - CMSIS Pack Vendor :STMicroelectronics X-CUBE-NFC7 1.0.0
2023-05-21 00:49:36,304 [INFO] ThirdParty:1030 - CMSIS Pack Vendor :STMicroelectronics X-CUBE-AZRTOS-WL 1.0.0
2023-05-21 00:49:36,304 [INFO] ThirdParty:1030 - CMSIS Pack Vendor :STMicroelectronics X-CUBE-EEPRMA1 4.1.0
2023-05-21 00:49:36,304 [INFO] ThirdParty:1030 - CMSIS Pack Vendor :portGmbH I-Cube-SoM-uGOAL 1.1.0
2023-05-21 00:49:36,304 [INFO] ThirdParty:1030 - CMSIS Pack Vendor :STMicroelectronics X-CUBE-ALS 1.0.1
2023-05-21 00:49:36,304 [INFO] ThirdParty:1030 - CMSIS Pack Vendor :STMicroelectronics X-CUBE-MEMS1 9.5.0
2023-05-21 00:49:36,304 [INFO] ThirdParty:1030 - CMSIS Pack Vendor :STMicroelectronics ThreadX 1.0.0
2023-05-21 00:49:36,304 [INFO] ThirdParty:1030 - CMSIS Pack Vendor :STMicroelectronics X-CUBE-AZRTOS-WB 1.1.0
2023-05-21 00:49:36,304 [INFO] ThirdParty:1030 - CMSIS Pack Vendor :SEGGER I-CUBE-embOS 1.3.1
2023-05-21 00:49:36,304 [INFO] ThirdParty:1030 - CMSIS Pack Vendor :STMicroelectronics USB_DEVICE 1.0.0
2023-05-21 00:49:36,304 [INFO] ThirdParty:1030 - CMSIS Pack Vendor :STMicroelectronics ThreadX 0.0.2
2023-05-21 00:49:36,304 [INFO] ThirdParty:1030 - CMSIS Pack Vendor :WES I-CUBE-Cesium 1.3.0
2023-05-21 00:49:36,304 [INFO] ThirdParty:1030 - CMSIS Pack Vendor :STMicroelectronics FP-ATR-ASTRA1 2.0.0
2023-05-21 00:49:36,304 [INFO] ThirdParty:1030 - CMSIS Pack Vendor :STMicroelectronics lwIP 2.1.2
2023-05-21 00:49:36,304 [INFO] ThirdParty:1030 - CMSIS Pack Vendor :STMicroelectronics X-CUBE-SFXS2LP1 4.0.0
2023-05-21 00:49:36,304 [INFO] ThirdParty:1030 - CMSIS Pack Vendor :STMicroelectronics X-CUBE-BLE2 3.3.0
2023-05-21 00:49:36,304 [INFO] ThirdParty:1030 - CMSIS Pack Vendor :STMicroelectronics PDM2PCM 3.2.0
2023-05-21 00:49:36,305 [INFO] ThirdParty:841 - exiting critical section [change project]
2023-05-21 00:49:37,135 [INFO] PinOutPanel:1499 - setPackage(No Configuration,No Configuration)
2023-05-21 00:49:37,138 [INFO] PinOutPanel:1499 - setPackage(STM32F407VGTx,LQFP100)
2023-05-21 00:49:38,757 [INFO] UtilMem:75 - Before build in PCC Used Memory: 314552832 Bytes (452984832)
2023-05-21 00:49:40,788 [INFO] UtilMem:75 - After build in PCC Used Memory: 276895840 Bytes (452984832)
2023-05-21 00:49:41,002 [INFO] ApiDbMcu:507 - Load IP Config File for FREERTOS
2023-05-21 00:49:41,069 [INFO] IPUIPlugin:80 - create IPUIPlugin
2023-05-21 00:49:41,069 [INFO] IPUIPlugin:80 - create IPUIPlugin
2023-05-21 00:49:41,069 [INFO] IPUIPlugin:80 - create IPUIPlugin
2023-05-21 00:49:41,070 [INFO] IPUIPlugin:80 - create IPUIPlugin
2023-05-21 00:49:41,070 [INFO] IPUIPlugin:80 - create IPUIPlugin
2023-05-21 00:49:41,070 [INFO] IPUIPlugin:80 - create IPUIPlugin
2023-05-21 00:49:41,070 [INFO] IPUIPlugin:80 - create IPUIPlugin
2023-05-21 00:49:41,072 [INFO] IPUIPlugin:80 - create IPUIPlugin
2023-05-21 00:49:41,079 [INFO] IPUIPlugin:80 - create IPUIPlugin
2023-05-21 00:49:41,082 [INFO] IPUIPlugin:80 - create IPUIPlugin
2023-05-21 00:49:41,082 [INFO] IPUIPlugin:80 - create IPUIPlugin
2023-05-21 00:49:41,082 [INFO] IPUIPlugin:80 - create IPUIPlugin
2023-05-21 00:49:41,082 [INFO] IPUIPlugin:80 - create IPUIPlugin
2023-05-21 00:49:41,083 [INFO] IPUIPlugin:80 - create IPUIPlugin
2023-05-21 00:49:41,083 [INFO] IPUIPlugin:80 - create IPUIPlugin
2023-05-21 00:49:41,085 [INFO] IPUIPlugin:80 - create IPUIPlugin
2023-05-21 00:49:41,085 [INFO] IPUIPlugin:80 - create IPUIPlugin
2023-05-21 00:49:41,085 [INFO] IPUIPlugin:80 - create IPUIPlugin
2023-05-21 00:49:41,085 [INFO] IPUIPlugin:80 - create IPUIPlugin
2023-05-21 00:49:41,086 [INFO] IPUIPlugin:80 - create IPUIPlugin
2023-05-21 00:49:41,087 [INFO] IPUIPlugin:80 - create IPUIPlugin
2023-05-21 00:49:41,087 [INFO] IPUIPlugin:80 - create IPUIPlugin
2023-05-21 00:49:41,088 [INFO] IPUIPlugin:80 - create IPUIPlugin
2023-05-21 00:49:41,088 [INFO] IPUIPlugin:80 - create IPUIPlugin
2023-05-21 00:49:41,088 [INFO] IPUIPlugin:80 - create IPUIPlugin
2023-05-21 00:49:41,089 [INFO] IPUIPlugin:80 - create IPUIPlugin
2023-05-21 00:49:41,089 [INFO] IPUIPlugin:80 - create IPUIPlugin
2023-05-21 00:49:41,091 [INFO] IPUIPlugin:80 - create IPUIPlugin
2023-05-21 00:49:41,092 [INFO] IPUIPlugin:80 - create IPUIPlugin
2023-05-21 00:49:41,092 [INFO] IPUIPlugin:80 - create IPUIPlugin
2023-05-21 00:49:41,093 [INFO] IPUIPlugin:80 - create IPUIPlugin
2023-05-21 00:49:41,093 [INFO] IPUIPlugin:80 - create IPUIPlugin
2023-05-21 00:49:41,094 [INFO] IPUIPlugin:80 - create IPUIPlugin
2023-05-21 00:49:41,094 [INFO] IPUIPlugin:80 - create IPUIPlugin
2023-05-21 00:49:41,095 [INFO] IPUIPlugin:80 - create IPUIPlugin
2023-05-21 00:49:41,097 [INFO] IPUIPlugin:80 - create IPUIPlugin
2023-05-21 00:49:41,098 [INFO] IPUIPlugin:80 - create IPUIPlugin
2023-05-21 00:49:41,099 [INFO] IPUIPlugin:80 - create IPUIPlugin
2023-05-21 00:49:41,099 [INFO] IPUIPlugin:80 - create IPUIPlugin
2023-05-21 00:49:41,099 [INFO] IPUIPlugin:80 - create IPUIPlugin
2023-05-21 00:49:41,100 [INFO] IPUIPlugin:80 - create IPUIPlugin
2023-05-21 00:49:41,100 [INFO] IPUIPlugin:80 - create IPUIPlugin
2023-05-21 00:49:41,101 [INFO] IPUIPlugin:80 - create IPUIPlugin
2023-05-21 00:49:41,101 [INFO] IPUIPlugin:80 - create IPUIPlugin
2023-05-21 00:49:41,102 [INFO] IPUIPlugin:80 - create IPUIPlugin
2023-05-21 00:49:41,103 [INFO] IPUIPlugin:80 - create IPUIPlugin
2023-05-21 00:49:41,103 [INFO] IPUIPlugin:80 - create IPUIPlugin
2023-05-21 00:49:41,104 [INFO] IPUIPlugin:80 - create IPUIPlugin
2023-05-21 00:49:41,104 [INFO] IPUIPlugin:80 - create IPUIPlugin
2023-05-21 00:49:41,105 [INFO] IPUIPlugin:80 - create IPUIPlugin
2023-05-21 00:49:41,106 [INFO] IPUIPlugin:80 - create IPUIPlugin
2023-05-21 00:49:41,106 [INFO] IPUIPlugin:80 - create IPUIPlugin
2023-05-21 00:49:41,107 [INFO] IPUIPlugin:80 - create IPUIPlugin
2023-05-21 00:49:41,108 [INFO] IPUIPlugin:80 - create IPUIPlugin
2023-05-21 00:49:41,109 [INFO] IPUIPlugin:80 - create IPUIPlugin
2023-05-21 00:49:41,110 [INFO] IPUIPlugin:80 - create IPUIPlugin
2023-05-21 00:49:41,111 [INFO] IPUIPlugin:80 - create IPUIPlugin
2023-05-21 00:49:41,111 [INFO] IPUIPlugin:80 - create IPUIPlugin
2023-05-21 00:49:41,131 [INFO] ApiDbMcu:507 - Load IP Config File for PDM2PCM
2023-05-21 00:49:41,217 [WARN] FreeRTOS:1023 - Null or empty value: should not occur! (nothing added to the table)
2023-05-21 00:49:41,885 [INFO] CADModel:165 - CPN selected for project levelSTM32F407VGT6
2023-05-21 00:49:41,886 [INFO] CADModel:114 - Register for checkConnection events
2023-05-21 00:49:41,925 [INFO] RtosManager:697 - Active RTOS found at IOC load: FREERTOS [Cortex-M4NS]
2023-05-21 00:49:41,993 [INFO] OpenFileManager:328 - Restore cursor
2023-05-21 00:50:36,161 [INFO] UtilMem:75 - End SaveConfig() Used Memory: 222307488 Bytes (452984832)
2023-05-21 00:50:37,994 [INFO] UtilMem:75 - End SaveConfig() Used Memory: 268287032 Bytes (452984832)
2023-05-21 00:50:40,623 [INFO] BlockDiagram:2759 - set Specific Code input for plugin: FREERTOS
2023-05-21 00:50:40,624 [INFO] BlockDiagram:2759 - set Specific Code input for plugin: SYS
2023-05-21 00:50:40,624 [INFO] BlockDiagram:2759 - set Specific Code input for plugin: RCC
2023-05-21 00:50:40,624 [INFO] BlockDiagram:2759 - set Specific Code input for plugin: NVIC
2023-05-21 00:50:40,624 [INFO] BlockDiagram:2759 - set Specific Code input for plugin: USART
2023-05-21 00:50:40,625 [INFO] BlockDiagram:2759 - set Specific Code input for plugin: GPIO
2023-05-21 00:50:40,629 [INFO] CodeGenerator:793 - code generatio: config db path: C:\ST\STM32CubeIDE_1.12.0\STM32CubeIDE\plugins\com.st.stm32cube.common.mx_6.8.1.202304191431\\db\
2023-05-21 00:50:41,395 [INFO] CodeEngine:255 - oldGeneratedFile, C:\Users\mehmet.sahin\Desktop\Video_Lectures\Embedded_Systems\FreeRTOS\ST_CMSIS_V2\ST_Workspace\001_FREERTOS_CMSIS_V2_LAB_PREPARATION\MXTmpFiles\license.tmp_save
2023-05-21 00:50:42,479 [INFO] CodeEngine:279 - Generated code: C:\Users\mehmet.sahin\Desktop\Video_Lectures\Embedded_Systems\FreeRTOS\ST_CMSIS_V2\ST_Workspace\001_FREERTOS_CMSIS_V2_LAB_PREPARATION\MXTmpFiles\license.tmp
2023-05-21 00:50:42,607 [INFO] CodeEngine:255 - oldGeneratedFile, C:\Users\mehmet.sahin\Desktop\Video_Lectures\Embedded_Systems\FreeRTOS\ST_CMSIS_V2\ST_Workspace\001_FREERTOS_CMSIS_V2_LAB_PREPARATION\MXTmpFiles\gpio.tmp_save
2023-05-21 00:50:43,382 [INFO] CodeEngine:279 - Generated code: C:\Users\mehmet.sahin\Desktop\Video_Lectures\Embedded_Systems\FreeRTOS\ST_CMSIS_V2\ST_Workspace\001_FREERTOS_CMSIS_V2_LAB_PREPARATION\MXTmpFiles\gpio.tmp
2023-05-21 00:50:43,664 [INFO] Middleware:1439 - No code input for Bsp Dependency
2023-05-21 00:50:43,675 [INFO] CodeEngine:255 - oldGeneratedFile, C:\Users\mehmet.sahin\Desktop\Video_Lectures\Embedded_Systems\FreeRTOS\ST_CMSIS_V2\ST_Workspace\001_FREERTOS_CMSIS_V2_LAB_PREPARATION\MXTmpFiles\rtos_inc.tmp_save
2023-05-21 00:50:44,016 [INFO] CodeEngine:279 - Generated code: C:\Users\mehmet.sahin\Desktop\Video_Lectures\Embedded_Systems\FreeRTOS\ST_CMSIS_V2\ST_Workspace\001_FREERTOS_CMSIS_V2_LAB_PREPARATION\MXTmpFiles\rtos_inc.tmp
2023-05-21 00:50:44,024 [INFO] CodeEngine:255 - oldGeneratedFile, C:\Users\mehmet.sahin\Desktop\Video_Lectures\Embedded_Systems\FreeRTOS\ST_CMSIS_V2\ST_Workspace\001_FREERTOS_CMSIS_V2_LAB_PREPARATION\MXTmpFiles\rtos_kernelInit.tmp_save
2023-05-21 00:50:44,253 [INFO] CodeEngine:279 - Generated code: C:\Users\mehmet.sahin\Desktop\Video_Lectures\Embedded_Systems\FreeRTOS\ST_CMSIS_V2\ST_Workspace\001_FREERTOS_CMSIS_V2_LAB_PREPARATION\MXTmpFiles\rtos_kernelInit.tmp
2023-05-21 00:50:44,259 [INFO] CodeEngine:255 - oldGeneratedFile, C:\Users\mehmet.sahin\Desktop\Video_Lectures\Embedded_Systems\FreeRTOS\ST_CMSIS_V2\ST_Workspace\001_FREERTOS_CMSIS_V2_LAB_PREPARATION\MXTmpFiles\rtos_kernelStart.tmp_save
2023-05-21 00:50:44,467 [INFO] CodeEngine:279 - Generated code: C:\Users\mehmet.sahin\Desktop\Video_Lectures\Embedded_Systems\FreeRTOS\ST_CMSIS_V2\ST_Workspace\001_FREERTOS_CMSIS_V2_LAB_PREPARATION\MXTmpFiles\rtos_kernelStart.tmp
2023-05-21 00:50:44,474 [INFO] CodeEngine:255 - oldGeneratedFile, C:\Users\mehmet.sahin\Desktop\Video_Lectures\Embedded_Systems\FreeRTOS\ST_CMSIS_V2\ST_Workspace\001_FREERTOS_CMSIS_V2_LAB_PREPARATION\MXTmpFiles\rtos_typedefs.tmp_save
2023-05-21 00:50:44,665 [INFO] CodeEngine:279 - Generated code: C:\Users\mehmet.sahin\Desktop\Video_Lectures\Embedded_Systems\FreeRTOS\ST_CMSIS_V2\ST_Workspace\001_FREERTOS_CMSIS_V2_LAB_PREPARATION\MXTmpFiles\rtos_typedefs.tmp
2023-05-21 00:50:44,672 [INFO] CodeEngine:255 - oldGeneratedFile, C:\Users\mehmet.sahin\Desktop\Video_Lectures\Embedded_Systems\FreeRTOS\ST_CMSIS_V2\ST_Workspace\001_FREERTOS_CMSIS_V2_LAB_PREPARATION\MXTmpFiles\rtos_vars.tmp_save
2023-05-21 00:50:44,869 [INFO] CodeEngine:279 - Generated code: C:\Users\mehmet.sahin\Desktop\Video_Lectures\Embedded_Systems\FreeRTOS\ST_CMSIS_V2\ST_Workspace\001_FREERTOS_CMSIS_V2_LAB_PREPARATION\MXTmpFiles\rtos_vars.tmp
2023-05-21 00:50:44,876 [INFO] CodeEngine:255 - oldGeneratedFile, C:\Users\mehmet.sahin\Desktop\Video_Lectures\Embedded_Systems\FreeRTOS\ST_CMSIS_V2\ST_Workspace\001_FREERTOS_CMSIS_V2_LAB_PREPARATION\MXTmpFiles\rtos_pfp.tmp_save
2023-05-21 00:50:45,146 [INFO] CodeEngine:279 - Generated code: C:\Users\mehmet.sahin\Desktop\Video_Lectures\Embedded_Systems\FreeRTOS\ST_CMSIS_V2\ST_Workspace\001_FREERTOS_CMSIS_V2_LAB_PREPARATION\MXTmpFiles\rtos_pfp.tmp
2023-05-21 00:50:45,153 [INFO] CodeEngine:255 - oldGeneratedFile, C:\Users\mehmet.sahin\Desktop\Video_Lectures\Embedded_Systems\FreeRTOS\ST_CMSIS_V2\ST_Workspace\001_FREERTOS_CMSIS_V2_LAB_PREPARATION\MXTmpFiles\rtos_obj_creat.tmp_save
2023-05-21 00:50:45,378 [INFO] CodeEngine:279 - Generated code: C:\Users\mehmet.sahin\Desktop\Video_Lectures\Embedded_Systems\FreeRTOS\ST_CMSIS_V2\ST_Workspace\001_FREERTOS_CMSIS_V2_LAB_PREPARATION\MXTmpFiles\rtos_obj_creat.tmp
2023-05-21 00:50:45,385 [INFO] CodeEngine:255 - oldGeneratedFile, C:\Users\mehmet.sahin\Desktop\Video_Lectures\Embedded_Systems\FreeRTOS\ST_CMSIS_V2\ST_Workspace\001_FREERTOS_CMSIS_V2_LAB_PREPARATION\MXTmpFiles\rtos_default_thread.tmp_save
2023-05-21 00:50:45,571 [INFO] CodeEngine:279 - Generated code: C:\Users\mehmet.sahin\Desktop\Video_Lectures\Embedded_Systems\FreeRTOS\ST_CMSIS_V2\ST_Workspace\001_FREERTOS_CMSIS_V2_LAB_PREPARATION\MXTmpFiles\rtos_default_thread.tmp
2023-05-21 00:50:45,577 [INFO] CodeEngine:255 - oldGeneratedFile, C:\Users\mehmet.sahin\Desktop\Video_Lectures\Embedded_Systems\FreeRTOS\ST_CMSIS_V2\ST_Workspace\001_FREERTOS_CMSIS_V2_LAB_PREPARATION\MXTmpFiles\rtos_threads.tmp_save
2023-05-21 00:50:45,721 [INFO] CodeEngine:279 - Generated code: C:\Users\mehmet.sahin\Desktop\Video_Lectures\Embedded_Systems\FreeRTOS\ST_CMSIS_V2\ST_Workspace\001_FREERTOS_CMSIS_V2_LAB_PREPARATION\MXTmpFiles\rtos_threads.tmp
2023-05-21 00:50:45,744 [INFO] Middleware:1439 - No code input for Bsp Dependency
2023-05-21 00:50:45,759 [INFO] CodeEngine:255 - oldGeneratedFile, C:\Users\mehmet.sahin\Desktop\Video_Lectures\Embedded_Systems\FreeRTOS\ST_CMSIS_V2\ST_Workspace\001_FREERTOS_CMSIS_V2_LAB_PREPARATION\MXTmpFiles\rtos_inc.tmp_save
2023-05-21 00:50:45,923 [INFO] CodeEngine:279 - Generated code: C:\Users\mehmet.sahin\Desktop\Video_Lectures\Embedded_Systems\FreeRTOS\ST_CMSIS_V2\ST_Workspace\001_FREERTOS_CMSIS_V2_LAB_PREPARATION\MXTmpFiles\rtos_inc.tmp
2023-05-21 00:50:45,933 [INFO] CodeEngine:255 - oldGeneratedFile, C:\Users\mehmet.sahin\Desktop\Video_Lectures\Embedded_Systems\FreeRTOS\ST_CMSIS_V2\ST_Workspace\001_FREERTOS_CMSIS_V2_LAB_PREPARATION\MXTmpFiles\rtos_kernelInit.tmp_save
2023-05-21 00:50:46,076 [INFO] CodeEngine:279 - Generated code: C:\Users\mehmet.sahin\Desktop\Video_Lectures\Embedded_Systems\FreeRTOS\ST_CMSIS_V2\ST_Workspace\001_FREERTOS_CMSIS_V2_LAB_PREPARATION\MXTmpFiles\rtos_kernelInit.tmp
2023-05-21 00:50:46,086 [INFO] CodeEngine:255 - oldGeneratedFile, C:\Users\mehmet.sahin\Desktop\Video_Lectures\Embedded_Systems\FreeRTOS\ST_CMSIS_V2\ST_Workspace\001_FREERTOS_CMSIS_V2_LAB_PREPARATION\MXTmpFiles\rtos_kernelStart.tmp_save
2023-05-21 00:50:46,221 [INFO] CodeEngine:279 - Generated code: C:\Users\mehmet.sahin\Desktop\Video_Lectures\Embedded_Systems\FreeRTOS\ST_CMSIS_V2\ST_Workspace\001_FREERTOS_CMSIS_V2_LAB_PREPARATION\MXTmpFiles\rtos_kernelStart.tmp
2023-05-21 00:50:46,232 [INFO] CodeEngine:255 - oldGeneratedFile, C:\Users\mehmet.sahin\Desktop\Video_Lectures\Embedded_Systems\FreeRTOS\ST_CMSIS_V2\ST_Workspace\001_FREERTOS_CMSIS_V2_LAB_PREPARATION\MXTmpFiles\rtos_typedefs.tmp_save
2023-05-21 00:50:46,360 [INFO] CodeEngine:279 - Generated code: C:\Users\mehmet.sahin\Desktop\Video_Lectures\Embedded_Systems\FreeRTOS\ST_CMSIS_V2\ST_Workspace\001_FREERTOS_CMSIS_V2_LAB_PREPARATION\MXTmpFiles\rtos_typedefs.tmp
2023-05-21 00:50:46,496 [INFO] CodeEngine:255 - oldGeneratedFile, C:\Users\mehmet.sahin\Desktop\Video_Lectures\Embedded_Systems\FreeRTOS\ST_CMSIS_V2\ST_Workspace\001_FREERTOS_CMSIS_V2_LAB_PREPARATION\MXTmpFiles\rtos_vars.tmp_save
2023-05-21 00:50:46,701 [INFO] CodeEngine:279 - Generated code: C:\Users\mehmet.sahin\Desktop\Video_Lectures\Embedded_Systems\FreeRTOS\ST_CMSIS_V2\ST_Workspace\001_FREERTOS_CMSIS_V2_LAB_PREPARATION\MXTmpFiles\rtos_vars.tmp
2023-05-21 00:50:46,711 [INFO] CodeEngine:255 - oldGeneratedFile, C:\Users\mehmet.sahin\Desktop\Video_Lectures\Embedded_Systems\FreeRTOS\ST_CMSIS_V2\ST_Workspace\001_FREERTOS_CMSIS_V2_LAB_PREPARATION\MXTmpFiles\rtos_pfp.tmp_save
2023-05-21 00:50:46,862 [INFO] CodeEngine:279 - Generated code: C:\Users\mehmet.sahin\Desktop\Video_Lectures\Embedded_Systems\FreeRTOS\ST_CMSIS_V2\ST_Workspace\001_FREERTOS_CMSIS_V2_LAB_PREPARATION\MXTmpFiles\rtos_pfp.tmp
2023-05-21 00:50:46,956 [INFO] CodeEngine:255 - oldGeneratedFile, C:\Users\mehmet.sahin\Desktop\Video_Lectures\Embedded_Systems\FreeRTOS\ST_CMSIS_V2\ST_Workspace\001_FREERTOS_CMSIS_V2_LAB_PREPARATION\MXTmpFiles\rtos_obj_creat.tmp_save
2023-05-21 00:50:47,174 [INFO] CodeEngine:279 - Generated code: C:\Users\mehmet.sahin\Desktop\Video_Lectures\Embedded_Systems\FreeRTOS\ST_CMSIS_V2\ST_Workspace\001_FREERTOS_CMSIS_V2_LAB_PREPARATION\MXTmpFiles\rtos_obj_creat.tmp
2023-05-21 00:50:47,186 [INFO] CodeEngine:255 - oldGeneratedFile, C:\Users\mehmet.sahin\Desktop\Video_Lectures\Embedded_Systems\FreeRTOS\ST_CMSIS_V2\ST_Workspace\001_FREERTOS_CMSIS_V2_LAB_PREPARATION\MXTmpFiles\rtos_default_thread.tmp_save
2023-05-21 00:50:47,392 [INFO] CodeEngine:279 - Generated code: C:\Users\mehmet.sahin\Desktop\Video_Lectures\Embedded_Systems\FreeRTOS\ST_CMSIS_V2\ST_Workspace\001_FREERTOS_CMSIS_V2_LAB_PREPARATION\MXTmpFiles\rtos_default_thread.tmp
2023-05-21 00:50:47,403 [INFO] CodeEngine:255 - oldGeneratedFile, C:\Users\mehmet.sahin\Desktop\Video_Lectures\Embedded_Systems\FreeRTOS\ST_CMSIS_V2\ST_Workspace\001_FREERTOS_CMSIS_V2_LAB_PREPARATION\MXTmpFiles\rtos_threads.tmp_save
2023-05-21 00:50:47,602 [INFO] CodeEngine:279 - Generated code: C:\Users\mehmet.sahin\Desktop\Video_Lectures\Embedded_Systems\FreeRTOS\ST_CMSIS_V2\ST_Workspace\001_FREERTOS_CMSIS_V2_LAB_PREPARATION\MXTmpFiles\rtos_threads.tmp
2023-05-21 00:50:47,627 [INFO] CodeEngine:255 - oldGeneratedFile, C:\Users\mehmet.sahin\Desktop\Video_Lectures\Embedded_Systems\FreeRTOS\ST_CMSIS_V2\ST_Workspace\001_FREERTOS_CMSIS_V2_LAB_PREPARATION\Core\Inc\FreeRTOSConfig.h_save
2023-05-21 00:50:47,889 [INFO] CodeEngine:279 - Generated code: C:\Users\mehmet.sahin\Desktop\Video_Lectures\Embedded_Systems\FreeRTOS\ST_CMSIS_V2\ST_Workspace\001_FREERTOS_CMSIS_V2_LAB_PREPARATION\Core\Inc\FreeRTOSConfig.h
2023-05-21 00:50:47,926 [INFO] CodeEngine:255 - oldGeneratedFile, C:\Users\mehmet.sahin\Desktop\Video_Lectures\Embedded_Systems\FreeRTOS\ST_CMSIS_V2\ST_Workspace\001_FREERTOS_CMSIS_V2_LAB_PREPARATION\Core\Src\freertos.c_save
2023-05-21 00:50:48,125 [INFO] CodeEngine:279 - Generated code: C:\Users\mehmet.sahin\Desktop\Video_Lectures\Embedded_Systems\FreeRTOS\ST_CMSIS_V2\ST_Workspace\001_FREERTOS_CMSIS_V2_LAB_PREPARATION\Core\Src\freertos.c
2023-05-21 00:50:48,241 [INFO] CodeEngine:255 - oldGeneratedFile, C:\Users\mehmet.sahin\Desktop\Video_Lectures\Embedded_Systems\FreeRTOS\ST_CMSIS_V2\ST_Workspace\001_FREERTOS_CMSIS_V2_LAB_PREPARATION\Core\Src\stm32f4xx_it.c_save
2023-05-21 00:50:48,566 [INFO] CodeEngine:279 - Generated code: C:\Users\mehmet.sahin\Desktop\Video_Lectures\Embedded_Systems\FreeRTOS\ST_CMSIS_V2\ST_Workspace\001_FREERTOS_CMSIS_V2_LAB_PREPARATION\Core\Src\stm32f4xx_it.c
2023-05-21 00:50:48,576 [INFO] CodeEngine:255 - oldGeneratedFile, C:\Users\mehmet.sahin\Desktop\Video_Lectures\Embedded_Systems\FreeRTOS\ST_CMSIS_V2\ST_Workspace\001_FREERTOS_CMSIS_V2_LAB_PREPARATION\Core\Inc\stm32f4xx_it.h_save
2023-05-21 00:50:48,794 [INFO] CodeEngine:279 - Generated code: C:\Users\mehmet.sahin\Desktop\Video_Lectures\Embedded_Systems\FreeRTOS\ST_CMSIS_V2\ST_Workspace\001_FREERTOS_CMSIS_V2_LAB_PREPARATION\Core\Inc\stm32f4xx_it.h
2023-05-21 00:50:48,885 [INFO] CodeEngine:255 - oldGeneratedFile, C:\Users\mehmet.sahin\Desktop\Video_Lectures\Embedded_Systems\FreeRTOS\ST_CMSIS_V2\ST_Workspace\001_FREERTOS_CMSIS_V2_LAB_PREPARATION\Core\Src\stm32f4xx_hal_msp.c_save
2023-05-21 00:50:49,263 [INFO] CodeEngine:279 - Generated code: C:\Users\mehmet.sahin\Desktop\Video_Lectures\Embedded_Systems\FreeRTOS\ST_CMSIS_V2\ST_Workspace\001_FREERTOS_CMSIS_V2_LAB_PREPARATION\Core\Src\stm32f4xx_hal_msp.c
2023-05-21 00:50:49,272 [INFO] CodeEngine:255 - oldGeneratedFile, C:\Users\mehmet.sahin\Desktop\Video_Lectures\Embedded_Systems\FreeRTOS\ST_CMSIS_V2\ST_Workspace\001_FREERTOS_CMSIS_V2_LAB_PREPARATION\MXTmpFiles\system.tmp_save
2023-05-21 00:50:49,441 [INFO] CodeEngine:279 - Generated code: C:\Users\mehmet.sahin\Desktop\Video_Lectures\Embedded_Systems\FreeRTOS\ST_CMSIS_V2\ST_Workspace\001_FREERTOS_CMSIS_V2_LAB_PREPARATION\MXTmpFiles\system.tmp
2023-05-21 00:50:49,472 [INFO] CodeEngine:255 - oldGeneratedFile, C:\Users\mehmet.sahin\Desktop\Video_Lectures\Embedded_Systems\FreeRTOS\ST_CMSIS_V2\ST_Workspace\001_FREERTOS_CMSIS_V2_LAB_PREPARATION\Core\Src\stm32f4xx_hal_timebase_tim.c_save
2023-05-21 00:50:49,620 [INFO] CodeEngine:279 - Generated code: C:\Users\mehmet.sahin\Desktop\Video_Lectures\Embedded_Systems\FreeRTOS\ST_CMSIS_V2\ST_Workspace\001_FREERTOS_CMSIS_V2_LAB_PREPARATION\Core\Src\stm32f4xx_hal_timebase_tim.c
2023-05-21 00:50:49,668 [INFO] CodeEngine:311 - oldGeneratedFile, C:\Users\mehmet.sahin\Desktop\Video_Lectures\Embedded_Systems\FreeRTOS\ST_CMSIS_V2\ST_Workspace\001_FREERTOS_CMSIS_V2_LAB_PREPARATION\Core\Inc\stm32f4xx_hal_conf.h_save
2023-05-21 00:50:49,938 [INFO] CodeEngine:335 - Generated code: C:\Users\mehmet.sahin\Desktop\Video_Lectures\Embedded_Systems\FreeRTOS\ST_CMSIS_V2\ST_Workspace\001_FREERTOS_CMSIS_V2_LAB_PREPARATION\Core\Inc\stm32f4xx_hal_conf.h
2023-05-21 00:50:50,052 [INFO] CodeEngine:255 - oldGeneratedFile, C:\Users\mehmet.sahin\Desktop\Video_Lectures\Embedded_Systems\FreeRTOS\ST_CMSIS_V2\ST_Workspace\001_FREERTOS_CMSIS_V2_LAB_PREPARATION\Core\Inc\main.h_save
2023-05-21 00:50:50,317 [INFO] CodeEngine:279 - Generated code: C:\Users\mehmet.sahin\Desktop\Video_Lectures\Embedded_Systems\FreeRTOS\ST_CMSIS_V2\ST_Workspace\001_FREERTOS_CMSIS_V2_LAB_PREPARATION\Core\Inc\main.h
2023-05-21 00:50:50,357 [INFO] CodeEngine:255 - oldGeneratedFile, C:\Users\mehmet.sahin\Desktop\Video_Lectures\Embedded_Systems\FreeRTOS\ST_CMSIS_V2\ST_Workspace\001_FREERTOS_CMSIS_V2_LAB_PREPARATION\Core\Src\main.c_save
2023-05-21 00:50:50,714 [INFO] CodeEngine:279 - Generated code: C:\Users\mehmet.sahin\Desktop\Video_Lectures\Embedded_Systems\FreeRTOS\ST_CMSIS_V2\ST_Workspace\001_FREERTOS_CMSIS_V2_LAB_PREPARATION\Core\Src\main.c
2023-05-21 00:50:52,520 [INFO] ProjectBuilder:2996 - Time for Copy HAL[1] : 446mS.
2023-05-21 00:50:52,623 [INFO] ProjectBuilder:4304 - Project Generator version: 3.19.2
2023-05-21 00:50:53,558 [INFO] ConfigFileManager:1483 - The Die is : DIE413
2023-05-21 00:50:53,567 [INFO] ApiDbMcu:507 - Load IP Config File for FATFS
2023-05-21 00:50:53,570 [INFO] ApiDbMcu:507 - Load IP Config File for LIBJPEG
2023-05-21 00:50:53,596 [INFO] ApiDbMcu:507 - Load IP Config File for LWIP
2023-05-21 00:50:53,608 [INFO] ApiDbMcu:507 - Load IP Config File for MBEDTLS
2023-05-21 00:50:53,624 [INFO] ApiDbMcu:507 - Load IP Config File for USB_DEVICE
2023-05-21 00:50:53,630 [INFO] ApiDbMcu:507 - Load IP Config File for USB_HOST
2023-05-21 00:50:55,864 [INFO] LogOutputStream:77 - [STDOUT_REDIRECT] 
2023-05-21 00:51:00,056 [INFO] ProjectBuilder:4505 - Time for Generating toolchain IDE Files: 7432mS.
2023-05-21 00:51:00,057 [INFO] ProjectBuilder:2867 - Time for Copy CMSIS : 1mS.
2023-05-21 00:51:00,069 [INFO] ProjectBuilder:2867 - Time for Copy CMSIS : 0mS.
